18:04:38.279  INFO  manager.ApplicationManager - All tests start in  ChromeDriver
18:04:40.917  INFO  manager.ApplicationManager - The current url is --->https://ilcarro-1578153671498.web.app/search
18:04:40.971  INFO  TestBase - Start Method with name --->searchAnePeriod
18:04:40.976  INFO  manager.ListenerWD - Before Find Element By -->By.cssSelector: .header a.logo
18:04:41.018  INFO  manager.ListenerWD - After Find Element By -->By.cssSelector: .header a.logo
18:04:41.267  INFO  manager.ListenerWD - Before Find Element By -->By.id: city
18:04:41.323  INFO  manager.ListenerWD - After Find Element By -->By.id: city
18:04:42.051  INFO  manager.ListenerWD - Before Find Element By -->By.cssSelector: div.pac-item
18:04:42.089  INFO  manager.ListenerWD - After Find Element By -->By.cssSelector: div.pac-item
18:04:42.135  INFO  manager.ListenerWD - Before Find Element By -->By.id: dates
18:04:42.164  INFO  manager.ListenerWD - After Find Element By -->By.id: dates
18:04:42.165  INFO  manager.HelperBase - OS is --->Windows 11
18:04:42.266  INFO  manager.ListenerWD - Before Find Element By -->By.id: dates
18:04:42.302  INFO  manager.ListenerWD - After Find Element By -->By.id: dates
18:04:42.462  INFO  manager.HelperBase - year --> 2022
18:04:42.463  INFO  manager.HelperBase - Day  of Month -->25
18:04:42.464  INFO  manager.HelperBase - Month value -->10
18:04:42.464  INFO  manager.ListenerWD - Before Find Element By -->By.cssSelector: button[aria-label='Next month']
18:04:42.502  INFO  manager.ListenerWD - After Find Element By -->By.cssSelector: button[aria-label='Next month']
18:04:42.595  INFO  manager.ListenerWD - Before Find Element By -->By.cssSelector: button[aria-label='Next month']
18:04:42.628  INFO  manager.ListenerWD - After Find Element By -->By.cssSelector: button[aria-label='Next month']
18:04:42.697  INFO  manager.ListenerWD - Before Find Element By -->By.xpath: //div[text()=' 20 ']
18:04:42.729  INFO  manager.ListenerWD - After Find Element By -->By.xpath: //div[text()=' 20 ']
18:04:42.805  INFO  manager.ListenerWD - Before Find Element By -->By.cssSelector: button[aria-label='Next month']
18:04:42.830  INFO  manager.ListenerWD - After Find Element By -->By.cssSelector: button[aria-label='Next month']
18:04:42.892  INFO  manager.ListenerWD - Before Find Element By -->By.xpath: //div[text()=' 18 ']
18:04:42.928  INFO  manager.ListenerWD - After Find Element By -->By.xpath: //div[text()=' 18 ']
18:04:43.054  INFO  manager.ListenerWD - Before Find Element By -->By.cssSelector: button[type='submit']
18:04:43.084  INFO  manager.ListenerWD - After Find Element By -->By.cssSelector: button[type='submit']
18:04:43.135  INFO  manager.ListenerWD - Before Find Element By -->By.cssSelector: button[type='submit']
18:04:43.158  INFO  manager.ListenerWD - After Find Element By -->By.cssSelector: button[type='submit']
18:04:43.266  INFO  manager.ListenerWD - Before Find Elements By -->By.cssSelector: a.car-container
18:04:44.106  INFO  manager.ListenerWD - After Find Elements By -->By.cssSelector: a.car-container
18:04:44.107  INFO  manager.ListenerWD - List size is -->1
18:04:44.112  INFO  manager.ListenerWD - Before Find Element By -->By.cssSelector: input[aria-haspopup='dialog']
18:04:44.147  INFO  manager.ListenerWD - After Find Element By -->By.cssSelector: input[aria-haspopup='dialog']
