17:33:25.522  INFO  manager.ApplicationManager - Chrome Driver was opened
17:33:28.020  INFO  manager.ApplicationManager - Current URL is -->https://ilcarro-1578153671498.web.app/search
17:33:28.122  INFO  manager.ListenerWD - Before Find Elements By -->By.xpath: //a[text()=' Logout ']
17:33:33.143  INFO  manager.ListenerWD - After Find Elements By -->By.xpath: //a[text()=' Logout ']
17:33:33.143  INFO  manager.ListenerWD - List size is -->0
17:33:33.144  INFO  manager.ListenerWD - Before Find Element By -->By.cssSelector: a[href ^='/login']
17:33:33.168  INFO  manager.ListenerWD - After Find Element By -->By.cssSelector: a[href ^='/login']
17:33:33.242  INFO  manager.ListenerWD - Before Find Element By -->By.id: email
17:33:33.270  INFO  manager.ListenerWD - After Find Element By -->By.id: email
17:33:33.435  INFO  manager.ListenerWD - Before Find Element By -->By.id: password
17:33:33.470  INFO  manager.ListenerWD - After Find Element By -->By.id: password
17:33:33.631  INFO  manager.ListenerWD - Before Find Element By -->By.cssSelector: button[type='submit']
17:33:33.659  INFO  manager.ListenerWD - After Find Element By -->By.cssSelector: button[type='submit']
17:33:33.706  INFO  manager.ListenerWD - Before Find Element By -->By.cssSelector: button[type='submit']
17:33:33.730  INFO  manager.ListenerWD - After Find Element By -->By.cssSelector: button[type='submit']
17:33:33.815  INFO  manager.ListenerWD - Before Find Elements By -->By.xpath: //button[text()='Ok']
17:33:34.255  INFO  manager.ListenerWD - After Find Elements By -->By.xpath: //button[text()='Ok']
17:33:34.255  INFO  manager.ListenerWD - List size is -->1
17:33:34.255  INFO  manager.ListenerWD - Before Find Element By -->By.xpath: //button[text()='Ok']
17:33:34.280  INFO  manager.ListenerWD - After Find Element By -->By.xpath: //button[text()='Ok']
17:33:34.317  INFO  TestBase - Test AddNewCarTests start preCondition - run with email: evnikel@gmail.com and password: Elena1234$@
17:33:34.837  INFO  manager.ListenerWD - Before Find Element By -->By.id: 1
17:33:34.920  INFO  manager.ListenerWD - After Find Element By -->By.id: 1
17:33:35.045  INFO  manager.ListenerWD - Before Find Element By -->By.id: pickUpPlace
17:33:35.066  INFO  manager.ListenerWD - After Find Element By -->By.id: pickUpPlace
17:33:35.208  INFO  manager.ListenerWD - Before Find Element By -->By.cssSelector: div.pac-item
17:33:35.653  INFO  manager.ListenerWD - After Find Element By -->By.cssSelector: div.pac-item
17:33:36.218  INFO  manager.ListenerWD - Before Find Element By -->By.id: make
17:33:36.238  INFO  manager.ListenerWD - After Find Element By -->By.id: make
17:33:36.350  INFO  manager.ListenerWD - Before Find Element By -->By.id: model
17:33:36.373  INFO  manager.ListenerWD - After Find Element By -->By.id: model
17:33:36.486  INFO  manager.ListenerWD - Before Find Element By -->By.id: year
17:33:36.510  INFO  manager.ListenerWD - After Find Element By -->By.id: year
17:33:36.661  INFO  manager.ListenerWD - Before Find Element By -->By.id: engine
17:33:36.679  INFO  manager.ListenerWD - After Find Element By -->By.id: engine
17:33:36.806  INFO  manager.ListenerWD - Before Find Element By -->By.id: fuel
17:33:36.826  INFO  manager.ListenerWD - After Find Element By -->By.id: fuel
17:33:36.906  INFO  manager.ListenerWD - Before Find Element By -->By.id: gear
17:33:36.929  INFO  manager.ListenerWD - After Find Element By -->By.id: gear
17:33:37.012  INFO  manager.ListenerWD - Before Find Element By -->By.id: wheelsDrive
17:33:37.034  INFO  manager.ListenerWD - After Find Element By -->By.id: wheelsDrive
17:33:37.115  INFO  manager.ListenerWD - Before Find Element By -->By.id: doors
17:33:37.138  INFO  manager.ListenerWD - After Find Element By -->By.id: doors
17:33:37.289  INFO  manager.ListenerWD - Before Find Element By -->By.id: seats
17:33:37.320  INFO  manager.ListenerWD - After Find Element By -->By.id: seats
17:33:37.480  INFO  manager.ListenerWD - Before Find Element By -->By.id: class
17:33:37.506  INFO  manager.ListenerWD - After Find Element By -->By.id: class
17:33:37.636  INFO  manager.ListenerWD - Before Find Element By -->By.id: fuelConsumption
17:33:37.658  INFO  manager.ListenerWD - After Find Element By -->By.id: fuelConsumption
17:33:37.812  INFO  manager.ListenerWD - Before Find Element By -->By.id: serialNumber
17:33:37.834  INFO  manager.ListenerWD - After Find Element By -->By.id: serialNumber
17:33:37.971  INFO  manager.ListenerWD - Before Find Element By -->By.id: price
17:33:37.991  INFO  manager.ListenerWD - After Find Element By -->By.id: price
17:33:38.122  INFO  manager.ListenerWD - Before Find Element By -->By.id: distance
17:33:38.140  INFO  manager.ListenerWD - After Find Element By -->By.id: distance
17:33:38.279  INFO  manager.ListenerWD - Before Find Element By -->By.cssSelector: .feature-input
17:33:38.297  INFO  manager.ListenerWD - After Find Element By -->By.cssSelector: .feature-input
17:33:38.443  INFO  manager.ListenerWD - Before Find Element By -->By.id: about
17:33:38.467  INFO  manager.ListenerWD - After Find Element By -->By.id: about
17:33:38.584  INFO  manager.ListenerWD - Before Find Element By -->By.id: photos
17:33:38.600  INFO  manager.ListenerWD - After Find Element By -->By.id: photos
17:33:38.642  INFO  manager.ListenerWD - Before Find Element By -->By.cssSelector: button[type='submit']
17:33:38.661  INFO  manager.ListenerWD - After Find Element By -->By.cssSelector: button[type='submit']
17:33:40.399  INFO  manager.ListenerWD - Before Find Element By -->By.cssSelector: button[type='submit']
17:33:40.440  INFO  manager.ListenerWD - After Find Element By -->By.cssSelector: button[type='submit']
17:33:40.605  INFO  TestBase - Tests start addCarSuccess with data----->Car(location=Haifa, Israel, make=BMW, model=M5, year=2020, engine=2.5, fuel=Petrol, gear=AT, wD=AWD, doors=5, seats=4, clasS=C, fuelConsumption=6.5, carRegistrationNumber=11-000-739, price=65, distanceIncluded=800, features=Type of features, about=very nice car)
17:33:40.605  INFO  manager.ListenerWD - Before Find Element By -->By.cssSelector: div.dialog-container
17:33:42.061  INFO  manager.ListenerWD - After Find Element By -->By.cssSelector: div.dialog-container
17:33:42.088  INFO  manager.ListenerWD - Before Find Element By -->By.cssSelector: div.dialog-container>h1
17:33:42.120  INFO  manager.ListenerWD - After Find Element By -->By.cssSelector: div.dialog-container>h1
17:33:42.141  INFO  TestBase - Assert ------> Car added
17:33:42.144  INFO  manager.ListenerWD - Before Find Element By -->By.xpath: //button[text()='Search cars']
17:33:42.168  INFO  manager.ListenerWD - After Find Element By -->By.xpath: //button[text()='Search cars']
17:33:42.220  INFO  TestBase - Return ------> Search cars
17:33:42.229  INFO  TestBase - Start checking authorization
17:33:42.229  INFO  manager.ListenerWD - Before Find Elements By -->By.xpath: //a[text()=' Logout ']
17:33:42.251  INFO  manager.ListenerWD - After Find Elements By -->By.xpath: //a[text()=' Logout ']
17:33:42.252  INFO  manager.ListenerWD - List size is -->1
17:33:42.252  INFO  manager.ListenerWD - Before Find Element By -->By.xpath: //a[text()=' Logout ']
17:33:42.275  INFO  manager.ListenerWD - After Find Element By -->By.xpath: //a[text()=' Logout ']
17:33:42.451  INFO  TestBase - Test was needed in logout 
17:33:42.454  INFO  TestBase - Test LoginTests start with name ----->email: evnikel@gmail.compasswordElena1234$@
17:33:42.454  INFO  manager.ListenerWD - Before Find Element By -->By.cssSelector: a[href ^='/login']
17:33:42.480  INFO  manager.ListenerWD - After Find Element By -->By.cssSelector: a[href ^='/login']
17:33:42.575  INFO  manager.ListenerWD - Before Find Element By -->By.id: email
17:33:42.597  INFO  manager.ListenerWD - After Find Element By -->By.id: email
17:33:42.805  INFO  manager.ListenerWD - Before Find Element By -->By.id: password
17:33:42.824  INFO  manager.ListenerWD - After Find Element By -->By.id: password
17:33:42.986  INFO  TestBase - User login data: email: evnikel@gmail.com & password Elena1234$@
17:33:42.987  INFO  manager.ListenerWD - Before Find Element By -->By.cssSelector: button[type='submit']
17:33:43.009  INFO  manager.ListenerWD - After Find Element By -->By.cssSelector: button[type='submit']
17:33:43.049  INFO  manager.ListenerWD - Before Find Element By -->By.cssSelector: button[type='submit']
17:33:43.075  INFO  manager.ListenerWD - After Find Element By -->By.cssSelector: button[type='submit']
17:33:43.151  INFO  TestBase - Assert ---> Logged in success 
17:33:43.152  INFO  manager.ListenerWD - Before Find Element By -->By.cssSelector: div.dialog-container
17:33:43.608  INFO  manager.ListenerWD - After Find Element By -->By.cssSelector: div.dialog-container
17:33:43.656  INFO  manager.ListenerWD - Before Find Element By -->By.cssSelector: h2.message
17:33:43.715  INFO  manager.ListenerWD - After Find Element By -->By.cssSelector: h2.message
17:33:44.273  INFO  manager.ListenerWD - Before Find Elements By -->By.xpath: //button[text()='Ok']
17:33:44.289  INFO  manager.ListenerWD - After Find Elements By -->By.xpath: //button[text()='Ok']
17:33:44.289  INFO  manager.ListenerWD - List size is -->1
17:33:44.289  INFO  manager.ListenerWD - Before Find Element By -->By.xpath: //button[text()='Ok']
17:33:44.307  INFO  manager.ListenerWD - After Find Element By -->By.xpath: //button[text()='Ok']
17:33:44.363  INFO  TestBase - Start checking authorization
17:33:44.365  INFO  manager.ListenerWD - Before Find Elements By -->By.xpath: //a[text()=' Logout ']
17:33:44.394  INFO  manager.ListenerWD - After Find Elements By -->By.xpath: //a[text()=' Logout ']
17:33:44.395  INFO  manager.ListenerWD - List size is -->1
17:33:44.395  INFO  manager.ListenerWD - Before Find Element By -->By.xpath: //a[text()=' Logout ']
17:33:44.415  INFO  manager.ListenerWD - After Find Element By -->By.xpath: //a[text()=' Logout ']
17:33:44.567  INFO  TestBase - Test was needed in logout 
17:33:44.568  INFO  TestBase - Test LoginTests start with name ----->email: evnikel@gmail.compasswordElena1234$@
17:33:44.569  INFO  manager.ListenerWD - Before Find Element By -->By.cssSelector: a[href ^='/login']
17:33:44.594  INFO  manager.ListenerWD - After Find Element By -->By.cssSelector: a[href ^='/login']
17:33:44.675  INFO  manager.ListenerWD - Before Find Element By -->By.id: email
17:33:44.696  INFO  manager.ListenerWD - After Find Element By -->By.id: email
17:33:44.908  INFO  manager.ListenerWD - Before Find Element By -->By.id: password
17:33:44.925  INFO  manager.ListenerWD - After Find Element By -->By.id: password
17:33:45.057  INFO  TestBase - User login data: email: evnikel@gmail.com & password Elena1234$@
17:33:45.057  INFO  manager.ListenerWD - Before Find Element By -->By.cssSelector: button[type='submit']
17:33:45.074  INFO  manager.ListenerWD - After Find Element By -->By.cssSelector: button[type='submit']
17:33:45.111  INFO  manager.ListenerWD - Before Find Element By -->By.cssSelector: button[type='submit']
17:33:45.138  INFO  manager.ListenerWD - After Find Element By -->By.cssSelector: button[type='submit']
17:33:45.225  INFO  TestBase - Assert ---> Logged in success 
17:33:45.226  INFO  manager.ListenerWD - Before Find Element By -->By.cssSelector: div.dialog-container
17:33:45.640  INFO  manager.ListenerWD - After Find Element By -->By.cssSelector: div.dialog-container
17:33:45.670  INFO  manager.ListenerWD - Before Find Element By -->By.cssSelector: h2.message
17:33:45.693  INFO  manager.ListenerWD - After Find Element By -->By.cssSelector: h2.message
17:33:46.222  INFO  manager.ListenerWD - Before Find Elements By -->By.xpath: //button[text()='Ok']
17:33:46.272  INFO  manager.ListenerWD - After Find Elements By -->By.xpath: //button[text()='Ok']
17:33:46.273  INFO  manager.ListenerWD - List size is -->1
17:33:46.274  INFO  manager.ListenerWD - Before Find Element By -->By.xpath: //button[text()='Ok']
17:33:46.320  INFO  manager.ListenerWD - After Find Element By -->By.xpath: //button[text()='Ok']
17:33:46.429  INFO  TestBase - Start checking authorization
17:33:46.431  INFO  manager.ListenerWD - Before Find Elements By -->By.xpath: //a[text()=' Logout ']
17:33:46.489  INFO  manager.ListenerWD - After Find Elements By -->By.xpath: //a[text()=' Logout ']
17:33:46.489  INFO  manager.ListenerWD - List size is -->1
17:33:46.489  INFO  manager.ListenerWD - Before Find Element By -->By.xpath: //a[text()=' Logout ']
17:33:46.583  INFO  manager.ListenerWD - After Find Element By -->By.xpath: //a[text()=' Logout ']
17:33:46.726  INFO  TestBase - Test was needed in logout 
17:33:46.730  INFO  TestBase - Test LoginTests start with name ----->email: evnikel@gmail.compasswordElena1234$@
17:33:46.731  INFO  manager.ListenerWD - Before Find Element By -->By.cssSelector: a[href ^='/login']
17:33:46.756  INFO  manager.ListenerWD - After Find Element By -->By.cssSelector: a[href ^='/login']
17:33:46.874  INFO  manager.ListenerWD - Before Find Element By -->By.id: email
17:33:46.895  INFO  manager.ListenerWD - After Find Element By -->By.id: email
17:33:47.065  INFO  manager.ListenerWD - Before Find Element By -->By.id: password
17:33:47.082  INFO  manager.ListenerWD - After Find Element By -->By.id: password
17:33:47.229  INFO  TestBase - User login data: email: evnikel@gmail.com & password Elena1234$@
17:33:47.230  INFO  manager.ListenerWD - Before Find Element By -->By.cssSelector: button[type='submit']
17:33:47.254  INFO  manager.ListenerWD - After Find Element By -->By.cssSelector: button[type='submit']
17:33:47.292  INFO  manager.ListenerWD - Before Find Element By -->By.cssSelector: button[type='submit']
17:33:47.315  INFO  manager.ListenerWD - After Find Element By -->By.cssSelector: button[type='submit']
17:33:47.399  INFO  TestBase - Assert ---> Logged in success 
17:33:47.399  INFO  manager.ListenerWD - Before Find Element By -->By.cssSelector: div.dialog-container
17:33:47.828  INFO  manager.ListenerWD - After Find Element By -->By.cssSelector: div.dialog-container
17:33:47.878  INFO  manager.ListenerWD - Before Find Element By -->By.cssSelector: h2.message
17:33:47.933  INFO  manager.ListenerWD - After Find Element By -->By.cssSelector: h2.message
17:33:48.497  INFO  manager.ListenerWD - Before Find Elements By -->By.xpath: //button[text()='Ok']
17:33:48.540  INFO  manager.ListenerWD - After Find Elements By -->By.xpath: //button[text()='Ok']
17:33:48.541  INFO  manager.ListenerWD - List size is -->1
17:33:48.542  INFO  manager.ListenerWD - Before Find Element By -->By.xpath: //button[text()='Ok']
17:33:48.582  INFO  manager.ListenerWD - After Find Element By -->By.xpath: //button[text()='Ok']
17:33:48.696  INFO  TestBase - Start checking authorization
17:33:48.697  INFO  manager.ListenerWD - Before Find Elements By -->By.xpath: //a[text()=' Logout ']
17:33:48.742  INFO  manager.ListenerWD - After Find Elements By -->By.xpath: //a[text()=' Logout ']
17:33:48.743  INFO  manager.ListenerWD - List size is -->1
17:33:48.743  INFO  manager.ListenerWD - Before Find Element By -->By.xpath: //a[text()=' Logout ']
17:33:48.868  INFO  manager.ListenerWD - After Find Element By -->By.xpath: //a[text()=' Logout ']
17:33:49.108  INFO  TestBase - Test was needed in logout 
17:33:49.110  INFO  manager.ListenerWD - Before Find Element By -->By.xpath: //a[text()='Log in']
17:33:49.144  INFO  manager.ListenerWD - After Find Element By -->By.xpath: //a[text()='Log in']
17:33:49.495  INFO  manager.ListenerWD - Before Find Element By -->By.id: email
17:33:49.510  INFO  manager.ListenerWD - After Find Element By -->By.id: email
17:33:49.721  INFO  manager.ListenerWD - Before Find Element By -->By.id: password
17:33:49.753  INFO  manager.ListenerWD - After Find Element By -->By.id: password
17:33:49.936  INFO  TestBase - Test start loginSuccessModels - run with username and passwordUser{name='null', lastname='null', email='evnikel@gmail.com', password='Elena1234$@', phone='null'}
17:33:49.936  INFO  manager.ListenerWD - Before Find Element By -->By.cssSelector: button[type='submit']
17:33:49.957  INFO  manager.ListenerWD - After Find Element By -->By.cssSelector: button[type='submit']
17:33:49.990  INFO  manager.ListenerWD - Before Find Element By -->By.cssSelector: button[type='submit']
17:33:50.006  INFO  manager.ListenerWD - After Find Element By -->By.cssSelector: button[type='submit']
17:33:50.069  INFO  TestBase - Assert-----> Logged in success
17:33:50.069  INFO  manager.ListenerWD - Before Find Element By -->By.cssSelector: div.dialog-container
17:33:50.539  INFO  manager.ListenerWD - After Find Element By -->By.cssSelector: div.dialog-container
17:33:50.556  INFO  manager.ListenerWD - Before Find Element By -->By.cssSelector: h2.message
17:33:50.571  INFO  manager.ListenerWD - After Find Element By -->By.cssSelector: h2.message
17:33:50.591  INFO  manager.ListenerWD - Before Find Elements By -->By.xpath: //button[text()='Ok']
17:33:50.607  INFO  manager.ListenerWD - After Find Elements By -->By.xpath: //button[text()='Ok']
17:33:50.607  INFO  manager.ListenerWD - List size is -->1
17:33:50.607  INFO  manager.ListenerWD - Before Find Element By -->By.xpath: //button[text()='Ok']
17:33:50.623  INFO  manager.ListenerWD - After Find Element By -->By.xpath: //button[text()='Ok']
17:33:50.676  INFO  TestBase - Start checking authorization
17:33:50.676  INFO  manager.ListenerWD - Before Find Elements By -->By.xpath: //a[text()=' Logout ']
17:33:50.696  INFO  manager.ListenerWD - After Find Elements By -->By.xpath: //a[text()=' Logout ']
17:33:50.696  INFO  manager.ListenerWD - List size is -->1
17:33:50.696  INFO  manager.ListenerWD - Before Find Element By -->By.xpath: //a[text()=' Logout ']
17:33:50.713  INFO  manager.ListenerWD - After Find Element By -->By.xpath: //a[text()=' Logout ']
17:33:50.805  INFO  TestBase - Test was needed in logout 
17:33:50.806  INFO  TestBase - Login scenario success was used dataUser{name='null', lastname='null', email='evnikel@gmail.com', password='Elena1234$@', phone='null'}
17:33:50.807  INFO  manager.ListenerWD - Before Find Element By -->By.xpath: //a[text()='Log in']
17:33:50.878  INFO  manager.ListenerWD - After Find Element By -->By.xpath: //a[text()='Log in']
17:33:51.121  INFO  manager.ListenerWD - Before Find Element By -->By.id: email
17:33:51.141  INFO  manager.ListenerWD - After Find Element By -->By.id: email
17:33:51.396  INFO  manager.ListenerWD - Before Find Element By -->By.id: password
17:33:51.411  INFO  manager.ListenerWD - After Find Element By -->By.id: password
17:33:51.556  INFO  TestBase - Test start loginSuccessModels - run with username and passwordUser{name='null', lastname='null', email='evnikel@gmail.com', password='Elena1234$@', phone='null'}
17:33:51.556  INFO  manager.ListenerWD - Before Find Element By -->By.cssSelector: button[type='submit']
17:33:51.573  INFO  manager.ListenerWD - After Find Element By -->By.cssSelector: button[type='submit']
17:33:51.608  INFO  manager.ListenerWD - Before Find Element By -->By.cssSelector: button[type='submit']
17:33:51.630  INFO  manager.ListenerWD - After Find Element By -->By.cssSelector: button[type='submit']
17:33:51.700  INFO  TestBase - Assert-----> Logged in success
17:33:51.701  INFO  manager.ListenerWD - Before Find Element By -->By.cssSelector: div.dialog-container
17:33:52.132  INFO  manager.ListenerWD - After Find Element By -->By.cssSelector: div.dialog-container
17:33:52.180  INFO  manager.ListenerWD - Before Find Element By -->By.cssSelector: h2.message
17:33:52.240  INFO  manager.ListenerWD - After Find Element By -->By.cssSelector: h2.message
17:33:52.293  INFO  manager.ListenerWD - Before Find Elements By -->By.xpath: //button[text()='Ok']
17:33:52.335  INFO  manager.ListenerWD - After Find Elements By -->By.xpath: //button[text()='Ok']
17:33:52.336  INFO  manager.ListenerWD - List size is -->1
17:33:52.337  INFO  manager.ListenerWD - Before Find Element By -->By.xpath: //button[text()='Ok']
17:33:52.380  INFO  manager.ListenerWD - After Find Element By -->By.xpath: //button[text()='Ok']
17:33:52.506  INFO  TestBase - Start checking authorization
17:33:52.507  INFO  manager.ListenerWD - Before Find Elements By -->By.xpath: //a[text()=' Logout ']
17:33:52.547  INFO  manager.ListenerWD - After Find Elements By -->By.xpath: //a[text()=' Logout ']
17:33:52.547  INFO  manager.ListenerWD - List size is -->1
17:33:52.547  INFO  manager.ListenerWD - Before Find Element By -->By.xpath: //a[text()=' Logout ']
17:33:52.587  INFO  manager.ListenerWD - After Find Element By -->By.xpath: //a[text()=' Logout ']
17:33:52.803  INFO  TestBase - Test was needed in logout 
17:33:52.804  INFO  TestBase - Login scenario success was used dataUser{name='null', lastname='null', email='evnikel@gmail.com', password='Elena1234$@', phone='null'}
17:33:52.804  INFO  manager.ListenerWD - Before Find Element By -->By.xpath: //a[text()='Log in']
17:33:52.826  INFO  manager.ListenerWD - After Find Element By -->By.xpath: //a[text()='Log in']
17:33:53.053  INFO  manager.ListenerWD - Before Find Element By -->By.id: email
17:33:53.069  INFO  manager.ListenerWD - After Find Element By -->By.id: email
17:33:53.272  INFO  manager.ListenerWD - Before Find Element By -->By.id: password
17:33:53.286  INFO  manager.ListenerWD - After Find Element By -->By.id: password
17:33:53.438  INFO  TestBase - Test start loginSuccessModels - run with username and passwordUser{name='null', lastname='null', email='evnikel@gmail.com', password='Elena1234$@', phone='null'}
17:33:53.439  INFO  manager.ListenerWD - Before Find Element By -->By.cssSelector: button[type='submit']
17:33:53.457  INFO  manager.ListenerWD - After Find Element By -->By.cssSelector: button[type='submit']
17:33:53.503  INFO  manager.ListenerWD - Before Find Element By -->By.cssSelector: button[type='submit']
17:33:53.523  INFO  manager.ListenerWD - After Find Element By -->By.cssSelector: button[type='submit']
17:33:53.604  INFO  TestBase - Assert-----> Logged in success
17:33:53.604  INFO  manager.ListenerWD - Before Find Element By -->By.cssSelector: div.dialog-container
17:33:54.053  INFO  manager.ListenerWD - After Find Element By -->By.cssSelector: div.dialog-container
17:33:54.079  INFO  manager.ListenerWD - Before Find Element By -->By.cssSelector: h2.message
17:33:54.102  INFO  manager.ListenerWD - After Find Element By -->By.cssSelector: h2.message
17:33:54.125  INFO  manager.ListenerWD - Before Find Elements By -->By.xpath: //button[text()='Ok']
17:33:54.155  INFO  manager.ListenerWD - After Find Elements By -->By.xpath: //button[text()='Ok']
17:33:54.155  INFO  manager.ListenerWD - List size is -->1
17:33:54.155  INFO  manager.ListenerWD - Before Find Element By -->By.xpath: //button[text()='Ok']
17:33:54.173  INFO  manager.ListenerWD - After Find Element By -->By.xpath: //button[text()='Ok']
17:33:54.228  INFO  TestBase - Start checking authorization
17:33:54.228  INFO  manager.ListenerWD - Before Find Elements By -->By.xpath: //a[text()=' Logout ']
17:33:54.250  INFO  manager.ListenerWD - After Find Elements By -->By.xpath: //a[text()=' Logout ']
17:33:54.250  INFO  manager.ListenerWD - List size is -->1
17:33:54.250  INFO  manager.ListenerWD - Before Find Element By -->By.xpath: //a[text()=' Logout ']
17:33:54.268  INFO  manager.ListenerWD - After Find Element By -->By.xpath: //a[text()=' Logout ']
17:33:54.431  INFO  TestBase - Test was needed in logout 
17:33:54.433  INFO  TestBase - Login scenario success was used dataUser{name='null', lastname='null', email='evnikel@gmail.com', password='Elena1234$@', phone='null'}
17:33:54.433  INFO  manager.ListenerWD - Before Find Element By -->By.xpath: //a[text()='Log in']
17:33:54.473  INFO  manager.ListenerWD - After Find Element By -->By.xpath: //a[text()='Log in']
17:33:54.718  INFO  manager.ListenerWD - Before Find Element By -->By.id: email
17:33:54.737  INFO  manager.ListenerWD - After Find Element By -->By.id: email
17:33:54.939  INFO  manager.ListenerWD - Before Find Element By -->By.id: password
17:33:54.956  INFO  manager.ListenerWD - After Find Element By -->By.id: password
17:33:55.109  INFO  TestBase - Test start loginSuccessModels - run with username and passwordUser{name='null', lastname='null', email='evnikel@gmail.com', password='Elena1234$@', phone='null'}
17:33:55.109  INFO  manager.ListenerWD - Before Find Element By -->By.cssSelector: button[type='submit']
17:33:55.125  INFO  manager.ListenerWD - After Find Element By -->By.cssSelector: button[type='submit']
17:33:55.153  INFO  manager.ListenerWD - Before Find Element By -->By.cssSelector: button[type='submit']
17:33:55.171  INFO  manager.ListenerWD - After Find Element By -->By.cssSelector: button[type='submit']
17:33:55.285  INFO  TestBase - Assert-----> Logged in success
17:33:55.286  INFO  manager.ListenerWD - Before Find Element By -->By.cssSelector: div.dialog-container
17:33:55.714  INFO  manager.ListenerWD - After Find Element By -->By.cssSelector: div.dialog-container
17:33:55.759  INFO  manager.ListenerWD - Before Find Element By -->By.cssSelector: h2.message
17:33:55.809  INFO  manager.ListenerWD - After Find Element By -->By.cssSelector: h2.message
17:33:55.861  INFO  manager.ListenerWD - Before Find Elements By -->By.xpath: //button[text()='Ok']
17:33:55.905  INFO  manager.ListenerWD - After Find Elements By -->By.xpath: //button[text()='Ok']
17:33:55.905  INFO  manager.ListenerWD - List size is -->1
17:33:55.905  INFO  manager.ListenerWD - Before Find Element By -->By.xpath: //button[text()='Ok']
17:33:55.946  INFO  manager.ListenerWD - After Find Element By -->By.xpath: //button[text()='Ok']
17:33:56.066  INFO  TestBase - Start checking authorization
17:33:56.067  INFO  manager.ListenerWD - Before Find Elements By -->By.xpath: //a[text()=' Logout ']
17:33:56.107  INFO  manager.ListenerWD - After Find Elements By -->By.xpath: //a[text()=' Logout ']
17:33:56.107  INFO  manager.ListenerWD - List size is -->1
17:33:56.108  INFO  manager.ListenerWD - Before Find Element By -->By.xpath: //a[text()=' Logout ']
17:33:56.144  INFO  manager.ListenerWD - After Find Element By -->By.xpath: //a[text()=' Logout ']
17:33:56.458  INFO  TestBase - Test was needed in logout 
17:33:56.459  INFO  manager.ListenerWD - Before Find Element By -->By.cssSelector: a[href ^='/login']
17:33:56.484  INFO  manager.ListenerWD - After Find Element By -->By.cssSelector: a[href ^='/login']
17:33:56.553  INFO  manager.ListenerWD - Before Find Element By -->By.id: email
17:33:56.568  INFO  manager.ListenerWD - After Find Element By -->By.id: email
17:33:56.725  INFO  manager.ListenerWD - Before Find Element By -->By.id: password
17:33:56.739  INFO  manager.ListenerWD - After Find Element By -->By.id: password
17:33:56.868  INFO  TestBase - Test start negativeWrongEmail - run with username and passwordUser{name='null', lastname='null', email='evnikelgmail.com', password='Elena1234$@', phone='null'}
17:33:56.869  INFO  manager.ListenerWD - Before Find Element By -->By.cssSelector: div.error>div
17:33:56.887  INFO  manager.ListenerWD - After Find Element By -->By.cssSelector: div.error>div
17:33:56.903  INFO  TestBase - Assert error Message-----> It'snot look like email
17:33:56.904  INFO  manager.ListenerWD - Before Find Elements By -->By.cssSelector: button[disabled]
17:33:56.924  INFO  manager.ListenerWD - After Find Elements By -->By.cssSelector: button[disabled]
17:33:56.925  INFO  manager.ListenerWD - List size is -->1
17:33:56.925  INFO  manager.ListenerWD - Before Find Element By -->By.cssSelector: [type='submit']
17:33:56.947  INFO  manager.ListenerWD - After Find Element By -->By.cssSelector: [type='submit']
17:33:56.960  INFO  TestBase - Assert ------> isYallaButtonNotActive
17:33:56.961  INFO  manager.ListenerWD - Before Find Elements By -->By.xpath: //button[text()='Ok']
17:34:01.976  INFO  manager.ListenerWD - After Find Elements By -->By.xpath: //button[text()='Ok']
17:34:01.977  INFO  manager.ListenerWD - List size is -->0
17:34:01.981  INFO  TestBase - Start checking authorization
17:34:01.981  INFO  manager.ListenerWD - Before Find Elements By -->By.xpath: //a[text()=' Logout ']
17:34:07.028  INFO  manager.ListenerWD - After Find Elements By -->By.xpath: //a[text()=' Logout ']
17:34:07.028  INFO  manager.ListenerWD - List size is -->0
17:34:07.028  INFO  TestBase - Test was not needed in logout 
17:34:07.029  INFO  manager.ListenerWD - Before Find Element By -->By.cssSelector: a[href ^='/login']
17:34:07.041  INFO  manager.ListenerWD - After Find Element By -->By.cssSelector: a[href ^='/login']
17:34:07.071  INFO  manager.ListenerWD - Before Find Element By -->By.id: email
17:34:07.087  INFO  manager.ListenerWD - After Find Element By -->By.id: email
17:34:07.201  INFO  manager.ListenerWD - Before Find Element By -->By.id: password
17:34:07.215  INFO  manager.ListenerWD - After Find Element By -->By.id: password
17:34:07.328  INFO  TestBase - Test start negativeWrongPassword - run with username and passwordUser{name='null', lastname='null', email='evnikel@gmail.com', password='Ylena1234$@', phone='null'}
17:34:07.328  INFO  manager.ListenerWD - Before Find Element By -->By.cssSelector: button[type='submit']
17:34:07.341  INFO  manager.ListenerWD - After Find Element By -->By.cssSelector: button[type='submit']
17:34:07.367  INFO  manager.ListenerWD - Before Find Element By -->By.cssSelector: button[type='submit']
17:34:07.381  INFO  manager.ListenerWD - After Find Element By -->By.cssSelector: button[type='submit']
17:34:07.421  INFO  TestBase - Assert error Message-----> Wrong email or password
17:34:07.422  INFO  TestBase - Assert ------> Authorization error
17:34:07.422  INFO  manager.ListenerWD - Before Find Element By -->By.cssSelector: div.dialog-container
17:34:07.820  INFO  manager.ListenerWD - After Find Element By -->By.cssSelector: div.dialog-container
17:34:07.868  INFO  manager.ListenerWD - Before Find Element By -->By.cssSelector: h2.message
17:34:07.899  INFO  manager.ListenerWD - After Find Element By -->By.cssSelector: h2.message
17:34:07.931  INFO  manager.ListenerWD - Before Find Element By -->By.cssSelector: div.dialog-container
17:34:07.956  INFO  manager.ListenerWD - After Find Element By -->By.cssSelector: div.dialog-container
17:34:07.984  INFO  manager.ListenerWD - Before Find Element By -->By.cssSelector: div.dialog-container>h1
17:34:08.010  INFO  manager.ListenerWD - After Find Element By -->By.cssSelector: div.dialog-container>h1
17:34:08.046  INFO  manager.ListenerWD - Before Find Elements By -->By.xpath: //button[text()='Ok']
17:34:08.080  INFO  manager.ListenerWD - After Find Elements By -->By.xpath: //button[text()='Ok']
17:34:08.080  INFO  manager.ListenerWD - List size is -->1
17:34:08.081  INFO  manager.ListenerWD - Before Find Element By -->By.xpath: //button[text()='Ok']
17:34:08.115  INFO  manager.ListenerWD - After Find Element By -->By.xpath: //button[text()='Ok']
17:34:08.200  INFO  manager.ListenerWD - Before Find Elements By -->By.xpath: //a[text()=' Logout ']
17:34:13.210  INFO  manager.ListenerWD - After Find Elements By -->By.xpath: //a[text()=' Logout ']
17:34:13.210  INFO  manager.ListenerWD - List size is -->0
17:34:13.214  INFO  manager.ListenerWD - Before Find Element By -->By.xpath: //a[text()=' Sign up ']
17:34:13.260  INFO  manager.ListenerWD - After Find Element By -->By.xpath: //a[text()=' Sign up ']
17:34:13.340  INFO  manager.ListenerWD - Before Find Element By -->By.id: name
17:34:13.361  INFO  manager.ListenerWD - After Find Element By -->By.id: name
17:34:13.495  INFO  manager.ListenerWD - Before Find Element By -->By.id: lastName
17:34:13.511  INFO  manager.ListenerWD - After Find Element By -->By.id: lastName
17:34:13.614  INFO  manager.ListenerWD - Before Find Element By -->By.id: email
17:34:13.628  INFO  manager.ListenerWD - After Find Element By -->By.id: email
17:34:13.775  INFO  manager.ListenerWD - Before Find Element By -->By.id: password
17:34:13.788  INFO  manager.ListenerWD - After Find Element By -->By.id: password
17:34:13.929  INFO  TestBase - Tests start registrationSuccess with data----->User{name='Lisa', lastname='Snow', email='lis2053@gmail.com', password='Lis123@12', phone='null'}
17:34:13.930  INFO  manager.ListenerWD - Before Find Element By -->By.cssSelector: label[for='terms-of-use']
17:34:13.955  INFO  manager.ListenerWD - After Find Element By -->By.cssSelector: label[for='terms-of-use']
17:34:14.160  INFO  TestBase - Type ---> I agree to the terms of use and privacy policy and Button Yalla
17:34:14.160  INFO  manager.ListenerWD - Before Find Element By -->By.cssSelector: button[type='submit']
17:34:14.212  INFO  manager.ListenerWD - After Find Element By -->By.cssSelector: button[type='submit']
17:34:14.279  INFO  manager.ListenerWD - Before Find Element By -->By.cssSelector: button[type='submit']
17:34:14.302  INFO  manager.ListenerWD - After Find Element By -->By.cssSelector: button[type='submit']
17:34:16.372  INFO  manager.ListenerWD - Before Find Element By -->By.cssSelector: div.dialog-container
17:34:16.391  INFO  manager.ListenerWD - After Find Element By -->By.cssSelector: div.dialog-container
17:34:16.411  INFO  manager.ListenerWD - Before Find Element By -->By.cssSelector: div.dialog-container>h1
17:34:16.424  INFO  manager.ListenerWD - After Find Element By -->By.cssSelector: div.dialog-container>h1
17:34:16.439  INFO  TestBase - Assert ------> Registeredd
17:34:16.440  INFO  manager.ListenerWD - Before Find Elements By -->By.xpath: //button[text()='Ok']
17:34:16.452  INFO  manager.ListenerWD - After Find Elements By -->By.xpath: //button[text()='Ok']
17:34:16.452  INFO  manager.ListenerWD - List size is -->1
17:34:16.452  INFO  manager.ListenerWD - Before Find Element By -->By.xpath: //button[text()='Ok']
17:34:16.464  INFO  manager.ListenerWD - After Find Element By -->By.xpath: //button[text()='Ok']
17:34:16.500  INFO  manager.ListenerWD - Before Find Elements By -->By.xpath: //a[text()=' Logout ']
17:34:16.516  INFO  manager.ListenerWD - After Find Elements By -->By.xpath: //a[text()=' Logout ']
17:34:16.516  INFO  manager.ListenerWD - List size is -->1
17:34:16.516  INFO  manager.ListenerWD - Before Find Element By -->By.xpath: //a[text()=' Logout ']
17:34:16.531  INFO  manager.ListenerWD - After Find Element By -->By.xpath: //a[text()=' Logout ']
17:34:16.700  INFO  TestBase - RegistrationTests start preCondition - run with email: evnikel@gmail.com and password: Elena1234$@
17:34:16.702  INFO  manager.ListenerWD - Before Find Element By -->By.xpath: //a[text()=' Sign up ']
17:34:16.725  INFO  manager.ListenerWD - After Find Element By -->By.xpath: //a[text()=' Sign up ']
17:34:16.838  INFO  manager.ListenerWD - Before Find Element By -->By.id: name
17:34:16.877  INFO  manager.ListenerWD - After Find Element By -->By.id: name
17:34:17.003  INFO  manager.ListenerWD - Before Find Element By -->By.id: lastName
17:34:17.020  INFO  manager.ListenerWD - After Find Element By -->By.id: lastName
17:34:17.128  INFO  manager.ListenerWD - Before Find Element By -->By.id: email
17:34:17.143  INFO  manager.ListenerWD - After Find Element By -->By.id: email
17:34:17.289  INFO  manager.ListenerWD - Before Find Element By -->By.id: password
17:34:17.307  INFO  manager.ListenerWD - After Find Element By -->By.id: password
17:34:17.423  INFO  TestBase - Test registrationWrongPassword start- run withUser{name='Lisa', lastname='Snow', email='lis@gmail.com', password='Yis', phone='null'}
17:34:17.424  INFO  manager.ListenerWD - Before Find Element By -->By.cssSelector: label[for='terms-of-use']
17:34:17.438  INFO  manager.ListenerWD - After Find Element By -->By.cssSelector: label[for='terms-of-use']
17:34:17.614  INFO  manager.ListenerWD - Before Find Element By -->By.cssSelector: div.error div:last-child
17:34:17.634  INFO  manager.ListenerWD - After Find Element By -->By.cssSelector: div.error div:last-child
17:34:17.651  INFO  TestBase - Assert Error ---> Password must contain 1 uppercase letter, 1 lowercase letter and one number
17:34:17.651  INFO  manager.ListenerWD - Before Find Element By -->By.cssSelector: div.error div:first-child
17:34:17.668  INFO  manager.ListenerWD - After Find Element By -->By.cssSelector: div.error div:first-child
17:34:17.684  INFO  TestBase - Assert Error ---> Password must contain minimum 8 symbols
17:34:17.684  INFO  manager.ListenerWD - Before Find Elements By -->By.cssSelector: button[disabled]
17:34:17.697  INFO  manager.ListenerWD - After Find Elements By -->By.cssSelector: button[disabled]
17:34:17.698  INFO  manager.ListenerWD - List size is -->1
17:34:17.698  INFO  manager.ListenerWD - Before Find Element By -->By.cssSelector: [type='submit']
17:34:17.710  INFO  manager.ListenerWD - After Find Element By -->By.cssSelector: [type='submit']
17:34:17.720  INFO  TestBase - Assert  ---> isYallaButtonNotActive
17:34:17.721  INFO  manager.ListenerWD - Before Find Elements By -->By.xpath: //button[text()='Ok']
17:34:22.747  INFO  manager.ListenerWD - After Find Elements By -->By.xpath: //button[text()='Ok']
17:34:22.748  INFO  manager.ListenerWD - List size is -->0
