23:00:00.825  INFO  manager.ApplicationManager - All tests start in  Firefox
23:00:04.154  INFO  manager.ApplicationManager - The current url is --->https://ilcarro-1578153671498.web.app/search
23:00:04.265  INFO  TestBase - Start Method with name --->addCarSuccess
23:00:04.269  INFO  manager.ListenerWD - Before Find Elements By -->By.xpath: //a[text()=' Logout ']
23:00:09.314  INFO  manager.ListenerWD - After Find Elements By -->By.xpath: //a[text()=' Logout ']
23:00:09.322  INFO  manager.ListenerWD - List size is -->0
23:00:09.327  INFO  manager.ListenerWD - Before Find Element By -->By.cssSelector: a[href ^='/login']
23:00:09.428  INFO  manager.ListenerWD - After Find Element By -->By.cssSelector: a[href ^='/login']
23:00:09.754  INFO  manager.ListenerWD - Before Find Element By -->By.id: email
23:00:09.835  INFO  manager.ListenerWD - After Find Element By -->By.id: email
23:00:10.235  INFO  manager.ListenerWD - Before Find Element By -->By.id: password
23:00:10.268  INFO  manager.ListenerWD - After Find Element By -->By.id: password
23:00:10.648  INFO  manager.ListenerWD - Before Find Element By -->By.cssSelector: button[type='submit']
23:00:10.688  INFO  manager.ListenerWD - After Find Element By -->By.cssSelector: button[type='submit']
23:00:10.756  INFO  manager.ListenerWD - Before Find Element By -->By.cssSelector: button[type='submit']
23:00:10.772  INFO  manager.ListenerWD - After Find Element By -->By.cssSelector: button[type='submit']
23:00:11.004  INFO  manager.ListenerWD - Before Find Elements By -->By.xpath: //button[text()='Ok']
23:00:11.509  INFO  manager.ListenerWD - After Find Elements By -->By.xpath: //button[text()='Ok']
23:00:11.509  INFO  manager.ListenerWD - List size is -->1
23:00:11.509  INFO  manager.ListenerWD - Before Find Element By -->By.xpath: //button[text()='Ok']
23:00:11.541  INFO  manager.ListenerWD - After Find Element By -->By.xpath: //button[text()='Ok']
23:00:11.786  INFO  TestBase - Test AddNewCarTests start preCondition - run with email: evnikel@gmail.com and password: Elena1234$@
23:00:12.304  INFO  manager.ListenerWD - Before Find Element By -->By.id: 1
23:00:12.362  INFO  manager.ListenerWD - After Find Element By -->By.id: 1
23:00:12.749  INFO  manager.ListenerWD - Before Find Element By -->By.id: pickUpPlace
23:00:12.798  INFO  manager.ListenerWD - After Find Element By -->By.id: pickUpPlace
23:00:13.150  INFO  manager.ListenerWD - Before Find Element By -->By.cssSelector: div.pac-item
23:00:13.594  INFO  manager.ListenerWD - After Find Element By -->By.cssSelector: div.pac-item
23:00:14.822  INFO  manager.ListenerWD - Before Find Element By -->By.id: make
23:00:14.867  INFO  manager.ListenerWD - After Find Element By -->By.id: make
23:00:15.161  INFO  manager.ListenerWD - Before Find Element By -->By.id: model
23:00:15.225  INFO  manager.ListenerWD - After Find Element By -->By.id: model
23:00:15.544  INFO  manager.ListenerWD - Before Find Element By -->By.id: year
23:00:15.574  INFO  manager.ListenerWD - After Find Element By -->By.id: year
23:00:15.872  INFO  manager.ListenerWD - Before Find Element By -->By.id: engine
23:00:15.922  INFO  manager.ListenerWD - After Find Element By -->By.id: engine
23:00:16.222  INFO  manager.ListenerWD - Before Find Element By -->By.id: fuel
23:00:16.246  INFO  manager.ListenerWD - After Find Element By -->By.id: fuel
23:00:16.552  INFO  manager.ListenerWD - Before Find Element By -->By.id: gear
23:00:16.607  INFO  manager.ListenerWD - After Find Element By -->By.id: gear
23:00:16.937  INFO  manager.ListenerWD - Before Find Element By -->By.id: wheelsDrive
23:00:16.990  INFO  manager.ListenerWD - After Find Element By -->By.id: wheelsDrive
23:00:17.332  INFO  manager.ListenerWD - Before Find Element By -->By.id: doors
23:00:17.375  INFO  manager.ListenerWD - After Find Element By -->By.id: doors
23:00:17.678  INFO  manager.ListenerWD - Before Find Element By -->By.id: seats
23:00:17.739  INFO  manager.ListenerWD - After Find Element By -->By.id: seats
23:00:18.000  INFO  manager.ListenerWD - Before Find Element By -->By.id: class
23:00:18.012  INFO  manager.ListenerWD - After Find Element By -->By.id: class
23:00:18.281  INFO  manager.ListenerWD - Before Find Element By -->By.id: fuelConsumption
23:00:18.321  INFO  manager.ListenerWD - After Find Element By -->By.id: fuelConsumption
23:00:18.643  INFO  manager.ListenerWD - Before Find Element By -->By.id: serialNumber
23:00:18.692  INFO  manager.ListenerWD - After Find Element By -->By.id: serialNumber
23:00:18.948  INFO  manager.ListenerWD - Before Find Element By -->By.id: price
23:00:18.960  INFO  manager.ListenerWD - After Find Element By -->By.id: price
23:00:19.201  INFO  manager.ListenerWD - Before Find Element By -->By.id: distance
23:00:19.216  INFO  manager.ListenerWD - After Find Element By -->By.id: distance
23:00:19.502  INFO  manager.ListenerWD - Before Find Element By -->By.cssSelector: .feature-input
23:00:19.547  INFO  manager.ListenerWD - After Find Element By -->By.cssSelector: .feature-input
23:00:19.861  INFO  manager.ListenerWD - Before Find Element By -->By.id: about
23:00:19.897  INFO  manager.ListenerWD - After Find Element By -->By.id: about
23:00:20.197  INFO  manager.ListenerWD - Before Find Element By -->By.id: photos
23:00:20.217  INFO  manager.ListenerWD - After Find Element By -->By.id: photos
23:00:20.274  INFO  manager.ListenerWD - Before Find Element By -->By.cssSelector: button[type='submit']
23:00:20.288  INFO  manager.ListenerWD - After Find Element By -->By.cssSelector: button[type='submit']
23:00:22.031  INFO  manager.ListenerWD - Before Find Element By -->By.cssSelector: button[type='submit']
23:00:22.064  INFO  manager.ListenerWD - After Find Element By -->By.cssSelector: button[type='submit']
23:00:22.486  INFO  TestBase - Tests start addCarSuccess with data----->Car(location=Haifa, Israel, make=BMW, model=M5, year=2020, engine=2.5, fuel=Petrol, gear=AT, wD=AWD, doors=5, seats=4, clasS=C, fuelConsumption=6.5, carRegistrationNumber=11-000-358, price=65, distanceIncluded=800, features=Type of features, about=very nice car)
23:00:22.487  INFO  manager.ListenerWD - Before Find Element By -->By.cssSelector: div.dialog-container
23:00:23.400  INFO  manager.ListenerWD - After Find Element By -->By.cssSelector: div.dialog-container
23:00:23.475  INFO  manager.ListenerWD - Before Find Element By -->By.cssSelector: div.dialog-container>h1
23:00:23.509  INFO  manager.ListenerWD - After Find Element By -->By.cssSelector: div.dialog-container>h1
23:00:23.549  INFO  TestBase - Assert ------> Car added
23:00:23.554  INFO  manager.ListenerWD - Before Find Element By -->By.xpath: //button[text()='Search cars']
23:00:23.573  INFO  manager.ListenerWD - After Find Element By -->By.xpath: //button[text()='Search cars']
23:00:23.805  INFO  TestBase - Return ------> Search cars
23:00:23.831  INFO  TestBase - Start Method with name --->addCarSuccessDP
23:00:23.832  INFO  manager.ListenerWD - Before Find Elements By -->By.xpath: //a[text()=' Logout ']
23:00:23.857  INFO  manager.ListenerWD - After Find Elements By -->By.xpath: //a[text()=' Logout ']
23:00:23.857  INFO  manager.ListenerWD - List size is -->1
23:00:23.859  INFO  TestBase - The test used car model : Car(location=Haifa, Israel, make=BMW, model=M5, year=2020, engine=2.5, fuel=Petrol, gear=AT, wD=AWD, doors=5, seats=4, clasS=C, fuelConsumption=6.5, carRegistrationNumber=111-899-1761, price=65, distanceIncluded=800, features=Type of features, about=very nice car)
23:00:24.361  INFO  manager.ListenerWD - Before Find Element By -->By.id: 1
23:00:24.372  INFO  manager.ListenerWD - After Find Element By -->By.id: 1
23:00:24.623  INFO  manager.ListenerWD - Before Find Element By -->By.id: pickUpPlace
23:00:24.659  INFO  manager.ListenerWD - After Find Element By -->By.id: pickUpPlace
23:00:25.070  INFO  manager.ListenerWD - Before Find Element By -->By.cssSelector: div.pac-item
23:00:25.320  INFO  manager.ListenerWD - After Find Element By -->By.cssSelector: div.pac-item
23:00:26.542  INFO  manager.ListenerWD - Before Find Element By -->By.id: make
23:00:26.580  INFO  manager.ListenerWD - After Find Element By -->By.id: make
23:00:26.878  INFO  manager.ListenerWD - Before Find Element By -->By.id: model
23:00:26.916  INFO  manager.ListenerWD - After Find Element By -->By.id: model
23:00:27.211  INFO  manager.ListenerWD - Before Find Element By -->By.id: year
23:00:27.257  INFO  manager.ListenerWD - After Find Element By -->By.id: year
23:00:27.565  INFO  manager.ListenerWD - Before Find Element By -->By.id: engine
23:00:27.620  INFO  manager.ListenerWD - After Find Element By -->By.id: engine
23:00:27.927  INFO  manager.ListenerWD - Before Find Element By -->By.id: fuel
23:00:27.966  INFO  manager.ListenerWD - After Find Element By -->By.id: fuel
23:00:28.258  INFO  manager.ListenerWD - Before Find Element By -->By.id: gear
23:00:28.299  INFO  manager.ListenerWD - After Find Element By -->By.id: gear
23:00:28.621  INFO  manager.ListenerWD - Before Find Element By -->By.id: wheelsDrive
23:00:28.641  INFO  manager.ListenerWD - After Find Element By -->By.id: wheelsDrive
23:00:28.902  INFO  manager.ListenerWD - Before Find Element By -->By.id: doors
23:00:28.941  INFO  manager.ListenerWD - After Find Element By -->By.id: doors
23:00:29.228  INFO  manager.ListenerWD - Before Find Element By -->By.id: seats
23:00:29.282  INFO  manager.ListenerWD - After Find Element By -->By.id: seats
23:00:29.578  INFO  manager.ListenerWD - Before Find Element By -->By.id: class
23:00:29.619  INFO  manager.ListenerWD - After Find Element By -->By.id: class
23:00:29.886  INFO  manager.ListenerWD - Before Find Element By -->By.id: fuelConsumption
23:00:29.899  INFO  manager.ListenerWD - After Find Element By -->By.id: fuelConsumption
23:00:30.182  INFO  manager.ListenerWD - Before Find Element By -->By.id: serialNumber
23:00:30.217  INFO  manager.ListenerWD - After Find Element By -->By.id: serialNumber
23:00:30.548  INFO  manager.ListenerWD - Before Find Element By -->By.id: price
23:00:30.584  INFO  manager.ListenerWD - After Find Element By -->By.id: price
23:00:30.902  INFO  manager.ListenerWD - Before Find Element By -->By.id: distance
23:00:30.943  INFO  manager.ListenerWD - After Find Element By -->By.id: distance
23:00:31.219  INFO  manager.ListenerWD - Before Find Element By -->By.cssSelector: .feature-input
23:00:31.266  INFO  manager.ListenerWD - After Find Element By -->By.cssSelector: .feature-input
23:00:31.568  INFO  manager.ListenerWD - Before Find Element By -->By.id: about
23:00:31.602  INFO  manager.ListenerWD - After Find Element By -->By.id: about
23:00:31.893  INFO  manager.ListenerWD - Before Find Element By -->By.id: photos
23:00:31.908  INFO  manager.ListenerWD - After Find Element By -->By.id: photos
23:00:31.942  INFO  manager.ListenerWD - Before Find Element By -->By.cssSelector: button[type='submit']
23:00:31.963  INFO  manager.ListenerWD - After Find Element By -->By.cssSelector: button[type='submit']
23:00:33.137  INFO  manager.ListenerWD - Before Find Element By -->By.cssSelector: button[type='submit']
23:00:33.153  INFO  manager.ListenerWD - After Find Element By -->By.cssSelector: button[type='submit']
23:00:33.380  INFO  manager.ListenerWD - Before Find Element By -->By.cssSelector: div.dialog-container
23:00:34.299  INFO  manager.ListenerWD - After Find Element By -->By.cssSelector: div.dialog-container
23:00:34.368  INFO  manager.ListenerWD - Before Find Element By -->By.cssSelector: div.dialog-container>h1
23:00:34.396  INFO  manager.ListenerWD - After Find Element By -->By.cssSelector: div.dialog-container>h1
23:00:34.417  INFO  TestBase - In assert checked message 'Car added' in dialog  
23:00:34.421  INFO  manager.ListenerWD - Before Find Element By -->By.xpath: //button[text()='Search cars']
23:00:34.457  INFO  manager.ListenerWD - After Find Element By -->By.xpath: //button[text()='Search cars']
23:00:34.695  INFO  TestBase - Return ------> Search cars
23:00:34.697  INFO  TestBase - Start Method with name --->addCarSuccessDP
23:00:34.698  INFO  manager.ListenerWD - Before Find Elements By -->By.xpath: //a[text()=' Logout ']
23:00:34.717  INFO  manager.ListenerWD - After Find Elements By -->By.xpath: //a[text()=' Logout ']
23:00:34.718  INFO  manager.ListenerWD - List size is -->1
23:00:34.719  INFO  TestBase - The test used car model : Car(location=Haifa, Israel, make=BMW, model=M5, year=2020, engine=2.5, fuel=Petrol, gear=AT, wD=AWD, doors=5, seats=4, clasS=C, fuelConsumption=6.5, carRegistrationNumber=111-899-1437, price=65, distanceIncluded=800, features=Type of features, about=very nice car)
23:00:35.221  INFO  manager.ListenerWD - Before Find Element By -->By.id: 1
23:00:35.251  INFO  manager.ListenerWD - After Find Element By -->By.id: 1
23:00:35.596  INFO  manager.ListenerWD - Before Find Element By -->By.id: pickUpPlace
23:00:35.633  INFO  manager.ListenerWD - After Find Element By -->By.id: pickUpPlace
23:00:35.994  INFO  manager.ListenerWD - Before Find Element By -->By.cssSelector: div.pac-item
23:00:36.245  INFO  manager.ListenerWD - After Find Element By -->By.cssSelector: div.pac-item
23:00:37.464  INFO  manager.ListenerWD - Before Find Element By -->By.id: make
23:00:37.486  INFO  manager.ListenerWD - After Find Element By -->By.id: make
23:00:37.758  INFO  manager.ListenerWD - Before Find Element By -->By.id: model
23:00:37.792  INFO  manager.ListenerWD - After Find Element By -->By.id: model
23:00:38.079  INFO  manager.ListenerWD - Before Find Element By -->By.id: year
23:00:38.118  INFO  manager.ListenerWD - After Find Element By -->By.id: year
23:00:38.398  INFO  manager.ListenerWD - Before Find Element By -->By.id: engine
23:00:38.481  INFO  manager.ListenerWD - After Find Element By -->By.id: engine
23:00:38.772  INFO  manager.ListenerWD - Before Find Element By -->By.id: fuel
23:00:38.807  INFO  manager.ListenerWD - After Find Element By -->By.id: fuel
23:00:39.114  INFO  manager.ListenerWD - Before Find Element By -->By.id: gear
23:00:39.142  INFO  manager.ListenerWD - After Find Element By -->By.id: gear
23:00:39.449  INFO  manager.ListenerWD - Before Find Element By -->By.id: wheelsDrive
23:00:39.471  INFO  manager.ListenerWD - After Find Element By -->By.id: wheelsDrive
23:00:39.770  INFO  manager.ListenerWD - Before Find Element By -->By.id: doors
23:00:39.801  INFO  manager.ListenerWD - After Find Element By -->By.id: doors
23:00:40.087  INFO  manager.ListenerWD - Before Find Element By -->By.id: seats
23:00:40.110  INFO  manager.ListenerWD - After Find Element By -->By.id: seats
23:00:40.382  INFO  manager.ListenerWD - Before Find Element By -->By.id: class
23:00:40.412  INFO  manager.ListenerWD - After Find Element By -->By.id: class
23:00:40.707  INFO  manager.ListenerWD - Before Find Element By -->By.id: fuelConsumption
23:00:40.736  INFO  manager.ListenerWD - After Find Element By -->By.id: fuelConsumption
23:00:41.036  INFO  manager.ListenerWD - Before Find Element By -->By.id: serialNumber
23:00:41.064  INFO  manager.ListenerWD - After Find Element By -->By.id: serialNumber
23:00:41.410  INFO  manager.ListenerWD - Before Find Element By -->By.id: price
23:00:41.437  INFO  manager.ListenerWD - After Find Element By -->By.id: price
23:00:41.727  INFO  manager.ListenerWD - Before Find Element By -->By.id: distance
23:00:41.750  INFO  manager.ListenerWD - After Find Element By -->By.id: distance
23:00:42.025  INFO  manager.ListenerWD - Before Find Element By -->By.cssSelector: .feature-input
23:00:42.060  INFO  manager.ListenerWD - After Find Element By -->By.cssSelector: .feature-input
23:00:42.372  INFO  manager.ListenerWD - Before Find Element By -->By.id: about
23:00:42.400  INFO  manager.ListenerWD - After Find Element By -->By.id: about
23:00:42.704  INFO  manager.ListenerWD - Before Find Element By -->By.id: photos
23:00:42.720  INFO  manager.ListenerWD - After Find Element By -->By.id: photos
23:00:42.758  INFO  manager.ListenerWD - Before Find Element By -->By.cssSelector: button[type='submit']
23:00:42.790  INFO  manager.ListenerWD - After Find Element By -->By.cssSelector: button[type='submit']
23:00:43.954  INFO  manager.ListenerWD - Before Find Element By -->By.cssSelector: button[type='submit']
23:00:43.986  INFO  manager.ListenerWD - After Find Element By -->By.cssSelector: button[type='submit']
23:00:44.235  INFO  manager.ListenerWD - Before Find Element By -->By.cssSelector: div.dialog-container
23:00:45.167  INFO  manager.ListenerWD - After Find Element By -->By.cssSelector: div.dialog-container
23:00:45.246  INFO  manager.ListenerWD - Before Find Element By -->By.cssSelector: div.dialog-container>h1
23:00:45.276  INFO  manager.ListenerWD - After Find Element By -->By.cssSelector: div.dialog-container>h1
23:00:45.294  INFO  TestBase - In assert checked message 'Car added' in dialog  
23:00:45.300  INFO  manager.ListenerWD - Before Find Element By -->By.xpath: //button[text()='Search cars']
23:00:45.322  INFO  manager.ListenerWD - After Find Element By -->By.xpath: //button[text()='Search cars']
23:00:45.565  INFO  TestBase - Return ------> Search cars
