18:28:09.215  INFO  manager.ApplicationManager - Chrome Driver was opened
18:28:11.662  INFO  manager.ApplicationManager - Current URL is -->https://ilcarro-1578153671498.web.app/search
18:28:11.699  INFO  manager.ListenerWD - Before Find Elements By -->By.xpath: //a[text()=' Logout ']
18:28:16.729  INFO  manager.ListenerWD - After Find Elements By -->By.xpath: //a[text()=' Logout ']
18:28:16.729  INFO  manager.ListenerWD - List size is -->0
18:28:16.729  INFO  manager.ListenerWD - Before Find Element By -->By.cssSelector: a[href ^='/login']
18:28:16.761  INFO  manager.ListenerWD - After Find Element By -->By.cssSelector: a[href ^='/login']
18:28:16.830  INFO  manager.ListenerWD - Before Find Element By -->By.id: email
18:28:16.864  INFO  manager.ListenerWD - After Find Element By -->By.id: email
18:28:17.107  INFO  manager.ListenerWD - Before Find Element By -->By.id: password
18:28:17.140  INFO  manager.ListenerWD - After Find Element By -->By.id: password
18:28:17.280  INFO  manager.ListenerWD - Before Find Element By -->By.cssSelector: button[type='submit']
18:28:17.308  INFO  manager.ListenerWD - After Find Element By -->By.cssSelector: button[type='submit']
18:28:17.356  INFO  manager.ListenerWD - Before Find Element By -->By.cssSelector: button[type='submit']
18:28:17.375  INFO  manager.ListenerWD - After Find Element By -->By.cssSelector: button[type='submit']
18:28:17.437  INFO  manager.ListenerWD - Before Find Elements By -->By.xpath: //button[text()='Ok']
18:28:17.880  INFO  manager.ListenerWD - After Find Elements By -->By.xpath: //button[text()='Ok']
18:28:17.880  INFO  manager.ListenerWD - List size is -->1
18:28:17.896  INFO  manager.ListenerWD - Before Find Element By -->By.xpath: //button[text()='Ok']
18:28:17.912  INFO  manager.ListenerWD - After Find Element By -->By.xpath: //button[text()='Ok']
18:28:17.959  INFO  TestBase - Test AddNewCarTests start preCondition - run with email: evnikel@gmail.com and password: Elena1234$@
18:28:17.990  INFO  TestBase - The test used car model : Car(location=Haifa, Israel, make=BMW, model=M5, year=2020, engine=2.5, fuel=Petrol, gear=AT, wD=AWD, doors=5, seats=4, clasS=C, fuelConsumption=6.5, carRegistrationNumber=123-123-000, price=65, distanceIncluded=800, features=Type of features, about=very nice car)
18:28:18.494  INFO  manager.ListenerWD - Before Find Element By -->By.id: 1
18:28:18.586  INFO  manager.ListenerWD - After Find Element By -->By.id: 1
18:28:18.829  INFO  manager.ListenerWD - Before Find Element By -->By.id: pickUpPlace
18:28:18.854  INFO  manager.ListenerWD - After Find Element By -->By.id: pickUpPlace
18:28:18.992  INFO  manager.ListenerWD - Before Find Element By -->By.cssSelector: div.pac-item
18:28:19.462  INFO  manager.ListenerWD - After Find Element By -->By.cssSelector: div.pac-item
18:28:20.021  INFO  manager.ListenerWD - Before Find Element By -->By.id: make
18:28:20.068  INFO  manager.ListenerWD - After Find Element By -->By.id: make
18:28:20.393  INFO  manager.ListenerWD - Before Find Element By -->By.id: model
18:28:20.432  INFO  manager.ListenerWD - After Find Element By -->By.id: model
18:28:20.646  INFO  manager.ListenerWD - Before Find Element By -->By.id: year
18:28:20.685  INFO  manager.ListenerWD - After Find Element By -->By.id: year
18:28:20.917  INFO  manager.ListenerWD - Before Find Element By -->By.id: engine
18:28:20.954  INFO  manager.ListenerWD - After Find Element By -->By.id: engine
18:28:21.103  INFO  manager.ListenerWD - Before Find Element By -->By.id: fuel
18:28:21.125  INFO  manager.ListenerWD - After Find Element By -->By.id: fuel
18:28:21.210  INFO  manager.ListenerWD - Before Find Element By -->By.id: gear
18:28:21.234  INFO  manager.ListenerWD - After Find Element By -->By.id: gear
18:28:21.324  INFO  manager.ListenerWD - Before Find Element By -->By.id: wheelsDrive
18:28:21.348  INFO  manager.ListenerWD - After Find Element By -->By.id: wheelsDrive
18:28:21.435  INFO  manager.ListenerWD - Before Find Element By -->By.id: doors
18:28:21.457  INFO  manager.ListenerWD - After Find Element By -->By.id: doors
18:28:21.600  INFO  manager.ListenerWD - Before Find Element By -->By.id: seats
18:28:21.622  INFO  manager.ListenerWD - After Find Element By -->By.id: seats
18:28:21.820  INFO  manager.ListenerWD - Before Find Element By -->By.id: class
18:28:21.847  INFO  manager.ListenerWD - After Find Element By -->By.id: class
18:28:21.979  INFO  manager.ListenerWD - Before Find Element By -->By.id: fuelConsumption
18:28:22.000  INFO  manager.ListenerWD - After Find Element By -->By.id: fuelConsumption
18:28:22.160  INFO  manager.ListenerWD - Before Find Element By -->By.id: serialNumber
18:28:22.181  INFO  manager.ListenerWD - After Find Element By -->By.id: serialNumber
18:28:22.330  INFO  manager.ListenerWD - Before Find Element By -->By.id: price
18:28:22.351  INFO  manager.ListenerWD - After Find Element By -->By.id: price
18:28:22.495  INFO  manager.ListenerWD - Before Find Element By -->By.id: distance
18:28:22.517  INFO  manager.ListenerWD - After Find Element By -->By.id: distance
18:28:22.658  INFO  manager.ListenerWD - Before Find Element By -->By.cssSelector: .feature-input
18:28:22.679  INFO  manager.ListenerWD - After Find Element By -->By.cssSelector: .feature-input
18:28:22.854  INFO  manager.ListenerWD - Before Find Element By -->By.id: about
18:28:22.896  INFO  manager.ListenerWD - After Find Element By -->By.id: about
18:28:22.994  INFO  manager.ListenerWD - Before Find Element By -->By.id: photos
18:28:23.010  INFO  manager.ListenerWD - After Find Element By -->By.id: photos
18:28:23.057  INFO  manager.ListenerWD - Before Find Element By -->By.cssSelector: button[type='submit']
18:28:23.080  INFO  manager.ListenerWD - After Find Element By -->By.cssSelector: button[type='submit']
18:28:24.775  INFO  manager.ListenerWD - Before Find Element By -->By.cssSelector: button[type='submit']
18:28:24.791  INFO  manager.ListenerWD - After Find Element By -->By.cssSelector: button[type='submit']
18:28:24.854  INFO  manager.ListenerWD - Before Find Element By -->By.cssSelector: div.dialog-container
18:28:25.469  INFO  manager.ListenerWD - After Find Element By -->By.cssSelector: div.dialog-container
18:28:25.498  INFO  manager.ListenerWD - Before Find Element By -->By.cssSelector: div.dialog-container>h1
18:28:25.526  INFO  manager.ListenerWD - After Find Element By -->By.cssSelector: div.dialog-container>h1
18:28:25.572  INFO  manager.ListenerWD - Before Find Element By -->By.xpath: //button[text()='Search cars']
18:28:30.666  INFO  manager.ListenerWD - We have a 'problem'
18:28:30.666  INFO  manager.ListenerWD - The name of error method  findElement
18:28:30.676  INFO  manager.ListenerWD - Describe of error org.openqa.selenium.NoSuchElementException: no such element: Unable to locate element: {"method":"xpath","selector":"//button[text()='Search cars']"}
  (Session info: chrome=106.0.5249.119)
For documentation on this error, please visit: https://selenium.dev/exceptions/#no_such_element
Build info: version: '4.4.0', revision: 'e5c75ed026a'
System info: host: 'DESKTOP-EVABS4F', ip: '192.168.1.138', os.name: 'Windows 11', os.arch: 'amd64', os.version: '10.0', java.version: '11.0.16.1'
Driver info: org.openqa.selenium.chrome.ChromeDriver
Command: [f861900f3171858af42c008e9728f455, findElement {using=xpath, value=//button[text()='Search cars']}]
Capabilities {acceptInsecureCerts: false, browserName: chrome, browserVersion: 106.0.5249.119, chrome: {chromedriverVersion: 106.0.5249.61 (511755355844..., userDataDir: C:\Users\evnik\AppData\Loca...}, goog:chromeOptions: {debuggerAddress: localhost:55515}, networkConnectionEnabled: false, pageLoadStrategy: normal, platformName: WINDOWS, proxy: Proxy(), se:cdp: ws://localhost:55515/devtoo..., se:cdpVersion: 106.0.5249.119, setWindowRect: true, strictFileInteractability: false, timeouts: {implicit: 0, pageLoad: 300000, script: 30000}, unhandledPromptBehavior: dismiss and notify, webauthn:extension:credBlob: true, webauthn:extension:largeBlob: true, webauthn:virtualAuthenticators: true}
Session ID: f861900f3171858af42c008e9728f455
18:28:30.682  INFO  manager.ListenerWD - *********************
18:28:30.682  INFO  manager.ListenerWD - ChromeDriver: chrome on WINDOWS (f861900f3171858af42c008e9728f455)
18:28:30.682  INFO  manager.ListenerWD - Screen with error is 1395   src/test/screenshots1395.png
