18:20:03.240  INFO  manager.ApplicationManager - All tests start in  Firefox
18:20:06.886  INFO  manager.ApplicationManager - The current url is --->https://ilcarro-1578153671498.web.app/search
18:20:06.992  INFO  TestBase - Start Method with name --->loginSuccess
18:20:06.995  INFO  TestBase - Start checking authorization
18:20:06.998  INFO  manager.ListenerWD - Before Find Elements By -->By.xpath: //a[text()=' Logout ']
18:20:12.082  INFO  manager.ListenerWD - After Find Elements By -->By.xpath: //a[text()=' Logout ']
18:20:12.090  INFO  manager.ListenerWD - List size is -->0
18:20:12.092  INFO  TestBase - Test was not needed in logout 
18:20:12.124  INFO  TestBase - Test LoginTests start with name ----->email: evnikel@gmail.compasswordElena1234$@
18:20:12.128  INFO  manager.ListenerWD - Before Find Element By -->By.cssSelector: a[href ^='/login']
18:20:12.226  INFO  manager.ListenerWD - After Find Element By -->By.cssSelector: a[href ^='/login']
18:20:12.611  INFO  manager.ListenerWD - Before Find Element By -->By.id: email
18:20:12.667  INFO  manager.ListenerWD - After Find Element By -->By.id: email
18:20:13.044  INFO  manager.ListenerWD - Before Find Element By -->By.id: password
18:20:13.064  INFO  manager.ListenerWD - After Find Element By -->By.id: password
18:20:13.406  INFO  manager.ListenerWD - Before Find Element By -->By.cssSelector: button[type='submit']
18:20:13.476  INFO  manager.ListenerWD - After Find Element By -->By.cssSelector: button[type='submit']
18:20:13.558  INFO  manager.ListenerWD - Before Find Element By -->By.cssSelector: button[type='submit']
18:20:13.581  INFO  manager.ListenerWD - After Find Element By -->By.cssSelector: button[type='submit']
18:20:13.822  INFO  manager.ListenerWD - Before Find Element By -->By.cssSelector: div.dialog-container
18:20:14.416  INFO  manager.ListenerWD - After Find Element By -->By.cssSelector: div.dialog-container
18:20:14.494  INFO  manager.ListenerWD - Before Find Element By -->By.cssSelector: h2.message
18:20:14.532  INFO  manager.ListenerWD - After Find Element By -->By.cssSelector: h2.message
18:20:14.569  INFO  TestBase - In assert checked message 'Logged in success' in dialog  
18:20:15.091  INFO  manager.ListenerWD - Before Find Elements By -->By.xpath: //button[text()='Ok']
18:20:15.117  INFO  manager.ListenerWD - After Find Elements By -->By.xpath: //button[text()='Ok']
18:20:15.117  INFO  manager.ListenerWD - List size is -->1
18:20:15.118  INFO  manager.ListenerWD - Before Find Element By -->By.xpath: //button[text()='Ok']
18:20:15.143  INFO  manager.ListenerWD - After Find Element By -->By.xpath: //button[text()='Ok']
18:20:15.370  INFO  TestBase - Start Method with name --->loginSuccess
18:20:15.371  INFO  TestBase - Start checking authorization
18:20:15.371  INFO  manager.ListenerWD - Before Find Elements By -->By.xpath: //a[text()=' Logout ']
18:20:15.399  INFO  manager.ListenerWD - After Find Elements By -->By.xpath: //a[text()=' Logout ']
18:20:15.400  INFO  manager.ListenerWD - List size is -->1
18:20:15.401  INFO  manager.ListenerWD - Before Find Element By -->By.xpath: //a[text()=' Logout ']
18:20:15.430  INFO  manager.ListenerWD - After Find Element By -->By.xpath: //a[text()=' Logout ']
18:20:15.728  INFO  TestBase - Test was needed in logout 
18:20:15.730  INFO  TestBase - Test LoginTests start with name ----->email: lis2161@gmail.compasswordLis123@12
18:20:15.731  INFO  manager.ListenerWD - Before Find Element By -->By.cssSelector: a[href ^='/login']
18:20:15.783  INFO  manager.ListenerWD - After Find Element By -->By.cssSelector: a[href ^='/login']
18:20:16.086  INFO  manager.ListenerWD - Before Find Element By -->By.id: email
18:20:16.129  INFO  manager.ListenerWD - After Find Element By -->By.id: email
18:20:16.402  INFO  manager.ListenerWD - Before Find Element By -->By.id: password
18:20:16.417  INFO  manager.ListenerWD - After Find Element By -->By.id: password
18:20:16.765  INFO  manager.ListenerWD - Before Find Element By -->By.cssSelector: button[type='submit']
18:20:16.814  INFO  manager.ListenerWD - After Find Element By -->By.cssSelector: button[type='submit']
18:20:16.899  INFO  manager.ListenerWD - Before Find Element By -->By.cssSelector: button[type='submit']
18:20:16.965  INFO  manager.ListenerWD - After Find Element By -->By.cssSelector: button[type='submit']
18:20:17.221  INFO  manager.ListenerWD - Before Find Element By -->By.cssSelector: div.dialog-container
18:20:17.443  INFO  manager.ListenerWD - After Find Element By -->By.cssSelector: div.dialog-container
18:20:17.485  INFO  manager.ListenerWD - Before Find Element By -->By.cssSelector: h2.message
18:20:17.520  INFO  manager.ListenerWD - After Find Element By -->By.cssSelector: h2.message
18:20:17.556  INFO  TestBase - In assert checked message 'Logged in success' in dialog  
18:20:18.068  INFO  manager.ListenerWD - Before Find Elements By -->By.xpath: //button[text()='Ok']
18:20:18.087  INFO  manager.ListenerWD - After Find Elements By -->By.xpath: //button[text()='Ok']
18:20:18.088  INFO  manager.ListenerWD - List size is -->1
18:20:18.088  INFO  manager.ListenerWD - Before Find Element By -->By.xpath: //button[text()='Ok']
18:20:18.107  INFO  manager.ListenerWD - After Find Element By -->By.xpath: //button[text()='Ok']
18:20:18.342  INFO  TestBase - Start Method with name --->loginSuccess
18:20:18.344  INFO  TestBase - Start checking authorization
18:20:18.345  INFO  manager.ListenerWD - Before Find Elements By -->By.xpath: //a[text()=' Logout ']
18:20:18.389  INFO  manager.ListenerWD - After Find Elements By -->By.xpath: //a[text()=' Logout ']
18:20:18.391  INFO  manager.ListenerWD - List size is -->1
18:20:18.393  INFO  manager.ListenerWD - Before Find Element By -->By.xpath: //a[text()=' Logout ']
18:20:18.452  INFO  manager.ListenerWD - After Find Element By -->By.xpath: //a[text()=' Logout ']
18:20:18.772  INFO  TestBase - Test was needed in logout 
18:20:18.773  INFO  TestBase - Test LoginTests start with name ----->email: lis2165@gmail.compasswordLis123@12
18:20:18.774  INFO  manager.ListenerWD - Before Find Element By -->By.cssSelector: a[href ^='/login']
18:20:18.797  INFO  manager.ListenerWD - After Find Element By -->By.cssSelector: a[href ^='/login']
18:20:19.074  INFO  manager.ListenerWD - Before Find Element By -->By.id: email
18:20:19.115  INFO  manager.ListenerWD - After Find Element By -->By.id: email
18:20:19.500  INFO  manager.ListenerWD - Before Find Element By -->By.id: password
18:20:19.517  INFO  manager.ListenerWD - After Find Element By -->By.id: password
18:20:19.777  INFO  manager.ListenerWD - Before Find Element By -->By.cssSelector: button[type='submit']
18:20:19.793  INFO  manager.ListenerWD - After Find Element By -->By.cssSelector: button[type='submit']
18:20:19.827  INFO  manager.ListenerWD - Before Find Element By -->By.cssSelector: button[type='submit']
18:20:19.842  INFO  manager.ListenerWD - After Find Element By -->By.cssSelector: button[type='submit']
18:20:20.069  INFO  manager.ListenerWD - Before Find Element By -->By.cssSelector: div.dialog-container
18:20:20.243  INFO  manager.ListenerWD - After Find Element By -->By.cssSelector: div.dialog-container
18:20:20.304  INFO  manager.ListenerWD - Before Find Element By -->By.cssSelector: h2.message
18:20:20.333  INFO  manager.ListenerWD - After Find Element By -->By.cssSelector: h2.message
18:20:20.357  INFO  TestBase - In assert checked message 'Logged in success' in dialog  
18:20:20.865  INFO  manager.ListenerWD - Before Find Elements By -->By.xpath: //button[text()='Ok']
18:20:20.902  INFO  manager.ListenerWD - After Find Elements By -->By.xpath: //button[text()='Ok']
18:20:20.903  INFO  manager.ListenerWD - List size is -->1
18:20:20.904  INFO  manager.ListenerWD - Before Find Element By -->By.xpath: //button[text()='Ok']
18:20:20.955  INFO  manager.ListenerWD - After Find Element By -->By.xpath: //button[text()='Ok']
18:20:21.211  INFO  TestBase - Start Method with name --->loginSuccessModels
18:20:21.215  INFO  TestBase - Start checking authorization
18:20:21.217  INFO  manager.ListenerWD - Before Find Elements By -->By.xpath: //a[text()=' Logout ']
18:20:21.288  INFO  manager.ListenerWD - After Find Elements By -->By.xpath: //a[text()=' Logout ']
18:20:21.289  INFO  manager.ListenerWD - List size is -->1
18:20:21.292  INFO  manager.ListenerWD - Before Find Element By -->By.xpath: //a[text()=' Logout ']
18:20:21.351  INFO  manager.ListenerWD - After Find Element By -->By.xpath: //a[text()=' Logout ']
18:20:21.687  INFO  TestBase - Test was needed in logout 
18:20:21.749  INFO  TestBase - Login scenario success was used dataUser{name='null', lastname='null', email='evnikel@gmail.com', password='Elena1234$@', phone='null'}
18:20:21.750  INFO  manager.ListenerWD - Before Find Element By -->By.xpath: //a[text()='Log in']
18:20:21.789  INFO  manager.ListenerWD - After Find Element By -->By.xpath: //a[text()='Log in']
18:20:22.319  INFO  manager.ListenerWD - Before Find Element By -->By.id: email
18:20:22.361  INFO  manager.ListenerWD - After Find Element By -->By.id: email
18:20:22.687  INFO  manager.ListenerWD - Before Find Element By -->By.id: password
18:20:22.716  INFO  manager.ListenerWD - After Find Element By -->By.id: password
18:20:23.088  INFO  manager.ListenerWD - Before Find Element By -->By.cssSelector: button[type='submit']
18:20:23.113  INFO  manager.ListenerWD - After Find Element By -->By.cssSelector: button[type='submit']
18:20:23.156  INFO  manager.ListenerWD - Before Find Element By -->By.cssSelector: button[type='submit']
18:20:23.169  INFO  manager.ListenerWD - After Find Element By -->By.cssSelector: button[type='submit']
18:20:23.412  INFO  manager.ListenerWD - Before Find Element By -->By.cssSelector: div.dialog-container
18:20:23.810  INFO  manager.ListenerWD - After Find Element By -->By.cssSelector: div.dialog-container
18:20:23.862  INFO  manager.ListenerWD - Before Find Element By -->By.cssSelector: h2.message
18:20:23.885  INFO  manager.ListenerWD - After Find Element By -->By.cssSelector: h2.message
18:20:23.909  INFO  TestBase - In assert checked message 'Logged in success' in dialog  
18:20:23.914  INFO  manager.ListenerWD - Before Find Elements By -->By.xpath: //button[text()='Ok']
18:20:23.980  INFO  manager.ListenerWD - After Find Elements By -->By.xpath: //button[text()='Ok']
18:20:23.982  INFO  manager.ListenerWD - List size is -->1
18:20:23.983  INFO  manager.ListenerWD - Before Find Element By -->By.xpath: //button[text()='Ok']
18:20:24.007  INFO  manager.ListenerWD - After Find Element By -->By.xpath: //button[text()='Ok']
18:20:24.241  INFO  TestBase - Start Method with name --->loginSuccessModelsDP
18:20:24.245  INFO  TestBase - Start checking authorization
18:20:24.246  INFO  manager.ListenerWD - Before Find Elements By -->By.xpath: //a[text()=' Logout ']
18:20:24.334  INFO  manager.ListenerWD - After Find Elements By -->By.xpath: //a[text()=' Logout ']
18:20:24.334  INFO  manager.ListenerWD - List size is -->1
18:20:24.335  INFO  manager.ListenerWD - Before Find Element By -->By.xpath: //a[text()=' Logout ']
18:20:24.358  INFO  manager.ListenerWD - After Find Element By -->By.xpath: //a[text()=' Logout ']
18:20:24.636  INFO  TestBase - Test was needed in logout 
18:20:24.637  INFO  TestBase - Login scenario success was used dataUser{name='null', lastname='null', email='evnikel@gmail.com', password='Elena1234$@', phone='null'}
18:20:24.637  INFO  manager.ListenerWD - Before Find Element By -->By.xpath: //a[text()='Log in']
18:20:24.646  INFO  manager.ListenerWD - After Find Element By -->By.xpath: //a[text()='Log in']
18:20:24.947  INFO  manager.ListenerWD - Before Find Element By -->By.id: email
18:20:24.977  INFO  manager.ListenerWD - After Find Element By -->By.id: email
18:20:25.316  INFO  manager.ListenerWD - Before Find Element By -->By.id: password
18:20:25.331  INFO  manager.ListenerWD - After Find Element By -->By.id: password
18:20:25.669  INFO  manager.ListenerWD - Before Find Element By -->By.cssSelector: button[type='submit']
18:20:25.699  INFO  manager.ListenerWD - After Find Element By -->By.cssSelector: button[type='submit']
18:20:25.742  INFO  manager.ListenerWD - Before Find Element By -->By.cssSelector: button[type='submit']
18:20:25.757  INFO  manager.ListenerWD - After Find Element By -->By.cssSelector: button[type='submit']
18:20:25.982  INFO  manager.ListenerWD - Before Find Element By -->By.cssSelector: div.dialog-container
18:20:26.309  INFO  manager.ListenerWD - After Find Element By -->By.cssSelector: div.dialog-container
18:20:26.381  INFO  manager.ListenerWD - Before Find Element By -->By.cssSelector: h2.message
18:20:26.413  INFO  manager.ListenerWD - After Find Element By -->By.cssSelector: h2.message
18:20:26.435  INFO  manager.ListenerWD - Before Find Elements By -->By.xpath: //button[text()='Ok']
18:20:26.469  INFO  manager.ListenerWD - After Find Elements By -->By.xpath: //button[text()='Ok']
18:20:26.470  INFO  manager.ListenerWD - List size is -->1
18:20:26.470  INFO  manager.ListenerWD - Before Find Element By -->By.xpath: //button[text()='Ok']
18:20:26.497  INFO  manager.ListenerWD - After Find Element By -->By.xpath: //button[text()='Ok']
18:20:26.733  INFO  TestBase - Start Method with name --->loginSuccessModelsDP
18:20:26.734  INFO  TestBase - Start checking authorization
18:20:26.735  INFO  manager.ListenerWD - Before Find Elements By -->By.xpath: //a[text()=' Logout ']
18:20:26.832  INFO  manager.ListenerWD - After Find Elements By -->By.xpath: //a[text()=' Logout ']
18:20:26.832  INFO  manager.ListenerWD - List size is -->1
18:20:26.832  INFO  manager.ListenerWD - Before Find Element By -->By.xpath: //a[text()=' Logout ']
18:20:26.867  INFO  manager.ListenerWD - After Find Element By -->By.xpath: //a[text()=' Logout ']
18:20:27.135  INFO  TestBase - Test was needed in logout 
18:20:27.135  INFO  TestBase - Login scenario success was used dataUser{name='null', lastname='null', email='lis2161@gmail.com', password='Lis123@12', phone='null'}
18:20:27.135  INFO  manager.ListenerWD - Before Find Element By -->By.xpath: //a[text()='Log in']
18:20:27.144  INFO  manager.ListenerWD - After Find Element By -->By.xpath: //a[text()='Log in']
18:20:27.402  INFO  manager.ListenerWD - Before Find Element By -->By.id: email
18:20:27.457  INFO  manager.ListenerWD - After Find Element By -->By.id: email
18:20:27.760  INFO  manager.ListenerWD - Before Find Element By -->By.id: password
18:20:27.783  INFO  manager.ListenerWD - After Find Element By -->By.id: password
18:20:28.115  INFO  manager.ListenerWD - Before Find Element By -->By.cssSelector: button[type='submit']
18:20:28.150  INFO  manager.ListenerWD - After Find Element By -->By.cssSelector: button[type='submit']
18:20:28.225  INFO  manager.ListenerWD - Before Find Element By -->By.cssSelector: button[type='submit']
18:20:28.252  INFO  manager.ListenerWD - After Find Element By -->By.cssSelector: button[type='submit']
18:20:28.490  INFO  manager.ListenerWD - Before Find Element By -->By.cssSelector: div.dialog-container
18:20:28.737  INFO  manager.ListenerWD - After Find Element By -->By.cssSelector: div.dialog-container
18:20:28.815  INFO  manager.ListenerWD - Before Find Element By -->By.cssSelector: h2.message
18:20:28.897  INFO  manager.ListenerWD - After Find Element By -->By.cssSelector: h2.message
18:20:28.926  INFO  manager.ListenerWD - Before Find Elements By -->By.xpath: //button[text()='Ok']
18:20:28.962  INFO  manager.ListenerWD - After Find Elements By -->By.xpath: //button[text()='Ok']
18:20:28.963  INFO  manager.ListenerWD - List size is -->1
18:20:28.963  INFO  manager.ListenerWD - Before Find Element By -->By.xpath: //button[text()='Ok']
18:20:28.998  INFO  manager.ListenerWD - After Find Element By -->By.xpath: //button[text()='Ok']
18:20:29.266  INFO  TestBase - Start Method with name --->loginSuccessModelsDP
18:20:29.267  INFO  TestBase - Start checking authorization
18:20:29.268  INFO  manager.ListenerWD - Before Find Elements By -->By.xpath: //a[text()=' Logout ']
18:20:29.382  INFO  manager.ListenerWD - After Find Elements By -->By.xpath: //a[text()=' Logout ']
18:20:29.382  INFO  manager.ListenerWD - List size is -->1
18:20:29.382  INFO  manager.ListenerWD - Before Find Element By -->By.xpath: //a[text()=' Logout ']
18:20:29.408  INFO  manager.ListenerWD - After Find Element By -->By.xpath: //a[text()=' Logout ']
18:20:29.699  INFO  TestBase - Test was needed in logout 
18:20:29.700  INFO  TestBase - Login scenario success was used dataUser{name='null', lastname='null', email='lis2165@gmail.com', password='Lis123@12', phone='null'}
18:20:29.701  INFO  manager.ListenerWD - Before Find Element By -->By.xpath: //a[text()='Log in']
18:20:29.741  INFO  manager.ListenerWD - After Find Element By -->By.xpath: //a[text()='Log in']
18:20:30.029  INFO  manager.ListenerWD - Before Find Element By -->By.id: email
18:20:30.048  INFO  manager.ListenerWD - After Find Element By -->By.id: email
18:20:30.344  INFO  manager.ListenerWD - Before Find Element By -->By.id: password
18:20:30.355  INFO  manager.ListenerWD - After Find Element By -->By.id: password
18:20:30.661  INFO  manager.ListenerWD - Before Find Element By -->By.cssSelector: button[type='submit']
18:20:30.684  INFO  manager.ListenerWD - After Find Element By -->By.cssSelector: button[type='submit']
18:20:30.732  INFO  manager.ListenerWD - Before Find Element By -->By.cssSelector: button[type='submit']
18:20:30.751  INFO  manager.ListenerWD - After Find Element By -->By.cssSelector: button[type='submit']
18:20:30.990  INFO  manager.ListenerWD - Before Find Element By -->By.cssSelector: div.dialog-container
18:20:31.246  INFO  manager.ListenerWD - After Find Element By -->By.cssSelector: div.dialog-container
18:20:31.314  INFO  manager.ListenerWD - Before Find Element By -->By.cssSelector: h2.message
18:20:31.335  INFO  manager.ListenerWD - After Find Element By -->By.cssSelector: h2.message
18:20:31.353  INFO  manager.ListenerWD - Before Find Elements By -->By.xpath: //button[text()='Ok']
18:20:31.389  INFO  manager.ListenerWD - After Find Elements By -->By.xpath: //button[text()='Ok']
18:20:31.389  INFO  manager.ListenerWD - List size is -->1
18:20:31.390  INFO  manager.ListenerWD - Before Find Element By -->By.xpath: //button[text()='Ok']
18:20:31.420  INFO  manager.ListenerWD - After Find Element By -->By.xpath: //button[text()='Ok']
18:20:31.672  INFO  TestBase - Start Method with name --->negativeWrongEmail
18:20:31.675  INFO  TestBase - Start checking authorization
18:20:31.676  INFO  manager.ListenerWD - Before Find Elements By -->By.xpath: //a[text()=' Logout ']
18:20:31.769  INFO  manager.ListenerWD - After Find Elements By -->By.xpath: //a[text()=' Logout ']
18:20:31.769  INFO  manager.ListenerWD - List size is -->1
18:20:31.770  INFO  manager.ListenerWD - Before Find Element By -->By.xpath: //a[text()=' Logout ']
18:20:31.789  INFO  manager.ListenerWD - After Find Element By -->By.xpath: //a[text()=' Logout ']
18:20:32.086  INFO  TestBase - Test was needed in logout 
18:20:32.088  INFO  TestBase - Login negative scenario with wrong email was used dataUser{name='null', lastname='null', email='evnikelgmail.com', password='Elena1234$@', phone='null'}
18:20:32.088  INFO  manager.ListenerWD - Before Find Element By -->By.cssSelector: a[href ^='/login']
18:20:32.113  INFO  manager.ListenerWD - After Find Element By -->By.cssSelector: a[href ^='/login']
18:20:32.405  INFO  manager.ListenerWD - Before Find Element By -->By.id: email
18:20:32.423  INFO  manager.ListenerWD - After Find Element By -->By.id: email
18:20:32.748  INFO  manager.ListenerWD - Before Find Element By -->By.id: password
18:20:32.774  INFO  manager.ListenerWD - After Find Element By -->By.id: password
18:20:33.046  INFO  manager.ListenerWD - Before Find Element By -->By.cssSelector: button[type='submit']
18:20:33.060  INFO  manager.ListenerWD - After Find Element By -->By.cssSelector: button[type='submit']
18:20:33.772  INFO  manager.ListenerWD - Before Find Element By -->By.cssSelector: div.error>div
18:20:33.788  INFO  manager.ListenerWD - After Find Element By -->By.cssSelector: div.error>div
18:20:33.804  INFO  manager.ListenerWD - Before Find Elements By -->By.cssSelector: button[disabled]
18:20:33.815  INFO  manager.ListenerWD - After Find Elements By -->By.cssSelector: button[disabled]
18:20:33.815  INFO  manager.ListenerWD - List size is -->1
18:20:33.815  INFO  manager.ListenerWD - Before Find Element By -->By.cssSelector: [type='submit']
18:20:33.826  INFO  manager.ListenerWD - After Find Element By -->By.cssSelector: [type='submit']
18:20:33.831  INFO  TestBase - In assert checked error message 'It'snot look like email' under name field 
18:20:33.832  INFO  manager.ListenerWD - Before Find Elements By -->By.xpath: //button[text()='Ok']
18:20:38.838  INFO  manager.ListenerWD - After Find Elements By -->By.xpath: //button[text()='Ok']
18:20:38.838  INFO  manager.ListenerWD - List size is -->0
18:20:38.839  INFO  TestBase - Start Method with name --->negativeWrongPassword
18:20:38.840  INFO  TestBase - Start checking authorization
18:20:38.840  INFO  manager.ListenerWD - Before Find Elements By -->By.xpath: //a[text()=' Logout ']
18:20:43.862  INFO  manager.ListenerWD - After Find Elements By -->By.xpath: //a[text()=' Logout ']
18:20:43.862  INFO  manager.ListenerWD - List size is -->0
18:20:43.862  INFO  TestBase - Test was not needed in logout 
18:20:43.864  INFO  TestBase - Login negative scenario with wrong passeord was used dataUser{name='null', lastname='null', email='evnikel@gmail.com', password='Ylena1234$@', phone='null'}
18:20:43.865  INFO  manager.ListenerWD - Before Find Element By -->By.cssSelector: a[href ^='/login']
18:20:43.891  INFO  manager.ListenerWD - After Find Element By -->By.cssSelector: a[href ^='/login']
18:20:44.159  INFO  manager.ListenerWD - Before Find Element By -->By.id: email
18:20:44.169  INFO  manager.ListenerWD - After Find Element By -->By.id: email
18:20:44.563  INFO  manager.ListenerWD - Before Find Element By -->By.id: password
18:20:44.596  INFO  manager.ListenerWD - After Find Element By -->By.id: password
18:20:44.891  INFO  manager.ListenerWD - Before Find Element By -->By.cssSelector: button[type='submit']
18:20:44.903  INFO  manager.ListenerWD - After Find Element By -->By.cssSelector: button[type='submit']
18:20:45.133  INFO  manager.ListenerWD - Before Find Element By -->By.cssSelector: div.dialog-container
18:20:45.303  INFO  manager.ListenerWD - After Find Element By -->By.cssSelector: div.dialog-container
18:20:45.367  INFO  manager.ListenerWD - Before Find Element By -->By.cssSelector: h2.message
18:20:45.394  INFO  manager.ListenerWD - After Find Element By -->By.cssSelector: h2.message
18:20:45.415  INFO  manager.ListenerWD - Before Find Element By -->By.cssSelector: div.dialog-container
18:20:45.448  INFO  manager.ListenerWD - After Find Element By -->By.cssSelector: div.dialog-container
18:20:45.506  INFO  manager.ListenerWD - Before Find Element By -->By.cssSelector: div.dialog-container>h1
18:20:45.537  INFO  manager.ListenerWD - After Find Element By -->By.cssSelector: div.dialog-container>h1
18:20:45.561  INFO  TestBase - In assert checked message 'Authorization error' & 'Wrong email or password' in dialog  
18:20:45.564  INFO  manager.ListenerWD - Before Find Elements By -->By.xpath: //button[text()='Ok']
18:20:45.591  INFO  manager.ListenerWD - After Find Elements By -->By.xpath: //button[text()='Ok']
18:20:45.591  INFO  manager.ListenerWD - List size is -->1
18:20:45.592  INFO  manager.ListenerWD - Before Find Element By -->By.xpath: //button[text()='Ok']
18:20:45.612  INFO  manager.ListenerWD - After Find Element By -->By.xpath: //button[text()='Ok']
