18:02:21.928  INFO  manager.ApplicationManager - All tests start in  Firefox
18:02:24.550  INFO  manager.ApplicationManager - The current url is --->https://ilcarro-1578153671498.web.app/search
18:02:24.665  INFO  TestBase - Start Method with name --->addCarSuccess
18:02:24.673  INFO  manager.ListenerWD - Before Find Elements By -->By.xpath: //a[text()=' Logout ']
18:02:29.734  INFO  manager.ListenerWD - After Find Elements By -->By.xpath: //a[text()=' Logout ']
18:02:29.743  INFO  manager.ListenerWD - List size is -->0
18:02:29.746  INFO  manager.ListenerWD - Before Find Element By -->By.cssSelector: a[href ^='/login']
18:02:29.845  INFO  manager.ListenerWD - After Find Element By -->By.cssSelector: a[href ^='/login']
18:02:30.171  INFO  manager.ListenerWD - Before Find Element By -->By.id: email
18:02:30.248  INFO  manager.ListenerWD - After Find Element By -->By.id: email
18:02:30.608  INFO  manager.ListenerWD - Before Find Element By -->By.id: password
18:02:30.632  INFO  manager.ListenerWD - After Find Element By -->By.id: password
18:02:30.897  INFO  manager.ListenerWD - Before Find Element By -->By.cssSelector: button[type='submit']
18:02:30.919  INFO  manager.ListenerWD - After Find Element By -->By.cssSelector: button[type='submit']
18:02:30.984  INFO  manager.ListenerWD - Before Find Element By -->By.cssSelector: button[type='submit']
18:02:30.999  INFO  manager.ListenerWD - After Find Element By -->By.cssSelector: button[type='submit']
18:02:31.230  INFO  manager.ListenerWD - Before Find Elements By -->By.xpath: //button[text()='Ok']
18:02:31.670  INFO  manager.ListenerWD - After Find Elements By -->By.xpath: //button[text()='Ok']
18:02:31.671  INFO  manager.ListenerWD - List size is -->1
18:02:31.672  INFO  manager.ListenerWD - Before Find Element By -->By.xpath: //button[text()='Ok']
18:02:31.725  INFO  manager.ListenerWD - After Find Element By -->By.xpath: //button[text()='Ok']
18:02:32.004  INFO  TestBase - Test AddNewCarTests start preCondition - run with email: evnikel@gmail.com and password: Elena1234$@
18:02:32.527  INFO  manager.ListenerWD - Before Find Element By -->By.id: 1
18:02:32.582  INFO  manager.ListenerWD - After Find Element By -->By.id: 1
18:02:32.896  INFO  manager.ListenerWD - Before Find Element By -->By.id: pickUpPlace
18:02:32.950  INFO  manager.ListenerWD - After Find Element By -->By.id: pickUpPlace
18:02:33.244  INFO  manager.ListenerWD - Before Find Element By -->By.cssSelector: div.pac-item
18:02:33.712  INFO  manager.ListenerWD - After Find Element By -->By.cssSelector: div.pac-item
18:02:34.949  INFO  manager.ListenerWD - Before Find Element By -->By.id: make
18:02:34.965  INFO  manager.ListenerWD - After Find Element By -->By.id: make
18:02:35.248  INFO  manager.ListenerWD - Before Find Element By -->By.id: model
18:02:35.307  INFO  manager.ListenerWD - After Find Element By -->By.id: model
18:02:35.643  INFO  manager.ListenerWD - Before Find Element By -->By.id: year
18:02:35.670  INFO  manager.ListenerWD - After Find Element By -->By.id: year
18:02:35.995  INFO  manager.ListenerWD - Before Find Element By -->By.id: engine
18:02:36.047  INFO  manager.ListenerWD - After Find Element By -->By.id: engine
18:02:36.357  INFO  manager.ListenerWD - Before Find Element By -->By.id: fuel
18:02:36.401  INFO  manager.ListenerWD - After Find Element By -->By.id: fuel
18:02:36.736  INFO  manager.ListenerWD - Before Find Element By -->By.id: gear
18:02:36.782  INFO  manager.ListenerWD - After Find Element By -->By.id: gear
18:02:37.114  INFO  manager.ListenerWD - Before Find Element By -->By.id: wheelsDrive
18:02:37.158  INFO  manager.ListenerWD - After Find Element By -->By.id: wheelsDrive
18:02:37.489  INFO  manager.ListenerWD - Before Find Element By -->By.id: doors
18:02:37.532  INFO  manager.ListenerWD - After Find Element By -->By.id: doors
18:02:37.853  INFO  manager.ListenerWD - Before Find Element By -->By.id: seats
18:02:37.906  INFO  manager.ListenerWD - After Find Element By -->By.id: seats
18:02:38.237  INFO  manager.ListenerWD - Before Find Element By -->By.id: class
18:02:38.281  INFO  manager.ListenerWD - After Find Element By -->By.id: class
18:02:38.562  INFO  manager.ListenerWD - Before Find Element By -->By.id: fuelConsumption
18:02:38.598  INFO  manager.ListenerWD - After Find Element By -->By.id: fuelConsumption
18:02:38.948  INFO  manager.ListenerWD - Before Find Element By -->By.id: serialNumber
18:02:38.985  INFO  manager.ListenerWD - After Find Element By -->By.id: serialNumber
18:02:39.343  INFO  manager.ListenerWD - Before Find Element By -->By.id: price
18:02:39.376  INFO  manager.ListenerWD - After Find Element By -->By.id: price
18:02:39.648  INFO  manager.ListenerWD - Before Find Element By -->By.id: distance
18:02:39.663  INFO  manager.ListenerWD - After Find Element By -->By.id: distance
18:02:39.958  INFO  manager.ListenerWD - Before Find Element By -->By.cssSelector: .feature-input
18:02:40.008  INFO  manager.ListenerWD - After Find Element By -->By.cssSelector: .feature-input
18:02:40.322  INFO  manager.ListenerWD - Before Find Element By -->By.id: about
18:02:40.356  INFO  manager.ListenerWD - After Find Element By -->By.id: about
18:02:40.646  INFO  manager.ListenerWD - Before Find Element By -->By.id: photos
18:02:40.658  INFO  manager.ListenerWD - After Find Element By -->By.id: photos
18:02:40.696  INFO  manager.ListenerWD - Before Find Element By -->By.cssSelector: button[type='submit']
18:02:40.710  INFO  manager.ListenerWD - After Find Element By -->By.cssSelector: button[type='submit']
18:02:42.499  INFO  manager.ListenerWD - Before Find Element By -->By.cssSelector: button[type='submit']
18:02:42.511  INFO  manager.ListenerWD - After Find Element By -->By.cssSelector: button[type='submit']
18:02:42.875  INFO  TestBase - Tests start addCarSuccess with data----->Car(location=Haifa, Israel, make=BMW, model=M5, year=2020, engine=2.5, fuel=Petrol, gear=AT, wD=AWD, doors=5, seats=4, clasS=C, fuelConsumption=6.5, carRegistrationNumber=11-000-374, price=65, distanceIncluded=800, features=Type of features, about=very nice car)
18:02:42.875  INFO  manager.ListenerWD - Before Find Element By -->By.cssSelector: div.dialog-container
18:02:43.963  INFO  manager.ListenerWD - After Find Element By -->By.cssSelector: div.dialog-container
18:02:44.034  INFO  manager.ListenerWD - Before Find Element By -->By.cssSelector: div.dialog-container>h1
18:02:44.058  INFO  manager.ListenerWD - After Find Element By -->By.cssSelector: div.dialog-container>h1
18:02:44.095  INFO  TestBase - Assert ------> Car added
18:02:44.101  INFO  manager.ListenerWD - Before Find Element By -->By.xpath: //button[text()='Search cars']
18:02:44.126  INFO  manager.ListenerWD - After Find Element By -->By.xpath: //button[text()='Search cars']
18:02:44.353  INFO  TestBase - Return ------> Search cars
