20:04:57.604  INFO  manager.ApplicationManager - Chrome Driver was opened
20:05:00.147  INFO  manager.ApplicationManager - Current URL is -->https://ilcarro-1578153671498.web.app/search
20:05:00.212  INFO  manager.ListenerWD - Before Find Elements By -->By.xpath: //a[text()=' Logout ']
20:05:05.281  INFO  manager.ListenerWD - After Find Elements By -->By.xpath: //a[text()=' Logout ']
20:05:05.281  INFO  manager.ListenerWD - List size is -->0
20:05:05.283  INFO  manager.ListenerWD - Before Find Element By -->By.cssSelector: a[href ^='/login']
20:05:05.337  INFO  manager.ListenerWD - After Find Element By -->By.cssSelector: a[href ^='/login']
20:05:05.436  INFO  manager.ListenerWD - Before Find Element By -->By.id: email
20:05:05.472  INFO  manager.ListenerWD - After Find Element By -->By.id: email
20:05:05.682  INFO  manager.ListenerWD - Before Find Element By -->By.id: password
20:05:05.715  INFO  manager.ListenerWD - After Find Element By -->By.id: password
20:05:05.880  INFO  manager.ListenerWD - Before Find Element By -->By.cssSelector: button[type='submit']
20:05:05.913  INFO  manager.ListenerWD - After Find Element By -->By.cssSelector: button[type='submit']
20:05:05.973  INFO  manager.ListenerWD - Before Find Element By -->By.cssSelector: button[type='submit']
20:05:06.007  INFO  manager.ListenerWD - After Find Element By -->By.cssSelector: button[type='submit']
20:05:06.091  INFO  manager.ListenerWD - Before Find Elements By -->By.xpath: //button[text()='Ok']
20:05:06.655  INFO  manager.ListenerWD - After Find Elements By -->By.xpath: //button[text()='Ok']
20:05:06.655  INFO  manager.ListenerWD - List size is -->1
20:05:06.655  INFO  manager.ListenerWD - Before Find Element By -->By.xpath: //button[text()='Ok']
20:05:06.687  INFO  manager.ListenerWD - After Find Element By -->By.xpath: //button[text()='Ok']
20:05:06.725  INFO  TestBase - Test AddNewCarTests start preCondition - run with email: evnikel@gmail.com and password: Elena1234$@
20:05:07.230  INFO  manager.ListenerWD - Before Find Element By -->By.id: 1
20:05:07.256  INFO  manager.ListenerWD - After Find Element By -->By.id: 1
20:05:07.366  INFO  manager.ListenerWD - Before Find Element By -->By.id: pickUpPlace
20:05:07.394  INFO  manager.ListenerWD - After Find Element By -->By.id: pickUpPlace
20:05:07.561  INFO  manager.ListenerWD - Before Find Element By -->By.cssSelector: div.pac-item
20:05:07.900  INFO  manager.ListenerWD - After Find Element By -->By.cssSelector: div.pac-item
20:05:08.476  INFO  manager.ListenerWD - Before Find Element By -->By.id: make
20:05:08.545  INFO  manager.ListenerWD - After Find Element By -->By.id: make
20:05:08.845  INFO  manager.ListenerWD - Before Find Element By -->By.id: model
20:05:08.889  INFO  manager.ListenerWD - After Find Element By -->By.id: model
20:05:09.103  INFO  manager.ListenerWD - Before Find Element By -->By.id: year
20:05:09.132  INFO  manager.ListenerWD - After Find Element By -->By.id: year
20:05:09.330  INFO  manager.ListenerWD - Before Find Element By -->By.id: engine
20:05:09.362  INFO  manager.ListenerWD - After Find Element By -->By.id: engine
20:05:09.550  INFO  manager.ListenerWD - Before Find Element By -->By.id: fuel
20:05:09.584  INFO  manager.ListenerWD - After Find Element By -->By.id: fuel
20:05:09.718  INFO  manager.ListenerWD - Before Find Element By -->By.id: gear
20:05:09.750  INFO  manager.ListenerWD - After Find Element By -->By.id: gear
20:05:09.880  INFO  manager.ListenerWD - Before Find Element By -->By.id: wheelsDrive
20:05:09.920  INFO  manager.ListenerWD - After Find Element By -->By.id: wheelsDrive
20:05:10.039  INFO  manager.ListenerWD - Before Find Element By -->By.id: doors
20:05:10.068  INFO  manager.ListenerWD - After Find Element By -->By.id: doors
20:05:10.343  INFO  manager.ListenerWD - Before Find Element By -->By.id: seats
20:05:10.382  INFO  manager.ListenerWD - After Find Element By -->By.id: seats
20:05:10.550  INFO  manager.ListenerWD - Before Find Element By -->By.id: class
20:05:10.575  INFO  manager.ListenerWD - After Find Element By -->By.id: class
20:05:10.753  INFO  manager.ListenerWD - Before Find Element By -->By.id: fuelConsumption
20:05:10.783  INFO  manager.ListenerWD - After Find Element By -->By.id: fuelConsumption
20:05:11.007  INFO  manager.ListenerWD - Before Find Element By -->By.id: serialNumber
20:05:11.044  INFO  manager.ListenerWD - After Find Element By -->By.id: serialNumber
20:05:11.264  INFO  manager.ListenerWD - Before Find Element By -->By.id: price
20:05:11.295  INFO  manager.ListenerWD - After Find Element By -->By.id: price
20:05:11.569  INFO  manager.ListenerWD - Before Find Element By -->By.id: distance
20:05:11.612  INFO  manager.ListenerWD - After Find Element By -->By.id: distance
20:05:11.778  INFO  manager.ListenerWD - Before Find Element By -->By.cssSelector: .feature-input
20:05:11.797  INFO  manager.ListenerWD - After Find Element By -->By.cssSelector: .feature-input
20:05:11.983  INFO  manager.ListenerWD - Before Find Element By -->By.id: about
20:05:12.005  INFO  manager.ListenerWD - After Find Element By -->By.id: about
20:05:12.124  INFO  manager.ListenerWD - Before Find Element By -->By.id: photos
20:05:12.141  INFO  manager.ListenerWD - After Find Element By -->By.id: photos
20:05:12.184  INFO  manager.ListenerWD - Before Find Element By -->By.cssSelector: button[type='submit']
20:05:12.202  INFO  manager.ListenerWD - After Find Element By -->By.cssSelector: button[type='submit']
20:05:13.846  INFO  manager.ListenerWD - Before Find Element By -->By.cssSelector: button[type='submit']
20:05:13.859  INFO  manager.ListenerWD - After Find Element By -->By.cssSelector: button[type='submit']
20:05:13.992  INFO  TestBase - Tests start addCarSuccess with data----->Car(location=Haifa, Israel, make=BMW, model=M5, year=2020, engine=2.5, fuel=Petrol, gear=AT, wD=AWD, doors=5, seats=4, clasS=C, fuelConsumption=6.5, carRegistrationNumber=11-000-507, price=65, distanceIncluded=800, features=Type of features, about=very nice car)
20:05:13.993  INFO  manager.ListenerWD - Before Find Element By -->By.cssSelector: div.dialog-container
20:05:15.100  INFO  manager.ListenerWD - After Find Element By -->By.cssSelector: div.dialog-container
20:05:15.129  INFO  manager.ListenerWD - Before Find Element By -->By.cssSelector: div.dialog-container>h1
20:05:15.159  INFO  manager.ListenerWD - After Find Element By -->By.cssSelector: div.dialog-container>h1
20:05:15.192  INFO  TestBase - Assert ------> Car added
20:05:15.197  INFO  manager.ListenerWD - Before Find Element By -->By.xpath: //button[text()='Search cars']
20:05:15.252  INFO  manager.ListenerWD - After Find Element By -->By.xpath: //button[text()='Search cars']
20:05:15.346  INFO  TestBase - Return ------> Search cars
20:05:15.381  INFO  TestBase - Start checking authorization
20:05:15.382  INFO  manager.ListenerWD - Before Find Elements By -->By.xpath: //a[text()=' Logout ']
20:05:15.442  INFO  manager.ListenerWD - After Find Elements By -->By.xpath: //a[text()=' Logout ']
20:05:15.442  INFO  manager.ListenerWD - List size is -->1
20:05:15.442  INFO  manager.ListenerWD - Before Find Element By -->By.xpath: //a[text()=' Logout ']
20:05:15.543  INFO  manager.ListenerWD - After Find Element By -->By.xpath: //a[text()=' Logout ']
20:05:15.680  INFO  TestBase - Test was needed in logout 
20:05:15.683  INFO  TestBase - Test LoginTests start with name ----->email: evnikel@gmail.compasswordElena1234$@
20:05:15.683  INFO  manager.ListenerWD - Before Find Element By -->By.cssSelector: a[href ^='/login']
20:05:15.709  INFO  manager.ListenerWD - After Find Element By -->By.cssSelector: a[href ^='/login']
20:05:15.805  INFO  manager.ListenerWD - Before Find Element By -->By.id: email
20:05:15.835  INFO  manager.ListenerWD - After Find Element By -->By.id: email
20:05:16.050  INFO  manager.ListenerWD - Before Find Element By -->By.id: password
20:05:16.077  INFO  manager.ListenerWD - After Find Element By -->By.id: password
20:05:16.269  INFO  TestBase - User login data: email: evnikel@gmail.com & password Elena1234$@
20:05:16.270  INFO  manager.ListenerWD - Before Find Element By -->By.cssSelector: button[type='submit']
20:05:16.300  INFO  manager.ListenerWD - After Find Element By -->By.cssSelector: button[type='submit']
20:05:16.363  INFO  manager.ListenerWD - Before Find Element By -->By.cssSelector: button[type='submit']
20:05:16.408  INFO  manager.ListenerWD - After Find Element By -->By.cssSelector: button[type='submit']
20:05:16.487  INFO  TestBase - Assert ---> Logged in success 
20:05:16.488  INFO  manager.ListenerWD - Before Find Element By -->By.cssSelector: div.dialog-container
20:05:16.931  INFO  manager.ListenerWD - After Find Element By -->By.cssSelector: div.dialog-container
20:05:16.962  INFO  manager.ListenerWD - Before Find Element By -->By.cssSelector: h2.message
20:05:16.995  INFO  manager.ListenerWD - After Find Element By -->By.cssSelector: h2.message
20:05:17.532  INFO  manager.ListenerWD - Before Find Elements By -->By.xpath: //button[text()='Ok']
20:05:17.548  INFO  manager.ListenerWD - After Find Elements By -->By.xpath: //button[text()='Ok']
20:05:17.548  INFO  manager.ListenerWD - List size is -->1
20:05:17.548  INFO  manager.ListenerWD - Before Find Element By -->By.xpath: //button[text()='Ok']
20:05:17.563  INFO  manager.ListenerWD - After Find Element By -->By.xpath: //button[text()='Ok']
20:05:17.622  INFO  TestBase - Start checking authorization
20:05:17.623  INFO  manager.ListenerWD - Before Find Elements By -->By.xpath: //a[text()=' Logout ']
20:05:17.645  INFO  manager.ListenerWD - After Find Elements By -->By.xpath: //a[text()=' Logout ']
20:05:17.645  INFO  manager.ListenerWD - List size is -->1
20:05:17.646  INFO  manager.ListenerWD - Before Find Element By -->By.xpath: //a[text()=' Logout ']
20:05:17.665  INFO  manager.ListenerWD - After Find Element By -->By.xpath: //a[text()=' Logout ']
20:05:17.871  INFO  TestBase - Test was needed in logout 
20:05:17.873  INFO  TestBase - Test LoginTests start with name ----->email: lis2161@gmail.compasswordLis123@12
20:05:17.873  INFO  manager.ListenerWD - Before Find Element By -->By.cssSelector: a[href ^='/login']
20:05:17.915  INFO  manager.ListenerWD - After Find Element By -->By.cssSelector: a[href ^='/login']
20:05:18.056  INFO  manager.ListenerWD - Before Find Element By -->By.id: email
20:05:18.087  INFO  manager.ListenerWD - After Find Element By -->By.id: email
20:05:18.292  INFO  manager.ListenerWD - Before Find Element By -->By.id: password
20:05:18.325  INFO  manager.ListenerWD - After Find Element By -->By.id: password
20:05:18.593  INFO  TestBase - User login data: email: evnikel@gmail.com & password Elena1234$@
20:05:18.594  INFO  manager.ListenerWD - Before Find Element By -->By.cssSelector: button[type='submit']
20:05:18.644  INFO  manager.ListenerWD - After Find Element By -->By.cssSelector: button[type='submit']
20:05:18.698  INFO  manager.ListenerWD - Before Find Element By -->By.cssSelector: button[type='submit']
20:05:18.731  INFO  manager.ListenerWD - After Find Element By -->By.cssSelector: button[type='submit']
20:05:18.807  INFO  TestBase - Assert ---> Logged in success 
20:05:18.808  INFO  manager.ListenerWD - Before Find Element By -->By.cssSelector: div.dialog-container
20:05:19.198  INFO  manager.ListenerWD - After Find Element By -->By.cssSelector: div.dialog-container
20:05:19.272  INFO  manager.ListenerWD - Before Find Element By -->By.cssSelector: h2.message
20:05:19.313  INFO  manager.ListenerWD - After Find Element By -->By.cssSelector: h2.message
20:05:19.864  INFO  manager.ListenerWD - Before Find Elements By -->By.xpath: //button[text()='Ok']
20:05:19.914  INFO  manager.ListenerWD - After Find Elements By -->By.xpath: //button[text()='Ok']
20:05:19.915  INFO  manager.ListenerWD - List size is -->1
20:05:19.915  INFO  manager.ListenerWD - Before Find Element By -->By.xpath: //button[text()='Ok']
20:05:19.960  INFO  manager.ListenerWD - After Find Element By -->By.xpath: //button[text()='Ok']
20:05:20.081  INFO  TestBase - Start checking authorization
20:05:20.082  INFO  manager.ListenerWD - Before Find Elements By -->By.xpath: //a[text()=' Logout ']
20:05:20.133  INFO  manager.ListenerWD - After Find Elements By -->By.xpath: //a[text()=' Logout ']
20:05:20.134  INFO  manager.ListenerWD - List size is -->1
20:05:20.135  INFO  manager.ListenerWD - Before Find Element By -->By.xpath: //a[text()=' Logout ']
20:05:20.260  INFO  manager.ListenerWD - After Find Element By -->By.xpath: //a[text()=' Logout ']
20:05:20.375  INFO  TestBase - Test was needed in logout 
20:05:20.376  INFO  TestBase - Test LoginTests start with name ----->email: lis2165@gmail.compasswordLis123@12
20:05:20.377  INFO  manager.ListenerWD - Before Find Element By -->By.cssSelector: a[href ^='/login']
20:05:20.414  INFO  manager.ListenerWD - After Find Element By -->By.cssSelector: a[href ^='/login']
20:05:20.548  INFO  manager.ListenerWD - Before Find Element By -->By.id: email
20:05:20.573  INFO  manager.ListenerWD - After Find Element By -->By.id: email
20:05:20.835  INFO  manager.ListenerWD - Before Find Element By -->By.id: password
20:05:20.877  INFO  manager.ListenerWD - After Find Element By -->By.id: password
20:05:21.083  INFO  TestBase - User login data: email: evnikel@gmail.com & password Elena1234$@
20:05:21.085  INFO  manager.ListenerWD - Before Find Element By -->By.cssSelector: button[type='submit']
20:05:21.113  INFO  manager.ListenerWD - After Find Element By -->By.cssSelector: button[type='submit']
20:05:21.165  INFO  manager.ListenerWD - Before Find Element By -->By.cssSelector: button[type='submit']
20:05:21.191  INFO  manager.ListenerWD - After Find Element By -->By.cssSelector: button[type='submit']
20:05:21.273  INFO  TestBase - Assert ---> Logged in success 
20:05:21.274  INFO  manager.ListenerWD - Before Find Element By -->By.cssSelector: div.dialog-container
20:05:21.726  INFO  manager.ListenerWD - After Find Element By -->By.cssSelector: div.dialog-container
20:05:21.752  INFO  manager.ListenerWD - Before Find Element By -->By.cssSelector: h2.message
20:05:21.785  INFO  manager.ListenerWD - After Find Element By -->By.cssSelector: h2.message
20:05:22.317  INFO  manager.ListenerWD - Before Find Elements By -->By.xpath: //button[text()='Ok']
20:05:22.358  INFO  manager.ListenerWD - After Find Elements By -->By.xpath: //button[text()='Ok']
20:05:22.358  INFO  manager.ListenerWD - List size is -->1
20:05:22.358  INFO  manager.ListenerWD - Before Find Element By -->By.xpath: //button[text()='Ok']
20:05:22.399  INFO  manager.ListenerWD - After Find Element By -->By.xpath: //button[text()='Ok']
20:05:22.523  INFO  TestBase - Start checking authorization
20:05:22.523  INFO  manager.ListenerWD - Before Find Elements By -->By.xpath: //a[text()=' Logout ']
20:05:22.574  INFO  manager.ListenerWD - After Find Elements By -->By.xpath: //a[text()=' Logout ']
20:05:22.575  INFO  manager.ListenerWD - List size is -->1
20:05:22.575  INFO  manager.ListenerWD - Before Find Element By -->By.xpath: //a[text()=' Logout ']
20:05:22.692  INFO  manager.ListenerWD - After Find Element By -->By.xpath: //a[text()=' Logout ']
20:05:22.808  INFO  TestBase - Test was needed in logout 
20:05:22.809  INFO  manager.ListenerWD - Before Find Element By -->By.xpath: //a[text()='Log in']
20:05:22.848  INFO  manager.ListenerWD - After Find Element By -->By.xpath: //a[text()='Log in']
20:05:23.363  INFO  manager.ListenerWD - Before Find Element By -->By.id: email
20:05:23.381  INFO  manager.ListenerWD - After Find Element By -->By.id: email
20:05:23.705  INFO  manager.ListenerWD - Before Find Element By -->By.id: password
20:05:23.732  INFO  manager.ListenerWD - After Find Element By -->By.id: password
20:05:23.957  INFO  TestBase - Test start loginSuccessModels - run with username and passwordUser{name='null', lastname='null', email='evnikel@gmail.com', password='Elena1234$@', phone='null'}
20:05:23.957  INFO  manager.ListenerWD - Before Find Element By -->By.cssSelector: button[type='submit']
20:05:23.985  INFO  manager.ListenerWD - After Find Element By -->By.cssSelector: button[type='submit']
20:05:24.030  INFO  manager.ListenerWD - Before Find Element By -->By.cssSelector: button[type='submit']
20:05:24.058  INFO  manager.ListenerWD - After Find Element By -->By.cssSelector: button[type='submit']
20:05:24.133  INFO  TestBase - Assert-----> Logged in success
20:05:24.134  INFO  manager.ListenerWD - Before Find Element By -->By.cssSelector: div.dialog-container
20:05:24.761  INFO  manager.ListenerWD - After Find Element By -->By.cssSelector: div.dialog-container
20:05:24.823  INFO  manager.ListenerWD - Before Find Element By -->By.cssSelector: h2.message
20:05:24.865  INFO  manager.ListenerWD - After Find Element By -->By.cssSelector: h2.message
20:05:24.920  INFO  manager.ListenerWD - Before Find Elements By -->By.xpath: //button[text()='Ok']
20:05:24.971  INFO  manager.ListenerWD - After Find Elements By -->By.xpath: //button[text()='Ok']
20:05:24.973  INFO  manager.ListenerWD - List size is -->1
20:05:24.974  INFO  manager.ListenerWD - Before Find Element By -->By.xpath: //button[text()='Ok']
20:05:25.027  INFO  manager.ListenerWD - After Find Element By -->By.xpath: //button[text()='Ok']
20:05:25.144  INFO  TestBase - Start checking authorization
20:05:25.144  INFO  manager.ListenerWD - Before Find Elements By -->By.xpath: //a[text()=' Logout ']
20:05:25.176  INFO  manager.ListenerWD - After Find Elements By -->By.xpath: //a[text()=' Logout ']
20:05:25.176  INFO  manager.ListenerWD - List size is -->1
20:05:25.176  INFO  manager.ListenerWD - Before Find Element By -->By.xpath: //a[text()=' Logout ']
20:05:25.195  INFO  manager.ListenerWD - After Find Element By -->By.xpath: //a[text()=' Logout ']
20:05:25.436  INFO  TestBase - Test was needed in logout 
20:05:25.438  INFO  TestBase - Login scenario success was used dataUser{name='null', lastname='null', email='evnikel@gmail.com', password='Elena1234$@', phone='null'}
20:05:25.438  INFO  manager.ListenerWD - Before Find Element By -->By.xpath: //a[text()='Log in']
20:05:25.460  INFO  manager.ListenerWD - After Find Element By -->By.xpath: //a[text()='Log in']
20:05:25.813  INFO  manager.ListenerWD - Before Find Element By -->By.id: email
20:05:25.832  INFO  manager.ListenerWD - After Find Element By -->By.id: email
20:05:26.065  INFO  manager.ListenerWD - Before Find Element By -->By.id: password
20:05:26.086  INFO  manager.ListenerWD - After Find Element By -->By.id: password
20:05:26.277  INFO  TestBase - Test start loginSuccessModels - run with username and passwordUser{name='null', lastname='null', email='evnikel@gmail.com', password='Elena1234$@', phone='null'}
20:05:26.277  INFO  manager.ListenerWD - Before Find Element By -->By.cssSelector: button[type='submit']
20:05:26.302  INFO  manager.ListenerWD - After Find Element By -->By.cssSelector: button[type='submit']
20:05:26.344  INFO  manager.ListenerWD - Before Find Element By -->By.cssSelector: button[type='submit']
20:05:26.366  INFO  manager.ListenerWD - After Find Element By -->By.cssSelector: button[type='submit']
20:05:26.436  INFO  TestBase - Assert-----> Logged in success
20:05:26.437  INFO  manager.ListenerWD - Before Find Element By -->By.cssSelector: div.dialog-container
20:05:26.879  INFO  manager.ListenerWD - After Find Element By -->By.cssSelector: div.dialog-container
20:05:26.915  INFO  manager.ListenerWD - Before Find Element By -->By.cssSelector: h2.message
20:05:26.953  INFO  manager.ListenerWD - After Find Element By -->By.cssSelector: h2.message
20:05:26.987  INFO  manager.ListenerWD - Before Find Elements By -->By.xpath: //button[text()='Ok']
20:05:27.021  INFO  manager.ListenerWD - After Find Elements By -->By.xpath: //button[text()='Ok']
20:05:27.022  INFO  manager.ListenerWD - List size is -->1
20:05:27.023  INFO  manager.ListenerWD - Before Find Element By -->By.xpath: //button[text()='Ok']
20:05:27.050  INFO  manager.ListenerWD - After Find Element By -->By.xpath: //button[text()='Ok']
20:05:27.123  INFO  TestBase - Start checking authorization
20:05:27.123  INFO  manager.ListenerWD - Before Find Elements By -->By.xpath: //a[text()=' Logout ']
20:05:27.143  INFO  manager.ListenerWD - After Find Elements By -->By.xpath: //a[text()=' Logout ']
20:05:27.143  INFO  manager.ListenerWD - List size is -->1
20:05:27.143  INFO  manager.ListenerWD - Before Find Element By -->By.xpath: //a[text()=' Logout ']
20:05:27.167  INFO  manager.ListenerWD - After Find Element By -->By.xpath: //a[text()=' Logout ']
20:05:27.363  INFO  TestBase - Test was needed in logout 
20:05:27.365  INFO  TestBase - Login scenario success was used dataUser{name='null', lastname='null', email='lis2161@gmail.com', password='Lis123@12', phone='null'}
20:05:27.368  INFO  manager.ListenerWD - Before Find Element By -->By.xpath: //a[text()='Log in']
20:05:27.400  INFO  manager.ListenerWD - After Find Element By -->By.xpath: //a[text()='Log in']
20:05:27.749  INFO  manager.ListenerWD - Before Find Element By -->By.id: email
20:05:27.767  INFO  manager.ListenerWD - After Find Element By -->By.id: email
20:05:27.963  INFO  manager.ListenerWD - Before Find Element By -->By.id: password
20:05:27.982  INFO  manager.ListenerWD - After Find Element By -->By.id: password
20:05:28.241  INFO  TestBase - Test start loginSuccessModels - run with username and passwordUser{name='null', lastname='null', email='lis2161@gmail.com', password='Lis123@12', phone='null'}
20:05:28.242  INFO  manager.ListenerWD - Before Find Element By -->By.cssSelector: button[type='submit']
20:05:28.302  INFO  manager.ListenerWD - After Find Element By -->By.cssSelector: button[type='submit']
20:05:28.370  INFO  manager.ListenerWD - Before Find Element By -->By.cssSelector: button[type='submit']
20:05:28.391  INFO  manager.ListenerWD - After Find Element By -->By.cssSelector: button[type='submit']
20:05:28.447  INFO  TestBase - Assert-----> Logged in success
20:05:28.447  INFO  manager.ListenerWD - Before Find Element By -->By.cssSelector: div.dialog-container
20:05:28.856  INFO  manager.ListenerWD - After Find Element By -->By.cssSelector: div.dialog-container
20:05:28.875  INFO  manager.ListenerWD - Before Find Element By -->By.cssSelector: h2.message
20:05:28.893  INFO  manager.ListenerWD - After Find Element By -->By.cssSelector: h2.message
20:05:28.920  INFO  manager.ListenerWD - Before Find Elements By -->By.xpath: //button[text()='Ok']
20:05:28.941  INFO  manager.ListenerWD - After Find Elements By -->By.xpath: //button[text()='Ok']
20:05:28.941  INFO  manager.ListenerWD - List size is -->1
20:05:28.941  INFO  manager.ListenerWD - Before Find Element By -->By.xpath: //button[text()='Ok']
20:05:28.961  INFO  manager.ListenerWD - After Find Element By -->By.xpath: //button[text()='Ok']
20:05:29.034  INFO  TestBase - Start checking authorization
20:05:29.034  INFO  manager.ListenerWD - Before Find Elements By -->By.xpath: //a[text()=' Logout ']
20:05:29.058  INFO  manager.ListenerWD - After Find Elements By -->By.xpath: //a[text()=' Logout ']
20:05:29.058  INFO  manager.ListenerWD - List size is -->1
20:05:29.059  INFO  manager.ListenerWD - Before Find Element By -->By.xpath: //a[text()=' Logout ']
20:05:29.077  INFO  manager.ListenerWD - After Find Element By -->By.xpath: //a[text()=' Logout ']
20:05:29.278  INFO  TestBase - Test was needed in logout 
20:05:29.281  INFO  TestBase - Login scenario success was used dataUser{name='null', lastname='null', email='lis2165@gmail.com', password='Lis123@12', phone='null'}
20:05:29.285  INFO  manager.ListenerWD - Before Find Element By -->By.xpath: //a[text()='Log in']
20:05:29.323  INFO  manager.ListenerWD - After Find Element By -->By.xpath: //a[text()='Log in']
20:05:29.683  INFO  manager.ListenerWD - Before Find Element By -->By.id: email
20:05:29.699  INFO  manager.ListenerWD - After Find Element By -->By.id: email
20:05:29.896  INFO  manager.ListenerWD - Before Find Element By -->By.id: password
20:05:29.912  INFO  manager.ListenerWD - After Find Element By -->By.id: password
20:05:30.139  INFO  TestBase - Test start loginSuccessModels - run with username and passwordUser{name='null', lastname='null', email='lis2165@gmail.com', password='Lis123@12', phone='null'}
20:05:30.140  INFO  manager.ListenerWD - Before Find Element By -->By.cssSelector: button[type='submit']
20:05:30.170  INFO  manager.ListenerWD - After Find Element By -->By.cssSelector: button[type='submit']
20:05:30.210  INFO  manager.ListenerWD - Before Find Element By -->By.cssSelector: button[type='submit']
20:05:30.235  INFO  manager.ListenerWD - After Find Element By -->By.cssSelector: button[type='submit']
20:05:30.316  INFO  TestBase - Assert-----> Logged in success
20:05:30.316  INFO  manager.ListenerWD - Before Find Element By -->By.cssSelector: div.dialog-container
20:05:30.763  INFO  manager.ListenerWD - After Find Element By -->By.cssSelector: div.dialog-container
20:05:30.790  INFO  manager.ListenerWD - Before Find Element By -->By.cssSelector: h2.message
20:05:30.823  INFO  manager.ListenerWD - After Find Element By -->By.cssSelector: h2.message
20:05:30.859  INFO  manager.ListenerWD - Before Find Elements By -->By.xpath: //button[text()='Ok']
20:05:30.890  INFO  manager.ListenerWD - After Find Elements By -->By.xpath: //button[text()='Ok']
20:05:30.890  INFO  manager.ListenerWD - List size is -->1
20:05:30.890  INFO  manager.ListenerWD - Before Find Element By -->By.xpath: //button[text()='Ok']
20:05:30.920  INFO  manager.ListenerWD - After Find Element By -->By.xpath: //button[text()='Ok']
20:05:30.988  INFO  TestBase - Start checking authorization
20:05:30.989  INFO  manager.ListenerWD - Before Find Elements By -->By.xpath: //a[text()=' Logout ']
20:05:31.009  INFO  manager.ListenerWD - After Find Elements By -->By.xpath: //a[text()=' Logout ']
20:05:31.009  INFO  manager.ListenerWD - List size is -->1
20:05:31.009  INFO  manager.ListenerWD - Before Find Element By -->By.xpath: //a[text()=' Logout ']
20:05:31.030  INFO  manager.ListenerWD - After Find Element By -->By.xpath: //a[text()=' Logout ']
20:05:31.288  INFO  TestBase - Test was needed in logout 
20:05:31.289  INFO  manager.ListenerWD - Before Find Element By -->By.cssSelector: a[href ^='/login']
20:05:31.316  INFO  manager.ListenerWD - After Find Element By -->By.cssSelector: a[href ^='/login']
20:05:31.428  INFO  manager.ListenerWD - Before Find Element By -->By.id: email
20:05:31.451  INFO  manager.ListenerWD - After Find Element By -->By.id: email
20:05:31.681  INFO  manager.ListenerWD - Before Find Element By -->By.id: password
20:05:31.702  INFO  manager.ListenerWD - After Find Element By -->By.id: password
20:05:31.859  INFO  manager.ListenerWD - Before Find Element By -->By.cssSelector: button[type='submit']
20:05:31.876  INFO  manager.ListenerWD - After Find Element By -->By.cssSelector: button[type='submit']
20:05:31.926  INFO  TestBase - Test start negativeWrongEmail - run with username and passwordUser{name='null', lastname='null', email='evnikelgmail.com', password='Elena1234$@', phone='null'}
20:05:31.927  INFO  manager.ListenerWD - Before Find Element By -->By.cssSelector: div.error>div
20:05:31.953  INFO  manager.ListenerWD - After Find Element By -->By.cssSelector: div.error>div
20:05:31.982  INFO  TestBase - Assert error Message-----> It'snot look like email
20:05:31.983  INFO  manager.ListenerWD - Before Find Elements By -->By.cssSelector: button[disabled]
20:05:32.034  INFO  manager.ListenerWD - After Find Elements By -->By.cssSelector: button[disabled]
20:05:32.034  INFO  manager.ListenerWD - List size is -->1
20:05:32.034  INFO  manager.ListenerWD - Before Find Element By -->By.cssSelector: [type='submit']
20:05:32.091  INFO  manager.ListenerWD - After Find Element By -->By.cssSelector: [type='submit']
20:05:32.107  INFO  TestBase - Assert ------> isYallaButtonNotActive
20:05:32.109  INFO  manager.ListenerWD - Before Find Elements By -->By.xpath: //button[text()='Ok']
20:05:37.122  INFO  manager.ListenerWD - After Find Elements By -->By.xpath: //button[text()='Ok']
20:05:37.122  INFO  manager.ListenerWD - List size is -->0
20:05:37.125  INFO  TestBase - Start checking authorization
20:05:37.125  INFO  manager.ListenerWD - Before Find Elements By -->By.xpath: //a[text()=' Logout ']
20:05:42.173  INFO  manager.ListenerWD - After Find Elements By -->By.xpath: //a[text()=' Logout ']
20:05:42.173  INFO  manager.ListenerWD - List size is -->0
20:05:42.174  INFO  TestBase - Test was not needed in logout 
20:05:42.175  INFO  manager.ListenerWD - Before Find Element By -->By.cssSelector: a[href ^='/login']
20:05:42.219  INFO  manager.ListenerWD - After Find Element By -->By.cssSelector: a[href ^='/login']
20:05:42.425  INFO  manager.ListenerWD - Before Find Element By -->By.id: email
20:05:42.458  INFO  manager.ListenerWD - After Find Element By -->By.id: email
20:05:42.633  INFO  manager.ListenerWD - Before Find Element By -->By.id: password
20:05:42.649  INFO  manager.ListenerWD - After Find Element By -->By.id: password
20:05:42.820  INFO  TestBase - Test start negativeWrongPassword - run with username and passwordUser{name='null', lastname='null', email='evnikel@gmail.com', password='Ylena1234$@', phone='null'}
20:05:42.820  INFO  manager.ListenerWD - Before Find Element By -->By.cssSelector: button[type='submit']
20:05:42.855  INFO  manager.ListenerWD - After Find Element By -->By.cssSelector: button[type='submit']
20:05:42.917  INFO  TestBase - Assert error Message-----> Wrong email or password
20:05:42.917  INFO  TestBase - Assert ------> Authorization error
20:05:42.919  INFO  manager.ListenerWD - Before Find Element By -->By.cssSelector: div.dialog-container
20:05:43.311  INFO  manager.ListenerWD - After Find Element By -->By.cssSelector: div.dialog-container
20:05:43.337  INFO  manager.ListenerWD - Before Find Element By -->By.cssSelector: h2.message
20:05:43.359  INFO  manager.ListenerWD - After Find Element By -->By.cssSelector: h2.message
20:05:43.387  INFO  manager.ListenerWD - Before Find Element By -->By.cssSelector: div.dialog-container
20:05:43.411  INFO  manager.ListenerWD - After Find Element By -->By.cssSelector: div.dialog-container
20:05:43.439  INFO  manager.ListenerWD - Before Find Element By -->By.cssSelector: div.dialog-container>h1
20:05:43.469  INFO  manager.ListenerWD - After Find Element By -->By.cssSelector: div.dialog-container>h1
20:05:43.493  INFO  manager.ListenerWD - Before Find Elements By -->By.xpath: //button[text()='Ok']
20:05:43.518  INFO  manager.ListenerWD - After Find Elements By -->By.xpath: //button[text()='Ok']
20:05:43.518  INFO  manager.ListenerWD - List size is -->1
20:05:43.518  INFO  manager.ListenerWD - Before Find Element By -->By.xpath: //button[text()='Ok']
20:05:43.540  INFO  manager.ListenerWD - After Find Element By -->By.xpath: //button[text()='Ok']
20:05:43.623  INFO  manager.ListenerWD - Before Find Elements By -->By.xpath: //a[text()=' Logout ']
20:05:48.647  INFO  manager.ListenerWD - After Find Elements By -->By.xpath: //a[text()=' Logout ']
20:05:48.648  INFO  manager.ListenerWD - List size is -->0
20:05:48.652  INFO  TestBase - Registration  scenario success was used dataUser{name='Lisa', lastname='Snow', email='lis348@gmail.com', password='Lis123@12', phone='null'}
20:05:48.653  INFO  manager.ListenerWD - Before Find Element By -->By.xpath: //a[text()=' Sign up ']
20:05:48.723  INFO  manager.ListenerWD - After Find Element By -->By.xpath: //a[text()=' Sign up ']
20:05:48.905  INFO  manager.ListenerWD - Before Find Element By -->By.id: name
20:05:48.941  INFO  manager.ListenerWD - After Find Element By -->By.id: name
20:05:49.164  INFO  manager.ListenerWD - Before Find Element By -->By.id: lastName
20:05:49.199  INFO  manager.ListenerWD - After Find Element By -->By.id: lastName
20:05:49.758  INFO  manager.ListenerWD - Before Find Element By -->By.id: email
20:05:49.786  INFO  manager.ListenerWD - After Find Element By -->By.id: email
20:05:50.013  INFO  manager.ListenerWD - Before Find Element By -->By.id: password
20:05:50.048  INFO  manager.ListenerWD - After Find Element By -->By.id: password
20:05:50.324  INFO  TestBase - Tests start registrationSuccess with data----->User{name='Lisa', lastname='Snow', email='lis348@gmail.com', password='Lis123@12', phone='null'}
20:05:50.324  INFO  manager.ListenerWD - Before Find Element By -->By.cssSelector: label[for='terms-of-use']
20:05:50.399  INFO  manager.ListenerWD - After Find Element By -->By.cssSelector: label[for='terms-of-use']
20:05:50.606  INFO  TestBase - Type ---> I agree to the terms of use and privacy policy and Button Yalla
20:05:50.606  INFO  manager.ListenerWD - Before Find Element By -->By.cssSelector: button[type='submit']
20:05:50.661  INFO  manager.ListenerWD - After Find Element By -->By.cssSelector: button[type='submit']
20:05:50.741  INFO  manager.ListenerWD - Before Find Element By -->By.cssSelector: button[type='submit']
20:05:50.770  INFO  manager.ListenerWD - After Find Element By -->By.cssSelector: button[type='submit']
20:05:52.869  INFO  manager.ListenerWD - Before Find Element By -->By.cssSelector: div.dialog-container
20:05:52.889  INFO  manager.ListenerWD - After Find Element By -->By.cssSelector: div.dialog-container
20:05:52.908  INFO  manager.ListenerWD - Before Find Element By -->By.cssSelector: div.dialog-container>h1
20:05:52.925  INFO  manager.ListenerWD - After Find Element By -->By.cssSelector: div.dialog-container>h1
20:05:52.944  INFO  TestBase - Assert ------> Registeredd
20:05:52.945  INFO  manager.ListenerWD - Before Find Elements By -->By.xpath: //button[text()='Ok']
20:05:52.962  INFO  manager.ListenerWD - After Find Elements By -->By.xpath: //button[text()='Ok']
20:05:52.962  INFO  manager.ListenerWD - List size is -->1
20:05:52.962  INFO  manager.ListenerWD - Before Find Element By -->By.xpath: //button[text()='Ok']
20:05:52.976  INFO  manager.ListenerWD - After Find Element By -->By.xpath: //button[text()='Ok']
20:05:53.014  INFO  manager.ListenerWD - Before Find Elements By -->By.xpath: //a[text()=' Logout ']
20:05:53.058  INFO  manager.ListenerWD - After Find Elements By -->By.xpath: //a[text()=' Logout ']
20:05:53.058  INFO  manager.ListenerWD - List size is -->1
20:05:53.059  INFO  manager.ListenerWD - Before Find Element By -->By.xpath: //a[text()=' Logout ']
20:05:53.086  INFO  manager.ListenerWD - After Find Element By -->By.xpath: //a[text()=' Logout ']
20:05:53.367  INFO  TestBase - RegistrationTests start preCondition - run with email: evnikel@gmail.com and password: Elena1234$@
20:05:53.369  INFO  TestBase - Registration  scenario success was used dataUser{name='Lisa', lastname='Snow', email='lis353@gmail.com', password='Lis123@12', phone='null'}
20:05:53.369  INFO  manager.ListenerWD - Before Find Element By -->By.xpath: //a[text()=' Sign up ']
20:05:53.406  INFO  manager.ListenerWD - After Find Element By -->By.xpath: //a[text()=' Sign up ']
20:05:53.552  INFO  manager.ListenerWD - Before Find Element By -->By.id: name
20:05:53.570  INFO  manager.ListenerWD - After Find Element By -->By.id: name
20:05:53.707  INFO  manager.ListenerWD - Before Find Element By -->By.id: lastName
20:05:53.733  INFO  manager.ListenerWD - After Find Element By -->By.id: lastName
20:05:53.906  INFO  manager.ListenerWD - Before Find Element By -->By.id: email
20:05:53.932  INFO  manager.ListenerWD - After Find Element By -->By.id: email
20:05:54.206  INFO  manager.ListenerWD - Before Find Element By -->By.id: password
20:05:54.226  INFO  manager.ListenerWD - After Find Element By -->By.id: password
20:05:54.410  INFO  TestBase - Tests start registrationSuccess with data----->User{name='Lisa', lastname='Snow', email='lis353@gmail.com', password='Lis123@12', phone='null'}
20:05:54.410  INFO  manager.ListenerWD - Before Find Element By -->By.cssSelector: label[for='terms-of-use']
20:05:54.433  INFO  manager.ListenerWD - After Find Element By -->By.cssSelector: label[for='terms-of-use']
20:05:54.608  INFO  TestBase - Type ---> I agree to the terms of use and privacy policy and Button Yalla
20:05:54.610  INFO  manager.ListenerWD - Before Find Element By -->By.cssSelector: button[type='submit']
20:05:54.637  INFO  manager.ListenerWD - After Find Element By -->By.cssSelector: button[type='submit']
20:05:54.687  INFO  manager.ListenerWD - Before Find Element By -->By.cssSelector: button[type='submit']
20:05:54.710  INFO  manager.ListenerWD - After Find Element By -->By.cssSelector: button[type='submit']
20:05:56.835  INFO  manager.ListenerWD - Before Find Element By -->By.cssSelector: div.dialog-container
20:05:56.877  INFO  manager.ListenerWD - After Find Element By -->By.cssSelector: div.dialog-container
20:05:56.924  INFO  manager.ListenerWD - Before Find Element By -->By.cssSelector: div.dialog-container>h1
20:05:56.965  INFO  manager.ListenerWD - After Find Element By -->By.cssSelector: div.dialog-container>h1
20:05:57.015  INFO  TestBase - Assert ------> Registeredd
20:05:57.018  INFO  manager.ListenerWD - Before Find Elements By -->By.xpath: //button[text()='Ok']
20:05:57.042  INFO  manager.ListenerWD - After Find Elements By -->By.xpath: //button[text()='Ok']
20:05:57.043  INFO  manager.ListenerWD - List size is -->1
20:05:57.043  INFO  manager.ListenerWD - Before Find Element By -->By.xpath: //button[text()='Ok']
20:05:57.059  INFO  manager.ListenerWD - After Find Element By -->By.xpath: //button[text()='Ok']
20:05:57.100  INFO  manager.ListenerWD - Before Find Elements By -->By.xpath: //a[text()=' Logout ']
20:05:57.121  INFO  manager.ListenerWD - After Find Elements By -->By.xpath: //a[text()=' Logout ']
20:05:57.121  INFO  manager.ListenerWD - List size is -->1
20:05:57.121  INFO  manager.ListenerWD - Before Find Element By -->By.xpath: //a[text()=' Logout ']
20:05:57.149  INFO  manager.ListenerWD - After Find Element By -->By.xpath: //a[text()=' Logout ']
20:05:57.437  INFO  TestBase - RegistrationTests start preCondition - run with email: evnikel@gmail.com and password: Elena1234$@
20:05:57.438  INFO  TestBase - Registration  scenario success was used dataUser{name='Lisa', lastname='Snow', email='lis357@gmail.com', password='Lis123@12', phone='null'}
20:05:57.439  INFO  manager.ListenerWD - Before Find Element By -->By.xpath: //a[text()=' Sign up ']
20:05:57.469  INFO  manager.ListenerWD - After Find Element By -->By.xpath: //a[text()=' Sign up ']
20:05:57.569  INFO  manager.ListenerWD - Before Find Element By -->By.id: name
20:05:57.590  INFO  manager.ListenerWD - After Find Element By -->By.id: name
20:05:57.774  INFO  manager.ListenerWD - Before Find Element By -->By.id: lastName
20:05:57.799  INFO  manager.ListenerWD - After Find Element By -->By.id: lastName
20:05:57.997  INFO  manager.ListenerWD - Before Find Element By -->By.id: email
20:05:58.023  INFO  manager.ListenerWD - After Find Element By -->By.id: email
20:05:58.267  INFO  manager.ListenerWD - Before Find Element By -->By.id: password
20:05:58.288  INFO  manager.ListenerWD - After Find Element By -->By.id: password
20:05:58.518  INFO  TestBase - Tests start registrationSuccess with data----->User{name='Lisa', lastname='Snow', email='lis357@gmail.com', password='Lis123@12', phone='null'}
20:05:58.518  INFO  manager.ListenerWD - Before Find Element By -->By.cssSelector: label[for='terms-of-use']
20:05:58.542  INFO  manager.ListenerWD - After Find Element By -->By.cssSelector: label[for='terms-of-use']
20:05:58.718  INFO  TestBase - Type ---> I agree to the terms of use and privacy policy and Button Yalla
20:05:58.718  INFO  manager.ListenerWD - Before Find Element By -->By.cssSelector: button[type='submit']
20:05:58.739  INFO  manager.ListenerWD - After Find Element By -->By.cssSelector: button[type='submit']
20:05:58.768  INFO  manager.ListenerWD - Before Find Element By -->By.cssSelector: button[type='submit']
20:05:58.783  INFO  manager.ListenerWD - After Find Element By -->By.cssSelector: button[type='submit']
20:06:00.845  INFO  manager.ListenerWD - Before Find Element By -->By.cssSelector: div.dialog-container
20:06:00.890  INFO  manager.ListenerWD - After Find Element By -->By.cssSelector: div.dialog-container
20:06:00.932  INFO  manager.ListenerWD - Before Find Element By -->By.cssSelector: div.dialog-container>h1
20:06:00.967  INFO  manager.ListenerWD - After Find Element By -->By.cssSelector: div.dialog-container>h1
20:06:01.016  INFO  TestBase - Assert ------> Registeredd
20:06:01.019  INFO  manager.ListenerWD - Before Find Elements By -->By.xpath: //button[text()='Ok']
20:06:01.053  INFO  manager.ListenerWD - After Find Elements By -->By.xpath: //button[text()='Ok']
20:06:01.053  INFO  manager.ListenerWD - List size is -->1
20:06:01.053  INFO  manager.ListenerWD - Before Find Element By -->By.xpath: //button[text()='Ok']
20:06:01.073  INFO  manager.ListenerWD - After Find Element By -->By.xpath: //button[text()='Ok']
20:06:01.160  INFO  manager.ListenerWD - Before Find Elements By -->By.xpath: //a[text()=' Logout ']
20:06:01.223  INFO  manager.ListenerWD - After Find Elements By -->By.xpath: //a[text()=' Logout ']
20:06:01.224  INFO  manager.ListenerWD - List size is -->1
20:06:01.224  INFO  manager.ListenerWD - Before Find Element By -->By.xpath: //a[text()=' Logout ']
20:06:01.414  INFO  manager.ListenerWD - After Find Element By -->By.xpath: //a[text()=' Logout ']
20:06:01.583  INFO  TestBase - RegistrationTests start preCondition - run with email: evnikel@gmail.com and password: Elena1234$@
20:06:01.584  INFO  manager.ListenerWD - Before Find Element By -->By.xpath: //a[text()=' Sign up ']
20:06:01.611  INFO  manager.ListenerWD - After Find Element By -->By.xpath: //a[text()=' Sign up ']
20:06:01.723  INFO  manager.ListenerWD - Before Find Element By -->By.id: name
20:06:01.747  INFO  manager.ListenerWD - After Find Element By -->By.id: name
20:06:01.949  INFO  manager.ListenerWD - Before Find Element By -->By.id: lastName
20:06:01.978  INFO  manager.ListenerWD - After Find Element By -->By.id: lastName
20:06:02.175  INFO  manager.ListenerWD - Before Find Element By -->By.id: email
20:06:02.197  INFO  manager.ListenerWD - After Find Element By -->By.id: email
20:06:02.443  INFO  manager.ListenerWD - Before Find Element By -->By.id: password
20:06:02.481  INFO  manager.ListenerWD - After Find Element By -->By.id: password
20:06:02.738  INFO  TestBase - Test registrationWrongPassword start- run withUser{name='Lisa', lastname='Snow', email='lis@gmail.com', password='Yis', phone='null'}
20:06:02.738  INFO  manager.ListenerWD - Before Find Element By -->By.cssSelector: label[for='terms-of-use']
20:06:02.770  INFO  manager.ListenerWD - After Find Element By -->By.cssSelector: label[for='terms-of-use']
20:06:02.931  INFO  manager.ListenerWD - Before Find Element By -->By.cssSelector: div.error div:last-child
20:06:02.954  INFO  manager.ListenerWD - After Find Element By -->By.cssSelector: div.error div:last-child
20:06:02.978  INFO  TestBase - Assert Error ---> Password must contain 1 uppercase letter, 1 lowercase letter and one number
20:06:02.979  INFO  manager.ListenerWD - Before Find Element By -->By.cssSelector: div.error div:first-child
20:06:03.002  INFO  manager.ListenerWD - After Find Element By -->By.cssSelector: div.error div:first-child
20:06:03.030  INFO  TestBase - Assert Error ---> Password must contain minimum 8 symbols
20:06:03.031  INFO  manager.ListenerWD - Before Find Elements By -->By.cssSelector: button[disabled]
20:06:03.051  INFO  manager.ListenerWD - After Find Elements By -->By.cssSelector: button[disabled]
20:06:03.051  INFO  manager.ListenerWD - List size is -->1
20:06:03.051  INFO  manager.ListenerWD - Before Find Element By -->By.cssSelector: [type='submit']
20:06:03.072  INFO  manager.ListenerWD - After Find Element By -->By.cssSelector: [type='submit']
20:06:03.089  INFO  TestBase - Assert  ---> isYallaButtonNotActive
20:06:03.092  INFO  manager.ListenerWD - Before Find Elements By -->By.xpath: //button[text()='Ok']
20:06:08.123  INFO  manager.ListenerWD - After Find Elements By -->By.xpath: //button[text()='Ok']
20:06:08.123  INFO  manager.ListenerWD - List size is -->0
20:06:08.129  INFO  manager.ListenerWD - Before Find Element By -->By.id: city
20:06:13.195  INFO  manager.ListenerWD - We have a 'problem'
20:06:13.196  INFO  manager.ListenerWD - The name of error method  findElement
20:06:13.208  INFO  manager.ListenerWD - Describe of error org.openqa.selenium.NoSuchElementException: no such element: Unable to locate element: {"method":"css selector","selector":"#city"}
  (Session info: chrome=106.0.5249.119)
For documentation on this error, please visit: https://selenium.dev/exceptions/#no_such_element
Build info: version: '4.4.0', revision: 'e5c75ed026a'
System info: host: 'DESKTOP-EVABS4F', ip: '192.168.1.138', os.name: 'Windows 11', os.arch: 'amd64', os.version: '10.0', java.version: '11.0.16.1'
Driver info: org.openqa.selenium.chrome.ChromeDriver
Command: [944272b2d46bfcf7e51e88d315edfc37, findElement {using=id, value=city}]
Capabilities {acceptInsecureCerts: false, browserName: chrome, browserVersion: 106.0.5249.119, chrome: {chromedriverVersion: 106.0.5249.61 (511755355844..., userDataDir: C:\Users\evnik\AppData\Loca...}, goog:chromeOptions: {debuggerAddress: localhost:57838}, networkConnectionEnabled: false, pageLoadStrategy: normal, platformName: WINDOWS, proxy: Proxy(), se:cdp: ws://localhost:57838/devtoo..., se:cdpVersion: 106.0.5249.119, setWindowRect: true, strictFileInteractability: false, timeouts: {implicit: 0, pageLoad: 300000, script: 30000}, unhandledPromptBehavior: dismiss and notify, webauthn:extension:credBlob: true, webauthn:extension:largeBlob: true, webauthn:virtualAuthenticators: true}
Session ID: 944272b2d46bfcf7e51e88d315edfc37
20:06:13.208  INFO  manager.ListenerWD - *********************
20:06:13.209  INFO  manager.ListenerWD - ChromeDriver: chrome on WINDOWS (944272b2d46bfcf7e51e88d315edfc37)
20:06:13.219  INFO  manager.ListenerWD - Screen with error is 1687   src/test/screenshots1687.png
20:06:13.950  INFO  manager.ListenerWD - Before Find Element By -->By.cssSelector: .header a.logo
20:06:13.966  INFO  manager.ListenerWD - After Find Element By -->By.cssSelector: .header a.logo
20:06:14.528  INFO  manager.ListenerWD - Before Find Element By -->By.id: city
20:06:14.552  INFO  manager.ListenerWD - After Find Element By -->By.id: city
20:06:15.348  INFO  manager.ListenerWD - Before Find Element By -->By.cssSelector: div.pac-item
20:06:15.363  INFO  manager.ListenerWD - After Find Element By -->By.cssSelector: div.pac-item
20:06:15.406  INFO  manager.ListenerWD - Before Find Element By -->By.id: dates
20:06:15.425  INFO  manager.ListenerWD - After Find Element By -->By.id: dates
20:06:15.425  INFO  manager.HelperBase - OS is --->Windows 11
20:06:15.518  INFO  manager.ListenerWD - Before Find Element By -->By.id: dates
20:06:15.541  INFO  manager.ListenerWD - After Find Element By -->By.id: dates
20:06:15.681  INFO  manager.ListenerWD - Before Find Element By -->By.xpath: //div[text()=' 25 ']
20:06:15.703  INFO  manager.ListenerWD - After Find Element By -->By.xpath: //div[text()=' 25 ']
20:06:15.787  INFO  manager.ListenerWD - Before Find Element By -->By.xpath: //div[text()=' 30 ']
20:06:15.818  INFO  manager.ListenerWD - After Find Element By -->By.xpath: //div[text()=' 30 ']
20:06:15.911  INFO  manager.ListenerWD - Before Find Element By -->By.cssSelector: button[type='submit']
20:06:15.926  INFO  manager.ListenerWD - After Find Element By -->By.cssSelector: button[type='submit']
20:06:15.968  INFO  manager.ListenerWD - Before Find Element By -->By.cssSelector: button[type='submit']
20:06:15.992  INFO  manager.ListenerWD - After Find Element By -->By.cssSelector: button[type='submit']
20:06:16.212  INFO  manager.ListenerWD - Before Find Elements By -->By.cssSelector: .cars-container.ng-star-inserted
20:06:17.280  INFO  manager.ListenerWD - After Find Elements By -->By.cssSelector: .cars-container.ng-star-inserted
20:06:17.280  INFO  manager.ListenerWD - List size is -->1
20:06:17.282  INFO  manager.ListenerWD - Before Find Element By -->By.cssSelector: .header a.logo
20:06:17.307  INFO  manager.ListenerWD - After Find Element By -->By.cssSelector: .header a.logo
20:06:17.830  INFO  manager.ListenerWD - Before Find Element By -->By.id: city
20:06:17.853  INFO  manager.ListenerWD - After Find Element By -->By.id: city
20:06:18.685  INFO  manager.ListenerWD - Before Find Element By -->By.cssSelector: div.pac-item
20:06:18.742  INFO  manager.ListenerWD - After Find Element By -->By.cssSelector: div.pac-item
20:06:18.827  INFO  manager.ListenerWD - Before Find Element By -->By.id: dates
20:06:18.858  INFO  manager.ListenerWD - After Find Element By -->By.id: dates
20:06:18.859  INFO  manager.HelperBase - OS is --->Windows 11
20:06:18.961  INFO  manager.ListenerWD - Before Find Element By -->By.id: dates
20:06:18.986  INFO  manager.ListenerWD - After Find Element By -->By.id: dates
20:06:19.340  INFO  manager.ListenerWD - Before Find Element By -->By.cssSelector: .cdk-overlay-container
20:06:19.364  INFO  manager.ListenerWD - After Find Element By -->By.cssSelector: .cdk-overlay-container
20:06:19.446  INFO  manager.ListenerWD - Before Find Element By -->By.cssSelector: button[type='submit']
20:06:19.466  INFO  manager.ListenerWD - After Find Element By -->By.cssSelector: button[type='submit']
20:06:19.528  INFO  manager.ListenerWD - Before Find Elements By -->By.cssSelector: button[disabled]
20:06:19.555  INFO  manager.ListenerWD - After Find Elements By -->By.cssSelector: button[disabled]
20:06:19.555  INFO  manager.ListenerWD - List size is -->2
20:06:19.555  INFO  manager.ListenerWD - Before Find Element By -->By.cssSelector: [type='submit']
20:06:19.573  INFO  manager.ListenerWD - After Find Element By -->By.cssSelector: [type='submit']
20:06:19.587  INFO  manager.HelperBase - Error: You can't pick date before today
20:06:19.587  INFO  manager.ListenerWD - Before Find Element By -->By.cssSelector: div.error div
20:06:19.610  INFO  manager.ListenerWD - After Find Element By -->By.cssSelector: div.error div
20:06:19.633  INFO  manager.ListenerWD - Before Find Element By -->By.cssSelector: .header a.logo
20:06:19.654  INFO  manager.ListenerWD - After Find Element By -->By.cssSelector: .header a.logo
20:06:20.141  INFO  manager.ListenerWD - Before Find Element By -->By.id: city
20:06:20.162  INFO  manager.ListenerWD - After Find Element By -->By.id: city
20:06:20.919  INFO  manager.ListenerWD - Before Find Element By -->By.cssSelector: div.pac-item
20:06:20.955  INFO  manager.ListenerWD - After Find Element By -->By.cssSelector: div.pac-item
20:06:21.097  INFO  manager.ListenerWD - Before Find Element By -->By.id: dates
20:06:21.127  INFO  manager.ListenerWD - After Find Element By -->By.id: dates
20:06:21.128  INFO  manager.HelperBase - OS is --->Windows 11
20:06:21.282  INFO  manager.ListenerWD - Before Find Element By -->By.id: dates
20:06:21.307  INFO  manager.ListenerWD - After Find Element By -->By.id: dates
20:06:21.463  INFO  manager.ListenerWD - Before Find Element By -->By.xpath: //button[@aria-label='Next month']
20:06:21.490  INFO  manager.ListenerWD - After Find Element By -->By.xpath: //button[@aria-label='Next month']
20:06:21.602  INFO  manager.HelperBase - Click on the button Next month
20:06:21.603  INFO  manager.ListenerWD - Before Find Element By -->By.xpath: //div[text()=' 26 ']
20:06:21.632  INFO  manager.ListenerWD - After Find Element By -->By.xpath: //div[text()=' 26 ']
20:06:21.745  INFO  manager.ListenerWD - Before Find Element By -->By.xpath: //div[text()=' 30 ']
20:06:21.770  INFO  manager.ListenerWD - After Find Element By -->By.xpath: //div[text()=' 30 ']
20:06:21.879  INFO  manager.ListenerWD - Before Find Element By -->By.cssSelector: button[type='submit']
20:06:21.898  INFO  manager.ListenerWD - After Find Element By -->By.cssSelector: button[type='submit']
20:06:21.934  INFO  manager.ListenerWD - Before Find Element By -->By.cssSelector: button[type='submit']
20:06:21.959  INFO  manager.ListenerWD - After Find Element By -->By.cssSelector: button[type='submit']
20:06:22.154  INFO  manager.ListenerWD - Before Find Elements By -->By.cssSelector: .cars-container.ng-star-inserted
20:06:23.288  INFO  manager.ListenerWD - After Find Elements By -->By.cssSelector: .cars-container.ng-star-inserted
20:06:23.289  INFO  manager.ListenerWD - List size is -->1
20:06:23.290  INFO  manager.ListenerWD - Before Find Element By -->By.cssSelector: .header a.logo
20:06:23.380  INFO  manager.ListenerWD - After Find Element By -->By.cssSelector: .header a.logo
