21:21:20.093  INFO  manager.ApplicationManager - Chrome Driver was opened
21:21:22.704  INFO  manager.ApplicationManager - Current URL is -->https://ilcarro-1578153671498.web.app/search
21:21:22.769  INFO  manager.ListenerWD - Before Find Elements By -->By.xpath: //a[text()=' Logout ']
21:21:27.784  INFO  manager.ListenerWD - After Find Elements By -->By.xpath: //a[text()=' Logout ']
21:21:27.784  INFO  manager.ListenerWD - List size is -->0
21:21:27.785  INFO  manager.ListenerWD - Before Find Element By -->By.cssSelector: a[href ^='/login']
21:21:27.812  INFO  manager.ListenerWD - After Find Element By -->By.cssSelector: a[href ^='/login']
21:21:27.894  INFO  manager.ListenerWD - Before Find Element By -->By.id: email
21:21:27.930  INFO  manager.ListenerWD - After Find Element By -->By.id: email
21:21:28.135  INFO  manager.ListenerWD - Before Find Element By -->By.id: password
21:21:28.181  INFO  manager.ListenerWD - After Find Element By -->By.id: password
21:21:28.366  INFO  manager.ListenerWD - Before Find Element By -->By.cssSelector: button[type='submit']
21:21:28.393  INFO  manager.ListenerWD - After Find Element By -->By.cssSelector: button[type='submit']
21:21:28.454  INFO  manager.ListenerWD - Before Find Element By -->By.cssSelector: button[type='submit']
21:21:28.481  INFO  manager.ListenerWD - After Find Element By -->By.cssSelector: button[type='submit']
21:21:28.552  INFO  manager.ListenerWD - Before Find Elements By -->By.xpath: //button[text()='Ok']
21:21:29.019  INFO  manager.ListenerWD - After Find Elements By -->By.xpath: //button[text()='Ok']
21:21:29.020  INFO  manager.ListenerWD - List size is -->1
21:21:29.020  INFO  manager.ListenerWD - Before Find Element By -->By.xpath: //button[text()='Ok']
21:21:29.051  INFO  manager.ListenerWD - After Find Element By -->By.xpath: //button[text()='Ok']
21:21:29.094  INFO  TestBase - Test AddNewCarTests start preCondition - run with email: evnikel@gmail.com and password: Elena1234$@
21:21:29.606  INFO  manager.ListenerWD - Before Find Element By -->By.id: 1
21:21:29.633  INFO  manager.ListenerWD - After Find Element By -->By.id: 1
21:21:29.765  INFO  manager.ListenerWD - Before Find Element By -->By.id: pickUpPlace
21:21:29.788  INFO  manager.ListenerWD - After Find Element By -->By.id: pickUpPlace
21:21:29.958  INFO  manager.ListenerWD - Before Find Element By -->By.cssSelector: div.pac-item
21:21:30.310  INFO  manager.ListenerWD - After Find Element By -->By.cssSelector: div.pac-item
21:21:30.897  INFO  manager.ListenerWD - Before Find Element By -->By.id: make
21:21:30.916  INFO  manager.ListenerWD - After Find Element By -->By.id: make
21:21:31.037  INFO  manager.ListenerWD - Before Find Element By -->By.id: model
21:21:31.062  INFO  manager.ListenerWD - After Find Element By -->By.id: model
21:21:31.201  INFO  manager.ListenerWD - Before Find Element By -->By.id: year
21:21:31.232  INFO  manager.ListenerWD - After Find Element By -->By.id: year
21:21:31.388  INFO  manager.ListenerWD - Before Find Element By -->By.id: engine
21:21:31.414  INFO  manager.ListenerWD - After Find Element By -->By.id: engine
21:21:31.589  INFO  manager.ListenerWD - Before Find Element By -->By.id: fuel
21:21:31.615  INFO  manager.ListenerWD - After Find Element By -->By.id: fuel
21:21:31.704  INFO  manager.ListenerWD - Before Find Element By -->By.id: gear
21:21:31.727  INFO  manager.ListenerWD - After Find Element By -->By.id: gear
21:21:31.814  INFO  manager.ListenerWD - Before Find Element By -->By.id: wheelsDrive
21:21:31.838  INFO  manager.ListenerWD - After Find Element By -->By.id: wheelsDrive
21:21:31.937  INFO  manager.ListenerWD - Before Find Element By -->By.id: doors
21:21:31.971  INFO  manager.ListenerWD - After Find Element By -->By.id: doors
21:21:32.114  INFO  manager.ListenerWD - Before Find Element By -->By.id: seats
21:21:32.138  INFO  manager.ListenerWD - After Find Element By -->By.id: seats
21:21:32.294  INFO  manager.ListenerWD - Before Find Element By -->By.id: class
21:21:32.319  INFO  manager.ListenerWD - After Find Element By -->By.id: class
21:21:32.453  INFO  manager.ListenerWD - Before Find Element By -->By.id: fuelConsumption
21:21:32.474  INFO  manager.ListenerWD - After Find Element By -->By.id: fuelConsumption
21:21:32.664  INFO  manager.ListenerWD - Before Find Element By -->By.id: serialNumber
21:21:32.700  INFO  manager.ListenerWD - After Find Element By -->By.id: serialNumber
21:21:32.865  INFO  manager.ListenerWD - Before Find Element By -->By.id: price
21:21:32.887  INFO  manager.ListenerWD - After Find Element By -->By.id: price
21:21:33.039  INFO  manager.ListenerWD - Before Find Element By -->By.id: distance
21:21:33.060  INFO  manager.ListenerWD - After Find Element By -->By.id: distance
21:21:33.215  INFO  manager.ListenerWD - Before Find Element By -->By.cssSelector: .feature-input
21:21:33.236  INFO  manager.ListenerWD - After Find Element By -->By.cssSelector: .feature-input
21:21:33.390  INFO  manager.ListenerWD - Before Find Element By -->By.id: about
21:21:33.416  INFO  manager.ListenerWD - After Find Element By -->By.id: about
21:21:33.549  INFO  manager.ListenerWD - Before Find Element By -->By.id: photos
21:21:33.568  INFO  manager.ListenerWD - After Find Element By -->By.id: photos
21:21:33.616  INFO  manager.ListenerWD - Before Find Element By -->By.cssSelector: button[type='submit']
21:21:33.635  INFO  manager.ListenerWD - After Find Element By -->By.cssSelector: button[type='submit']
21:21:35.270  INFO  manager.ListenerWD - Before Find Element By -->By.cssSelector: button[type='submit']
21:21:35.285  INFO  manager.ListenerWD - After Find Element By -->By.cssSelector: button[type='submit']
21:21:35.399  INFO  TestBase - Tests start addCarSuccess with data----->Car(location=Haifa, Israel, make=BMW, model=M5, year=2020, engine=2.5, fuel=Petrol, gear=AT, wD=AWD, doors=5, seats=4, clasS=C, fuelConsumption=6.5, carRegistrationNumber=11-000-945, price=65, distanceIncluded=800, features=Type of features, about=very nice car)
21:21:35.399  INFO  manager.ListenerWD - Before Find Element By -->By.cssSelector: div.dialog-container
21:21:36.586  INFO  manager.ListenerWD - After Find Element By -->By.cssSelector: div.dialog-container
21:21:36.610  INFO  manager.ListenerWD - Before Find Element By -->By.cssSelector: div.dialog-container>h1
21:21:36.639  INFO  manager.ListenerWD - After Find Element By -->By.cssSelector: div.dialog-container>h1
21:21:36.666  INFO  TestBase - Assert ------> Car added
21:21:36.669  INFO  manager.ListenerWD - Before Find Element By -->By.xpath: //button[text()='Search cars']
21:21:36.702  INFO  manager.ListenerWD - After Find Element By -->By.xpath: //button[text()='Search cars']
21:21:36.755  INFO  TestBase - Return ------> Search cars
21:21:36.768  INFO  manager.ListenerWD - Before Find Elements By -->By.xpath: //a[text()=' Logout ']
21:21:36.792  INFO  manager.ListenerWD - After Find Elements By -->By.xpath: //a[text()=' Logout ']
21:21:36.793  INFO  manager.ListenerWD - List size is -->1
21:21:36.796  INFO  TestBase - The test used car model : Car(location=Haifa, Israel, make=BMW, model=M5, year=2020, engine=2.5, fuel=Petrol, gear=AT, wD=AWD, doors=5, seats=4, clasS=C, fuelConsumption=6.5, carRegistrationNumber=345-123-004, price=65, distanceIncluded=800, features=Type of features, about=very nice car)
21:21:37.301  INFO  manager.ListenerWD - Before Find Element By -->By.id: 1
21:21:37.325  INFO  manager.ListenerWD - After Find Element By -->By.id: 1
21:21:37.418  INFO  manager.ListenerWD - Before Find Element By -->By.id: pickUpPlace
21:21:37.441  INFO  manager.ListenerWD - After Find Element By -->By.id: pickUpPlace
21:21:37.597  INFO  manager.ListenerWD - Before Find Element By -->By.cssSelector: div.pac-item
21:21:37.862  INFO  manager.ListenerWD - After Find Element By -->By.cssSelector: div.pac-item
21:21:38.447  INFO  manager.ListenerWD - Before Find Element By -->By.id: make
21:21:38.521  INFO  manager.ListenerWD - After Find Element By -->By.id: make
21:21:38.690  INFO  manager.ListenerWD - Before Find Element By -->By.id: model
21:21:38.709  INFO  manager.ListenerWD - After Find Element By -->By.id: model
21:21:38.863  INFO  manager.ListenerWD - Before Find Element By -->By.id: year
21:21:38.886  INFO  manager.ListenerWD - After Find Element By -->By.id: year
21:21:39.074  INFO  manager.ListenerWD - Before Find Element By -->By.id: engine
21:21:39.091  INFO  manager.ListenerWD - After Find Element By -->By.id: engine
21:21:39.253  INFO  manager.ListenerWD - Before Find Element By -->By.id: fuel
21:21:39.268  INFO  manager.ListenerWD - After Find Element By -->By.id: fuel
21:21:39.366  INFO  manager.ListenerWD - Before Find Element By -->By.id: gear
21:21:39.388  INFO  manager.ListenerWD - After Find Element By -->By.id: gear
21:21:39.496  INFO  manager.ListenerWD - Before Find Element By -->By.id: wheelsDrive
21:21:39.516  INFO  manager.ListenerWD - After Find Element By -->By.id: wheelsDrive
21:21:39.608  INFO  manager.ListenerWD - Before Find Element By -->By.id: doors
21:21:39.627  INFO  manager.ListenerWD - After Find Element By -->By.id: doors
21:21:39.792  INFO  manager.ListenerWD - Before Find Element By -->By.id: seats
21:21:39.810  INFO  manager.ListenerWD - After Find Element By -->By.id: seats
21:21:39.971  INFO  manager.ListenerWD - Before Find Element By -->By.id: class
21:21:39.988  INFO  manager.ListenerWD - After Find Element By -->By.id: class
21:21:40.120  INFO  manager.ListenerWD - Before Find Element By -->By.id: fuelConsumption
21:21:40.137  INFO  manager.ListenerWD - After Find Element By -->By.id: fuelConsumption
21:21:40.324  INFO  manager.ListenerWD - Before Find Element By -->By.id: serialNumber
21:21:40.348  INFO  manager.ListenerWD - After Find Element By -->By.id: serialNumber
21:21:40.662  INFO  manager.ListenerWD - Before Find Element By -->By.id: price
21:21:40.689  INFO  manager.ListenerWD - After Find Element By -->By.id: price
21:21:40.886  INFO  manager.ListenerWD - Before Find Element By -->By.id: distance
21:21:40.914  INFO  manager.ListenerWD - After Find Element By -->By.id: distance
21:21:41.128  INFO  manager.ListenerWD - Before Find Element By -->By.cssSelector: .feature-input
21:21:41.146  INFO  manager.ListenerWD - After Find Element By -->By.cssSelector: .feature-input
21:21:41.311  INFO  manager.ListenerWD - Before Find Element By -->By.id: about
21:21:41.327  INFO  manager.ListenerWD - After Find Element By -->By.id: about
21:21:41.463  INFO  manager.ListenerWD - Before Find Element By -->By.id: photos
21:21:41.477  INFO  manager.ListenerWD - After Find Element By -->By.id: photos
21:21:41.519  INFO  manager.ListenerWD - Before Find Element By -->By.cssSelector: button[type='submit']
21:21:41.532  INFO  manager.ListenerWD - After Find Element By -->By.cssSelector: button[type='submit']
21:21:42.608  INFO  manager.ListenerWD - Before Find Element By -->By.cssSelector: button[type='submit']
21:21:42.622  INFO  manager.ListenerWD - After Find Element By -->By.cssSelector: button[type='submit']
21:21:42.669  INFO  manager.ListenerWD - Before Find Element By -->By.cssSelector: div.dialog-container
21:21:43.686  INFO  manager.ListenerWD - After Find Element By -->By.cssSelector: div.dialog-container
21:21:43.704  INFO  manager.ListenerWD - Before Find Element By -->By.cssSelector: div.dialog-container>h1
21:21:43.722  INFO  manager.ListenerWD - After Find Element By -->By.cssSelector: div.dialog-container>h1
21:21:43.743  INFO  TestBase - In assert checked message 'Car added' in dialog  
21:21:43.745  INFO  manager.ListenerWD - Before Find Element By -->By.xpath: //button[text()='Search cars']
21:21:43.763  INFO  manager.ListenerWD - After Find Element By -->By.xpath: //button[text()='Search cars']
21:21:43.816  INFO  TestBase - Return ------> Search cars
21:21:43.817  INFO  manager.ListenerWD - Before Find Elements By -->By.xpath: //a[text()=' Logout ']
21:21:43.835  INFO  manager.ListenerWD - After Find Elements By -->By.xpath: //a[text()=' Logout ']
21:21:43.836  INFO  manager.ListenerWD - List size is -->1
21:21:43.836  INFO  TestBase - The test used car model : Car(location=Haifa, Israel, make=BMW, model=M5, year=2020, engine=2.5, fuel=Petrol, gear=AT, wD=AWD, doors=5, seats=4, clasS=C, fuelConsumption=6.5, carRegistrationNumber=123-567-005, price=65, distanceIncluded=800, features=Type of features, about=very nice car)
21:21:44.340  INFO  manager.ListenerWD - Before Find Element By -->By.id: 1
21:21:44.352  INFO  manager.ListenerWD - After Find Element By -->By.id: 1
21:21:44.416  INFO  manager.ListenerWD - Before Find Element By -->By.id: pickUpPlace
21:21:44.431  INFO  manager.ListenerWD - After Find Element By -->By.id: pickUpPlace
21:21:44.563  INFO  manager.ListenerWD - Before Find Element By -->By.cssSelector: div.pac-item
21:21:44.836  INFO  manager.ListenerWD - After Find Element By -->By.cssSelector: div.pac-item
21:21:45.400  INFO  manager.ListenerWD - Before Find Element By -->By.id: make
21:21:45.415  INFO  manager.ListenerWD - After Find Element By -->By.id: make
21:21:45.529  INFO  manager.ListenerWD - Before Find Element By -->By.id: model
21:21:45.543  INFO  manager.ListenerWD - After Find Element By -->By.id: model
21:21:45.668  INFO  manager.ListenerWD - Before Find Element By -->By.id: year
21:21:45.683  INFO  manager.ListenerWD - After Find Element By -->By.id: year
21:21:45.834  INFO  manager.ListenerWD - Before Find Element By -->By.id: engine
21:21:45.849  INFO  manager.ListenerWD - After Find Element By -->By.id: engine
21:21:45.995  INFO  manager.ListenerWD - Before Find Element By -->By.id: fuel
21:21:46.013  INFO  manager.ListenerWD - After Find Element By -->By.id: fuel
21:21:46.099  INFO  manager.ListenerWD - Before Find Element By -->By.id: gear
21:21:46.115  INFO  manager.ListenerWD - After Find Element By -->By.id: gear
21:21:46.245  INFO  manager.ListenerWD - Before Find Element By -->By.id: wheelsDrive
21:21:46.274  INFO  manager.ListenerWD - After Find Element By -->By.id: wheelsDrive
21:21:46.381  INFO  manager.ListenerWD - Before Find Element By -->By.id: doors
21:21:46.399  INFO  manager.ListenerWD - After Find Element By -->By.id: doors
21:21:46.560  INFO  manager.ListenerWD - Before Find Element By -->By.id: seats
21:21:46.579  INFO  manager.ListenerWD - After Find Element By -->By.id: seats
21:21:46.734  INFO  manager.ListenerWD - Before Find Element By -->By.id: class
21:21:46.750  INFO  manager.ListenerWD - After Find Element By -->By.id: class
21:21:46.902  INFO  manager.ListenerWD - Before Find Element By -->By.id: fuelConsumption
21:21:46.919  INFO  manager.ListenerWD - After Find Element By -->By.id: fuelConsumption
21:21:47.097  INFO  manager.ListenerWD - Before Find Element By -->By.id: serialNumber
21:21:47.125  INFO  manager.ListenerWD - After Find Element By -->By.id: serialNumber
21:21:47.298  INFO  manager.ListenerWD - Before Find Element By -->By.id: price
21:21:47.317  INFO  manager.ListenerWD - After Find Element By -->By.id: price
21:21:47.523  INFO  manager.ListenerWD - Before Find Element By -->By.id: distance
21:21:47.540  INFO  manager.ListenerWD - After Find Element By -->By.id: distance
21:21:47.722  INFO  manager.ListenerWD - Before Find Element By -->By.cssSelector: .feature-input
21:21:47.742  INFO  manager.ListenerWD - After Find Element By -->By.cssSelector: .feature-input
21:21:47.913  INFO  manager.ListenerWD - Before Find Element By -->By.id: about
21:21:47.931  INFO  manager.ListenerWD - After Find Element By -->By.id: about
21:21:48.071  INFO  manager.ListenerWD - Before Find Element By -->By.id: photos
21:21:48.086  INFO  manager.ListenerWD - After Find Element By -->By.id: photos
21:21:48.139  INFO  manager.ListenerWD - Before Find Element By -->By.cssSelector: button[type='submit']
21:21:48.155  INFO  manager.ListenerWD - After Find Element By -->By.cssSelector: button[type='submit']
21:21:49.242  INFO  manager.ListenerWD - Before Find Element By -->By.cssSelector: button[type='submit']
21:21:49.254  INFO  manager.ListenerWD - After Find Element By -->By.cssSelector: button[type='submit']
21:21:49.296  INFO  manager.ListenerWD - Before Find Element By -->By.cssSelector: div.dialog-container
21:21:50.328  INFO  manager.ListenerWD - After Find Element By -->By.cssSelector: div.dialog-container
21:21:50.348  INFO  manager.ListenerWD - Before Find Element By -->By.cssSelector: div.dialog-container>h1
21:21:50.368  INFO  manager.ListenerWD - After Find Element By -->By.cssSelector: div.dialog-container>h1
21:21:50.388  INFO  TestBase - In assert checked message 'Car added' in dialog  
21:21:50.392  INFO  manager.ListenerWD - Before Find Element By -->By.xpath: //button[text()='Search cars']
21:21:50.411  INFO  manager.ListenerWD - After Find Element By -->By.xpath: //button[text()='Search cars']
21:21:50.468  INFO  TestBase - Return ------> Search cars
21:21:50.468  INFO  manager.ListenerWD - Before Find Elements By -->By.xpath: //a[text()=' Logout ']
21:21:50.493  INFO  manager.ListenerWD - After Find Elements By -->By.xpath: //a[text()=' Logout ']
21:21:50.493  INFO  manager.ListenerWD - List size is -->1
21:21:50.494  INFO  TestBase - The test used car model : Car(location=Haifa, Israel, make=BMW, model=M5, year=2020, engine=2.5, fuel=Petrol, gear=AT, wD=AWD, doors=5, seats=4, clasS=C, fuelConsumption=6.5, carRegistrationNumber=678-123-006, price=65, distanceIncluded=800, features=Type of features, about=very nice car)
21:21:51.009  INFO  manager.ListenerWD - Before Find Element By -->By.id: 1
21:21:51.025  INFO  manager.ListenerWD - After Find Element By -->By.id: 1
21:21:51.098  INFO  manager.ListenerWD - Before Find Element By -->By.id: pickUpPlace
21:21:51.113  INFO  manager.ListenerWD - After Find Element By -->By.id: pickUpPlace
21:21:51.260  INFO  manager.ListenerWD - Before Find Element By -->By.cssSelector: div.pac-item
21:21:51.522  INFO  manager.ListenerWD - After Find Element By -->By.cssSelector: div.pac-item
21:21:52.083  INFO  manager.ListenerWD - Before Find Element By -->By.id: make
21:21:52.100  INFO  manager.ListenerWD - After Find Element By -->By.id: make
21:21:52.250  INFO  manager.ListenerWD - Before Find Element By -->By.id: model
21:21:52.265  INFO  manager.ListenerWD - After Find Element By -->By.id: model
21:21:52.383  INFO  manager.ListenerWD - Before Find Element By -->By.id: year
21:21:52.397  INFO  manager.ListenerWD - After Find Element By -->By.id: year
21:21:52.539  INFO  manager.ListenerWD - Before Find Element By -->By.id: engine
21:21:52.554  INFO  manager.ListenerWD - After Find Element By -->By.id: engine
21:21:52.695  INFO  manager.ListenerWD - Before Find Element By -->By.id: fuel
21:21:52.719  INFO  manager.ListenerWD - After Find Element By -->By.id: fuel
21:21:52.802  INFO  manager.ListenerWD - Before Find Element By -->By.id: gear
21:21:52.819  INFO  manager.ListenerWD - After Find Element By -->By.id: gear
21:21:52.896  INFO  manager.ListenerWD - Before Find Element By -->By.id: wheelsDrive
21:21:52.912  INFO  manager.ListenerWD - After Find Element By -->By.id: wheelsDrive
21:21:53.009  INFO  manager.ListenerWD - Before Find Element By -->By.id: doors
21:21:53.034  INFO  manager.ListenerWD - After Find Element By -->By.id: doors
21:21:53.201  INFO  manager.ListenerWD - Before Find Element By -->By.id: seats
21:21:53.218  INFO  manager.ListenerWD - After Find Element By -->By.id: seats
21:21:53.366  INFO  manager.ListenerWD - Before Find Element By -->By.id: class
21:21:53.382  INFO  manager.ListenerWD - After Find Element By -->By.id: class
21:21:53.511  INFO  manager.ListenerWD - Before Find Element By -->By.id: fuelConsumption
21:21:53.529  INFO  manager.ListenerWD - After Find Element By -->By.id: fuelConsumption
21:21:53.672  INFO  manager.ListenerWD - Before Find Element By -->By.id: serialNumber
21:21:53.687  INFO  manager.ListenerWD - After Find Element By -->By.id: serialNumber
21:21:53.834  INFO  manager.ListenerWD - Before Find Element By -->By.id: price
21:21:53.849  INFO  manager.ListenerWD - After Find Element By -->By.id: price
21:21:54.017  INFO  manager.ListenerWD - Before Find Element By -->By.id: distance
21:21:54.039  INFO  manager.ListenerWD - After Find Element By -->By.id: distance
21:21:54.273  INFO  manager.ListenerWD - Before Find Element By -->By.cssSelector: .feature-input
21:21:54.292  INFO  manager.ListenerWD - After Find Element By -->By.cssSelector: .feature-input
21:21:54.443  INFO  manager.ListenerWD - Before Find Element By -->By.id: about
21:21:54.460  INFO  manager.ListenerWD - After Find Element By -->By.id: about
21:21:54.589  INFO  manager.ListenerWD - Before Find Element By -->By.id: photos
21:21:54.607  INFO  manager.ListenerWD - After Find Element By -->By.id: photos
21:21:54.648  INFO  manager.ListenerWD - Before Find Element By -->By.cssSelector: button[type='submit']
21:21:54.684  INFO  manager.ListenerWD - After Find Element By -->By.cssSelector: button[type='submit']
21:21:56.295  INFO  manager.ListenerWD - Before Find Element By -->By.cssSelector: button[type='submit']
21:21:56.306  INFO  manager.ListenerWD - After Find Element By -->By.cssSelector: button[type='submit']
21:21:56.347  INFO  manager.ListenerWD - Before Find Element By -->By.cssSelector: div.dialog-container
21:21:57.452  INFO  manager.ListenerWD - After Find Element By -->By.cssSelector: div.dialog-container
21:21:57.474  INFO  manager.ListenerWD - Before Find Element By -->By.cssSelector: div.dialog-container>h1
21:21:57.493  INFO  manager.ListenerWD - After Find Element By -->By.cssSelector: div.dialog-container>h1
21:21:57.523  INFO  TestBase - In assert checked message 'Car added' in dialog  
21:21:57.526  INFO  manager.ListenerWD - Before Find Element By -->By.xpath: //button[text()='Search cars']
21:21:57.559  INFO  manager.ListenerWD - After Find Element By -->By.xpath: //button[text()='Search cars']
21:21:57.657  INFO  TestBase - Return ------> Search cars
21:21:57.663  INFO  TestBase - Start checking authorization
21:21:57.663  INFO  manager.ListenerWD - Before Find Elements By -->By.xpath: //a[text()=' Logout ']
21:21:57.691  INFO  manager.ListenerWD - After Find Elements By -->By.xpath: //a[text()=' Logout ']
21:21:57.692  INFO  manager.ListenerWD - List size is -->1
21:21:57.692  INFO  manager.ListenerWD - Before Find Element By -->By.xpath: //a[text()=' Logout ']
21:21:57.731  INFO  manager.ListenerWD - After Find Element By -->By.xpath: //a[text()=' Logout ']
21:21:57.928  INFO  TestBase - Test was needed in logout 
21:21:57.931  INFO  TestBase - Test LoginTests start with name ----->email: evnikel@gmail.compasswordElena1234$@
21:21:57.931  INFO  manager.ListenerWD - Before Find Element By -->By.cssSelector: a[href ^='/login']
21:21:57.957  INFO  manager.ListenerWD - After Find Element By -->By.cssSelector: a[href ^='/login']
21:21:58.036  INFO  manager.ListenerWD - Before Find Element By -->By.id: email
21:21:58.061  INFO  manager.ListenerWD - After Find Element By -->By.id: email
21:21:58.269  INFO  manager.ListenerWD - Before Find Element By -->By.id: password
21:21:58.290  INFO  manager.ListenerWD - After Find Element By -->By.id: password
21:21:58.473  INFO  TestBase - User login data: email: evnikel@gmail.com & password Elena1234$@
21:21:58.474  INFO  manager.ListenerWD - Before Find Element By -->By.cssSelector: button[type='submit']
21:21:58.515  INFO  manager.ListenerWD - After Find Element By -->By.cssSelector: button[type='submit']
21:21:58.562  INFO  manager.ListenerWD - Before Find Element By -->By.cssSelector: button[type='submit']
21:21:58.585  INFO  manager.ListenerWD - After Find Element By -->By.cssSelector: button[type='submit']
21:21:58.645  INFO  TestBase - Assert ---> Logged in success 
21:21:58.645  INFO  manager.ListenerWD - Before Find Element By -->By.cssSelector: div.dialog-container
21:21:59.000  INFO  manager.ListenerWD - After Find Element By -->By.cssSelector: div.dialog-container
21:21:59.016  INFO  manager.ListenerWD - Before Find Element By -->By.cssSelector: h2.message
21:21:59.033  INFO  manager.ListenerWD - After Find Element By -->By.cssSelector: h2.message
21:21:59.559  INFO  manager.ListenerWD - Before Find Elements By -->By.xpath: //button[text()='Ok']
21:21:59.583  INFO  manager.ListenerWD - After Find Elements By -->By.xpath: //button[text()='Ok']
21:21:59.584  INFO  manager.ListenerWD - List size is -->1
21:21:59.584  INFO  manager.ListenerWD - Before Find Element By -->By.xpath: //button[text()='Ok']
21:21:59.602  INFO  manager.ListenerWD - After Find Element By -->By.xpath: //button[text()='Ok']
21:21:59.637  INFO  TestBase - Start checking authorization
21:21:59.638  INFO  manager.ListenerWD - Before Find Elements By -->By.xpath: //a[text()=' Logout ']
21:21:59.651  INFO  manager.ListenerWD - After Find Elements By -->By.xpath: //a[text()=' Logout ']
21:21:59.651  INFO  manager.ListenerWD - List size is -->1
21:21:59.652  INFO  manager.ListenerWD - Before Find Element By -->By.xpath: //a[text()=' Logout ']
21:21:59.665  INFO  manager.ListenerWD - After Find Element By -->By.xpath: //a[text()=' Logout ']
21:21:59.741  INFO  TestBase - Test was needed in logout 
21:21:59.744  INFO  TestBase - Test LoginTests start with name ----->email: lis2161@gmail.compasswordLis123@12
21:21:59.744  INFO  manager.ListenerWD - Before Find Element By -->By.cssSelector: a[href ^='/login']
21:21:59.771  INFO  manager.ListenerWD - After Find Element By -->By.cssSelector: a[href ^='/login']
21:21:59.843  INFO  manager.ListenerWD - Before Find Element By -->By.id: email
21:21:59.869  INFO  manager.ListenerWD - After Find Element By -->By.id: email
21:22:00.088  INFO  manager.ListenerWD - Before Find Element By -->By.id: password
21:22:00.105  INFO  manager.ListenerWD - After Find Element By -->By.id: password
21:22:00.248  INFO  TestBase - User login data: email: evnikel@gmail.com & password Elena1234$@
21:22:00.248  INFO  manager.ListenerWD - Before Find Element By -->By.cssSelector: button[type='submit']
21:22:00.265  INFO  manager.ListenerWD - After Find Element By -->By.cssSelector: button[type='submit']
21:22:00.297  INFO  manager.ListenerWD - Before Find Element By -->By.cssSelector: button[type='submit']
21:22:00.312  INFO  manager.ListenerWD - After Find Element By -->By.cssSelector: button[type='submit']
21:22:00.385  INFO  TestBase - Assert ---> Logged in success 
21:22:00.387  INFO  manager.ListenerWD - Before Find Element By -->By.cssSelector: div.dialog-container
21:22:00.717  INFO  manager.ListenerWD - After Find Element By -->By.cssSelector: div.dialog-container
21:22:00.734  INFO  manager.ListenerWD - Before Find Element By -->By.cssSelector: h2.message
21:22:00.752  INFO  manager.ListenerWD - After Find Element By -->By.cssSelector: h2.message
21:22:01.281  INFO  manager.ListenerWD - Before Find Elements By -->By.xpath: //button[text()='Ok']
21:22:01.294  INFO  manager.ListenerWD - After Find Elements By -->By.xpath: //button[text()='Ok']
21:22:01.294  INFO  manager.ListenerWD - List size is -->1
21:22:01.294  INFO  manager.ListenerWD - Before Find Element By -->By.xpath: //button[text()='Ok']
21:22:01.305  INFO  manager.ListenerWD - After Find Element By -->By.xpath: //button[text()='Ok']
21:22:01.343  INFO  TestBase - Start checking authorization
21:22:01.343  INFO  manager.ListenerWD - Before Find Elements By -->By.xpath: //a[text()=' Logout ']
21:22:01.362  INFO  manager.ListenerWD - After Find Elements By -->By.xpath: //a[text()=' Logout ']
21:22:01.363  INFO  manager.ListenerWD - List size is -->1
21:22:01.363  INFO  manager.ListenerWD - Before Find Element By -->By.xpath: //a[text()=' Logout ']
21:22:01.378  INFO  manager.ListenerWD - After Find Element By -->By.xpath: //a[text()=' Logout ']
21:22:01.461  INFO  TestBase - Test was needed in logout 
21:22:01.461  INFO  TestBase - Test LoginTests start with name ----->email: lis2165@gmail.compasswordLis123@12
21:22:01.462  INFO  manager.ListenerWD - Before Find Element By -->By.cssSelector: a[href ^='/login']
21:22:01.482  INFO  manager.ListenerWD - After Find Element By -->By.cssSelector: a[href ^='/login']
21:22:01.570  INFO  manager.ListenerWD - Before Find Element By -->By.id: email
21:22:01.593  INFO  manager.ListenerWD - After Find Element By -->By.id: email
21:22:01.782  INFO  manager.ListenerWD - Before Find Element By -->By.id: password
21:22:01.802  INFO  manager.ListenerWD - After Find Element By -->By.id: password
21:22:01.946  INFO  TestBase - User login data: email: evnikel@gmail.com & password Elena1234$@
21:22:01.947  INFO  manager.ListenerWD - Before Find Element By -->By.cssSelector: button[type='submit']
21:22:01.963  INFO  manager.ListenerWD - After Find Element By -->By.cssSelector: button[type='submit']
21:22:01.997  INFO  manager.ListenerWD - Before Find Element By -->By.cssSelector: button[type='submit']
21:22:02.015  INFO  manager.ListenerWD - After Find Element By -->By.cssSelector: button[type='submit']
21:22:02.108  INFO  TestBase - Assert ---> Logged in success 
21:22:02.108  INFO  manager.ListenerWD - Before Find Element By -->By.cssSelector: div.dialog-container
21:22:02.458  INFO  manager.ListenerWD - After Find Element By -->By.cssSelector: div.dialog-container
21:22:02.474  INFO  manager.ListenerWD - Before Find Element By -->By.cssSelector: h2.message
21:22:02.491  INFO  manager.ListenerWD - After Find Element By -->By.cssSelector: h2.message
21:22:03.017  INFO  manager.ListenerWD - Before Find Elements By -->By.xpath: //button[text()='Ok']
21:22:03.033  INFO  manager.ListenerWD - After Find Elements By -->By.xpath: //button[text()='Ok']
21:22:03.033  INFO  manager.ListenerWD - List size is -->1
21:22:03.034  INFO  manager.ListenerWD - Before Find Element By -->By.xpath: //button[text()='Ok']
21:22:03.048  INFO  manager.ListenerWD - After Find Element By -->By.xpath: //button[text()='Ok']
21:22:03.101  INFO  TestBase - Start checking authorization
21:22:03.102  INFO  manager.ListenerWD - Before Find Elements By -->By.xpath: //a[text()=' Logout ']
21:22:03.123  INFO  manager.ListenerWD - After Find Elements By -->By.xpath: //a[text()=' Logout ']
21:22:03.123  INFO  manager.ListenerWD - List size is -->1
21:22:03.123  INFO  manager.ListenerWD - Before Find Element By -->By.xpath: //a[text()=' Logout ']
21:22:03.140  INFO  manager.ListenerWD - After Find Element By -->By.xpath: //a[text()=' Logout ']
21:22:03.277  INFO  TestBase - Test was needed in logout 
21:22:03.279  INFO  manager.ListenerWD - Before Find Element By -->By.xpath: //a[text()='Log in']
21:22:03.312  INFO  manager.ListenerWD - After Find Element By -->By.xpath: //a[text()='Log in']
21:22:03.790  INFO  manager.ListenerWD - Before Find Element By -->By.id: email
21:22:03.803  INFO  manager.ListenerWD - After Find Element By -->By.id: email
21:22:03.991  INFO  manager.ListenerWD - Before Find Element By -->By.id: password
21:22:04.004  INFO  manager.ListenerWD - After Find Element By -->By.id: password
21:22:04.150  INFO  TestBase - Test start loginSuccessModels - run with username and passwordUser{name='null', lastname='null', email='evnikel@gmail.com', password='Elena1234$@', phone='null'}
21:22:04.150  INFO  manager.ListenerWD - Before Find Element By -->By.cssSelector: button[type='submit']
21:22:04.182  INFO  manager.ListenerWD - After Find Element By -->By.cssSelector: button[type='submit']
21:22:04.216  INFO  manager.ListenerWD - Before Find Element By -->By.cssSelector: button[type='submit']
21:22:04.235  INFO  manager.ListenerWD - After Find Element By -->By.cssSelector: button[type='submit']
21:22:04.304  INFO  TestBase - Assert-----> Logged in success
21:22:04.305  INFO  manager.ListenerWD - Before Find Element By -->By.cssSelector: div.dialog-container
21:22:04.662  INFO  manager.ListenerWD - After Find Element By -->By.cssSelector: div.dialog-container
21:22:04.680  INFO  manager.ListenerWD - Before Find Element By -->By.cssSelector: h2.message
21:22:04.697  INFO  manager.ListenerWD - After Find Element By -->By.cssSelector: h2.message
21:22:04.720  INFO  manager.ListenerWD - Before Find Elements By -->By.xpath: //button[text()='Ok']
21:22:04.739  INFO  manager.ListenerWD - After Find Elements By -->By.xpath: //button[text()='Ok']
21:22:04.740  INFO  manager.ListenerWD - List size is -->1
21:22:04.740  INFO  manager.ListenerWD - Before Find Element By -->By.xpath: //button[text()='Ok']
21:22:04.756  INFO  manager.ListenerWD - After Find Element By -->By.xpath: //button[text()='Ok']
21:22:04.813  INFO  TestBase - Start checking authorization
21:22:04.813  INFO  manager.ListenerWD - Before Find Elements By -->By.xpath: //a[text()=' Logout ']
21:22:04.834  INFO  manager.ListenerWD - After Find Elements By -->By.xpath: //a[text()=' Logout ']
21:22:04.834  INFO  manager.ListenerWD - List size is -->1
21:22:04.834  INFO  manager.ListenerWD - Before Find Element By -->By.xpath: //a[text()=' Logout ']
21:22:04.855  INFO  manager.ListenerWD - After Find Element By -->By.xpath: //a[text()=' Logout ']
21:22:05.040  INFO  TestBase - Test was needed in logout 
21:22:05.043  INFO  TestBase - Login scenario success was used dataUser{name='null', lastname='null', email='evnikel@gmail.com', password='Elena1234$@', phone='null'}
21:22:05.043  INFO  manager.ListenerWD - Before Find Element By -->By.xpath: //a[text()='Log in']
21:22:05.106  INFO  manager.ListenerWD - After Find Element By -->By.xpath: //a[text()='Log in']
21:22:05.339  INFO  manager.ListenerWD - Before Find Element By -->By.id: email
21:22:05.357  INFO  manager.ListenerWD - After Find Element By -->By.id: email
21:22:05.605  INFO  manager.ListenerWD - Before Find Element By -->By.id: password
21:22:05.634  INFO  manager.ListenerWD - After Find Element By -->By.id: password
21:22:05.827  INFO  TestBase - Test start loginSuccessModels - run with username and passwordUser{name='null', lastname='null', email='evnikel@gmail.com', password='Elena1234$@', phone='null'}
21:22:05.827  INFO  manager.ListenerWD - Before Find Element By -->By.cssSelector: button[type='submit']
21:22:05.845  INFO  manager.ListenerWD - After Find Element By -->By.cssSelector: button[type='submit']
21:22:05.880  INFO  manager.ListenerWD - Before Find Element By -->By.cssSelector: button[type='submit']
21:22:05.902  INFO  manager.ListenerWD - After Find Element By -->By.cssSelector: button[type='submit']
21:22:06.001  INFO  TestBase - Assert-----> Logged in success
21:22:06.002  INFO  manager.ListenerWD - Before Find Element By -->By.cssSelector: div.dialog-container
21:22:06.391  INFO  manager.ListenerWD - After Find Element By -->By.cssSelector: div.dialog-container
21:22:06.408  INFO  manager.ListenerWD - Before Find Element By -->By.cssSelector: h2.message
21:22:06.426  INFO  manager.ListenerWD - After Find Element By -->By.cssSelector: h2.message
21:22:06.446  INFO  manager.ListenerWD - Before Find Elements By -->By.xpath: //button[text()='Ok']
21:22:06.463  INFO  manager.ListenerWD - After Find Elements By -->By.xpath: //button[text()='Ok']
21:22:06.463  INFO  manager.ListenerWD - List size is -->1
21:22:06.463  INFO  manager.ListenerWD - Before Find Element By -->By.xpath: //button[text()='Ok']
21:22:06.478  INFO  manager.ListenerWD - After Find Element By -->By.xpath: //button[text()='Ok']
21:22:06.543  INFO  TestBase - Start checking authorization
21:22:06.543  INFO  manager.ListenerWD - Before Find Elements By -->By.xpath: //a[text()=' Logout ']
21:22:06.560  INFO  manager.ListenerWD - After Find Elements By -->By.xpath: //a[text()=' Logout ']
21:22:06.560  INFO  manager.ListenerWD - List size is -->1
21:22:06.560  INFO  manager.ListenerWD - Before Find Element By -->By.xpath: //a[text()=' Logout ']
21:22:06.575  INFO  manager.ListenerWD - After Find Element By -->By.xpath: //a[text()=' Logout ']
21:22:06.651  INFO  TestBase - Test was needed in logout 
21:22:06.652  INFO  TestBase - Login scenario success was used dataUser{name='null', lastname='null', email='lis2161@gmail.com', password='Lis123@12', phone='null'}
21:22:06.652  INFO  manager.ListenerWD - Before Find Element By -->By.xpath: //a[text()='Log in']
21:22:06.733  INFO  manager.ListenerWD - After Find Element By -->By.xpath: //a[text()='Log in']
21:22:06.963  INFO  manager.ListenerWD - Before Find Element By -->By.id: email
21:22:06.977  INFO  manager.ListenerWD - After Find Element By -->By.id: email
21:22:07.166  INFO  manager.ListenerWD - Before Find Element By -->By.id: password
21:22:07.181  INFO  manager.ListenerWD - After Find Element By -->By.id: password
21:22:07.351  INFO  TestBase - Test start loginSuccessModels - run with username and passwordUser{name='null', lastname='null', email='lis2161@gmail.com', password='Lis123@12', phone='null'}
21:22:07.352  INFO  manager.ListenerWD - Before Find Element By -->By.cssSelector: button[type='submit']
21:22:07.367  INFO  manager.ListenerWD - After Find Element By -->By.cssSelector: button[type='submit']
21:22:07.393  INFO  manager.ListenerWD - Before Find Element By -->By.cssSelector: button[type='submit']
21:22:07.412  INFO  manager.ListenerWD - After Find Element By -->By.cssSelector: button[type='submit']
21:22:07.477  INFO  TestBase - Assert-----> Logged in success
21:22:07.478  INFO  manager.ListenerWD - Before Find Element By -->By.cssSelector: div.dialog-container
21:22:07.816  INFO  manager.ListenerWD - After Find Element By -->By.cssSelector: div.dialog-container
21:22:07.836  INFO  manager.ListenerWD - Before Find Element By -->By.cssSelector: h2.message
21:22:07.849  INFO  manager.ListenerWD - After Find Element By -->By.cssSelector: h2.message
21:22:07.871  INFO  manager.ListenerWD - Before Find Elements By -->By.xpath: //button[text()='Ok']
21:22:07.887  INFO  manager.ListenerWD - After Find Elements By -->By.xpath: //button[text()='Ok']
21:22:07.887  INFO  manager.ListenerWD - List size is -->1
21:22:07.887  INFO  manager.ListenerWD - Before Find Element By -->By.xpath: //button[text()='Ok']
21:22:07.905  INFO  manager.ListenerWD - After Find Element By -->By.xpath: //button[text()='Ok']
21:22:07.968  INFO  TestBase - Start checking authorization
21:22:07.968  INFO  manager.ListenerWD - Before Find Elements By -->By.xpath: //a[text()=' Logout ']
21:22:07.990  INFO  manager.ListenerWD - After Find Elements By -->By.xpath: //a[text()=' Logout ']
21:22:07.990  INFO  manager.ListenerWD - List size is -->1
21:22:07.990  INFO  manager.ListenerWD - Before Find Element By -->By.xpath: //a[text()=' Logout ']
21:22:08.010  INFO  manager.ListenerWD - After Find Element By -->By.xpath: //a[text()=' Logout ']
21:22:08.153  INFO  TestBase - Test was needed in logout 
21:22:08.155  INFO  TestBase - Login scenario success was used dataUser{name='null', lastname='null', email='lis2165@gmail.com', password='Lis123@12', phone='null'}
21:22:08.155  INFO  manager.ListenerWD - Before Find Element By -->By.xpath: //a[text()='Log in']
21:22:08.194  INFO  manager.ListenerWD - After Find Element By -->By.xpath: //a[text()='Log in']
21:22:08.444  INFO  manager.ListenerWD - Before Find Element By -->By.id: email
21:22:08.463  INFO  manager.ListenerWD - After Find Element By -->By.id: email
21:22:08.682  INFO  manager.ListenerWD - Before Find Element By -->By.id: password
21:22:08.699  INFO  manager.ListenerWD - After Find Element By -->By.id: password
21:22:08.854  INFO  TestBase - Test start loginSuccessModels - run with username and passwordUser{name='null', lastname='null', email='lis2165@gmail.com', password='Lis123@12', phone='null'}
21:22:08.854  INFO  manager.ListenerWD - Before Find Element By -->By.cssSelector: button[type='submit']
21:22:08.879  INFO  manager.ListenerWD - After Find Element By -->By.cssSelector: button[type='submit']
21:22:08.908  INFO  manager.ListenerWD - Before Find Element By -->By.cssSelector: button[type='submit']
21:22:08.923  INFO  manager.ListenerWD - After Find Element By -->By.cssSelector: button[type='submit']
21:22:08.983  INFO  TestBase - Assert-----> Logged in success
21:22:08.983  INFO  manager.ListenerWD - Before Find Element By -->By.cssSelector: div.dialog-container
21:22:09.351  INFO  manager.ListenerWD - After Find Element By -->By.cssSelector: div.dialog-container
21:22:09.364  INFO  manager.ListenerWD - Before Find Element By -->By.cssSelector: h2.message
21:22:09.379  INFO  manager.ListenerWD - After Find Element By -->By.cssSelector: h2.message
21:22:09.398  INFO  manager.ListenerWD - Before Find Elements By -->By.xpath: //button[text()='Ok']
21:22:09.417  INFO  manager.ListenerWD - After Find Elements By -->By.xpath: //button[text()='Ok']
21:22:09.418  INFO  manager.ListenerWD - List size is -->1
21:22:09.418  INFO  manager.ListenerWD - Before Find Element By -->By.xpath: //button[text()='Ok']
21:22:09.437  INFO  manager.ListenerWD - After Find Element By -->By.xpath: //button[text()='Ok']
21:22:09.497  INFO  TestBase - Start checking authorization
21:22:09.497  INFO  manager.ListenerWD - Before Find Elements By -->By.xpath: //a[text()=' Logout ']
21:22:09.521  INFO  manager.ListenerWD - After Find Elements By -->By.xpath: //a[text()=' Logout ']
21:22:09.521  INFO  manager.ListenerWD - List size is -->1
21:22:09.521  INFO  manager.ListenerWD - Before Find Element By -->By.xpath: //a[text()=' Logout ']
21:22:09.542  INFO  manager.ListenerWD - After Find Element By -->By.xpath: //a[text()=' Logout ']
21:22:09.727  INFO  TestBase - Test was needed in logout 
21:22:09.729  INFO  manager.ListenerWD - Before Find Element By -->By.cssSelector: a[href ^='/login']
21:22:09.752  INFO  manager.ListenerWD - After Find Element By -->By.cssSelector: a[href ^='/login']
21:22:09.845  INFO  manager.ListenerWD - Before Find Element By -->By.id: email
21:22:09.878  INFO  manager.ListenerWD - After Find Element By -->By.id: email
21:22:10.039  INFO  manager.ListenerWD - Before Find Element By -->By.id: password
21:22:10.055  INFO  manager.ListenerWD - After Find Element By -->By.id: password
21:22:10.242  INFO  TestBase - Test start negativeWrongEmail - run with username and passwordUser{name='null', lastname='null', email='evnikelgmail.com', password='Elena1234$@', phone='null'}
21:22:10.242  INFO  manager.ListenerWD - Before Find Element By -->By.cssSelector: div.error>div
21:22:10.285  INFO  manager.ListenerWD - After Find Element By -->By.cssSelector: div.error>div
21:22:10.316  INFO  TestBase - Assert error Message-----> It'snot look like email
21:22:10.317  INFO  manager.ListenerWD - Before Find Elements By -->By.cssSelector: button[disabled]
21:22:10.365  INFO  manager.ListenerWD - After Find Elements By -->By.cssSelector: button[disabled]
21:22:10.365  INFO  manager.ListenerWD - List size is -->1
21:22:10.365  INFO  manager.ListenerWD - Before Find Element By -->By.cssSelector: [type='submit']
21:22:10.398  INFO  manager.ListenerWD - After Find Element By -->By.cssSelector: [type='submit']
21:22:10.425  INFO  TestBase - Assert ------> isYallaButtonNotActive
21:22:10.426  INFO  manager.ListenerWD - Before Find Elements By -->By.xpath: //button[text()='Ok']
21:22:15.443  INFO  manager.ListenerWD - After Find Elements By -->By.xpath: //button[text()='Ok']
21:22:15.443  INFO  manager.ListenerWD - List size is -->0
21:22:15.444  INFO  TestBase - Start checking authorization
21:22:15.444  INFO  manager.ListenerWD - Before Find Elements By -->By.xpath: //a[text()=' Logout ']
21:22:20.503  INFO  manager.ListenerWD - After Find Elements By -->By.xpath: //a[text()=' Logout ']
21:22:20.503  INFO  manager.ListenerWD - List size is -->0
21:22:20.503  INFO  TestBase - Test was not needed in logout 
21:22:20.504  INFO  manager.ListenerWD - Before Find Element By -->By.cssSelector: a[href ^='/login']
21:22:20.517  INFO  manager.ListenerWD - After Find Element By -->By.cssSelector: a[href ^='/login']
21:22:20.560  INFO  manager.ListenerWD - Before Find Element By -->By.id: email
21:22:20.578  INFO  manager.ListenerWD - After Find Element By -->By.id: email
21:22:20.727  INFO  manager.ListenerWD - Before Find Element By -->By.id: password
21:22:20.756  INFO  manager.ListenerWD - After Find Element By -->By.id: password
21:22:20.890  INFO  TestBase - Test start negativeWrongPassword - run with username and passwordUser{name='null', lastname='null', email='evnikel@gmail.com', password='Ylena1234$@', phone='null'}
21:22:20.890  INFO  manager.ListenerWD - Before Find Element By -->By.cssSelector: button[type='submit']
21:22:20.908  INFO  manager.ListenerWD - After Find Element By -->By.cssSelector: button[type='submit']
21:22:20.936  INFO  manager.ListenerWD - Before Find Element By -->By.cssSelector: button[type='submit']
21:22:20.948  INFO  manager.ListenerWD - After Find Element By -->By.cssSelector: button[type='submit']
21:22:20.998  INFO  TestBase - Assert error Message-----> Wrong email or password
21:22:20.999  INFO  TestBase - Assert ------> Authorization error
21:22:20.999  INFO  manager.ListenerWD - Before Find Element By -->By.cssSelector: div.dialog-container
21:22:21.351  INFO  manager.ListenerWD - After Find Element By -->By.cssSelector: div.dialog-container
21:22:21.368  INFO  manager.ListenerWD - Before Find Element By -->By.cssSelector: h2.message
21:22:21.381  INFO  manager.ListenerWD - After Find Element By -->By.cssSelector: h2.message
21:22:21.400  INFO  manager.ListenerWD - Before Find Element By -->By.cssSelector: div.dialog-container
21:22:21.411  INFO  manager.ListenerWD - After Find Element By -->By.cssSelector: div.dialog-container
21:22:21.427  INFO  manager.ListenerWD - Before Find Element By -->By.cssSelector: div.dialog-container>h1
21:22:21.443  INFO  manager.ListenerWD - After Find Element By -->By.cssSelector: div.dialog-container>h1
21:22:21.460  INFO  manager.ListenerWD - Before Find Elements By -->By.xpath: //button[text()='Ok']
21:22:21.475  INFO  manager.ListenerWD - After Find Elements By -->By.xpath: //button[text()='Ok']
21:22:21.475  INFO  manager.ListenerWD - List size is -->1
21:22:21.475  INFO  manager.ListenerWD - Before Find Element By -->By.xpath: //button[text()='Ok']
21:22:21.492  INFO  manager.ListenerWD - After Find Element By -->By.xpath: //button[text()='Ok']
21:22:21.543  INFO  manager.ListenerWD - Before Find Elements By -->By.xpath: //a[text()=' Logout ']
21:22:26.586  INFO  manager.ListenerWD - After Find Elements By -->By.xpath: //a[text()=' Logout ']
21:22:26.586  INFO  manager.ListenerWD - List size is -->0
21:22:26.588  INFO  TestBase - Registration  scenario success was used dataUser{name='Lisa', lastname='Snow', email='lis1346@gmail.com', password='Lis123@12', phone='null'}
21:22:26.588  INFO  manager.ListenerWD - Before Find Element By -->By.xpath: //a[text()=' Sign up ']
21:22:26.608  INFO  manager.ListenerWD - After Find Element By -->By.xpath: //a[text()=' Sign up ']
21:22:26.713  INFO  manager.ListenerWD - Before Find Element By -->By.id: name
21:22:26.745  INFO  manager.ListenerWD - After Find Element By -->By.id: name
21:22:26.967  INFO  manager.ListenerWD - Before Find Element By -->By.id: lastName
21:22:26.998  INFO  manager.ListenerWD - After Find Element By -->By.id: lastName
21:22:27.199  INFO  manager.ListenerWD - Before Find Element By -->By.id: email
21:22:27.220  INFO  manager.ListenerWD - After Find Element By -->By.id: email
21:22:27.465  INFO  manager.ListenerWD - Before Find Element By -->By.id: password
21:22:27.488  INFO  manager.ListenerWD - After Find Element By -->By.id: password
21:22:27.731  INFO  TestBase - Tests start registrationSuccess with data----->User{name='Lisa', lastname='Snow', email='lis1346@gmail.com', password='Lis123@12', phone='null'}
21:22:27.732  INFO  manager.ListenerWD - Before Find Element By -->By.cssSelector: label[for='terms-of-use']
21:22:27.764  INFO  manager.ListenerWD - After Find Element By -->By.cssSelector: label[for='terms-of-use']
21:22:28.010  INFO  TestBase - Type ---> I agree to the terms of use and privacy policy and Button Yalla
21:22:28.010  INFO  manager.ListenerWD - Before Find Element By -->By.cssSelector: button[type='submit']
21:22:28.067  INFO  manager.ListenerWD - After Find Element By -->By.cssSelector: button[type='submit']
21:22:28.135  INFO  manager.ListenerWD - Before Find Element By -->By.cssSelector: button[type='submit']
21:22:28.154  INFO  manager.ListenerWD - After Find Element By -->By.cssSelector: button[type='submit']
21:22:30.239  INFO  manager.ListenerWD - Before Find Element By -->By.cssSelector: div.dialog-container
21:22:30.256  INFO  manager.ListenerWD - After Find Element By -->By.cssSelector: div.dialog-container
21:22:30.278  INFO  manager.ListenerWD - Before Find Element By -->By.cssSelector: div.dialog-container>h1
21:22:30.298  INFO  manager.ListenerWD - After Find Element By -->By.cssSelector: div.dialog-container>h1
21:22:30.336  INFO  TestBase - Assert ------> Registeredd
21:22:30.338  INFO  manager.ListenerWD - Before Find Elements By -->By.xpath: //button[text()='Ok']
21:22:30.362  INFO  manager.ListenerWD - After Find Elements By -->By.xpath: //button[text()='Ok']
21:22:30.362  INFO  manager.ListenerWD - List size is -->1
21:22:30.362  INFO  manager.ListenerWD - Before Find Element By -->By.xpath: //button[text()='Ok']
21:22:30.385  INFO  manager.ListenerWD - After Find Element By -->By.xpath: //button[text()='Ok']
21:22:30.457  INFO  manager.ListenerWD - Before Find Elements By -->By.xpath: //a[text()=' Logout ']
21:22:30.474  INFO  manager.ListenerWD - After Find Elements By -->By.xpath: //a[text()=' Logout ']
21:22:30.474  INFO  manager.ListenerWD - List size is -->1
21:22:30.474  INFO  manager.ListenerWD - Before Find Element By -->By.xpath: //a[text()=' Logout ']
21:22:30.506  INFO  manager.ListenerWD - After Find Element By -->By.xpath: //a[text()=' Logout ']
21:22:30.716  INFO  TestBase - RegistrationTests start preCondition - run with email: evnikel@gmail.com and password: Elena1234$@
21:22:30.717  INFO  TestBase - Registration  scenario success was used dataUser{name='Lisa', lastname='Snow', email='lis1350@gmail.com', password='Lis123@12', phone='null'}
21:22:30.718  INFO  manager.ListenerWD - Before Find Element By -->By.xpath: //a[text()=' Sign up ']
21:22:30.741  INFO  manager.ListenerWD - After Find Element By -->By.xpath: //a[text()=' Sign up ']
21:22:30.865  INFO  manager.ListenerWD - Before Find Element By -->By.id: name
21:22:30.883  INFO  manager.ListenerWD - After Find Element By -->By.id: name
21:22:31.082  INFO  manager.ListenerWD - Before Find Element By -->By.id: lastName
21:22:31.099  INFO  manager.ListenerWD - After Find Element By -->By.id: lastName
21:22:31.290  INFO  manager.ListenerWD - Before Find Element By -->By.id: email
21:22:31.322  INFO  manager.ListenerWD - After Find Element By -->By.id: email
21:22:31.599  INFO  manager.ListenerWD - Before Find Element By -->By.id: password
21:22:31.618  INFO  manager.ListenerWD - After Find Element By -->By.id: password
21:22:31.815  INFO  TestBase - Tests start registrationSuccess with data----->User{name='Lisa', lastname='Snow', email='lis1350@gmail.com', password='Lis123@12', phone='null'}
21:22:31.815  INFO  manager.ListenerWD - Before Find Element By -->By.cssSelector: label[for='terms-of-use']
21:22:31.835  INFO  manager.ListenerWD - After Find Element By -->By.cssSelector: label[for='terms-of-use']
21:22:32.001  INFO  TestBase - Type ---> I agree to the terms of use and privacy policy and Button Yalla
21:22:32.002  INFO  manager.ListenerWD - Before Find Element By -->By.cssSelector: button[type='submit']
21:22:32.019  INFO  manager.ListenerWD - After Find Element By -->By.cssSelector: button[type='submit']
21:22:32.046  INFO  manager.ListenerWD - Before Find Element By -->By.cssSelector: button[type='submit']
21:22:32.060  INFO  manager.ListenerWD - After Find Element By -->By.cssSelector: button[type='submit']
21:22:34.112  INFO  manager.ListenerWD - Before Find Element By -->By.cssSelector: div.dialog-container
21:22:34.124  INFO  manager.ListenerWD - After Find Element By -->By.cssSelector: div.dialog-container
21:22:34.139  INFO  manager.ListenerWD - Before Find Element By -->By.cssSelector: div.dialog-container>h1
21:22:34.153  INFO  manager.ListenerWD - After Find Element By -->By.cssSelector: div.dialog-container>h1
21:22:34.179  INFO  TestBase - Assert ------> Registeredd
21:22:34.180  INFO  manager.ListenerWD - Before Find Elements By -->By.xpath: //button[text()='Ok']
21:22:34.200  INFO  manager.ListenerWD - After Find Elements By -->By.xpath: //button[text()='Ok']
21:22:34.200  INFO  manager.ListenerWD - List size is -->1
21:22:34.200  INFO  manager.ListenerWD - Before Find Element By -->By.xpath: //button[text()='Ok']
21:22:34.212  INFO  manager.ListenerWD - After Find Element By -->By.xpath: //button[text()='Ok']
21:22:34.262  INFO  manager.ListenerWD - Before Find Elements By -->By.xpath: //a[text()=' Logout ']
21:22:34.282  INFO  manager.ListenerWD - After Find Elements By -->By.xpath: //a[text()=' Logout ']
21:22:34.283  INFO  manager.ListenerWD - List size is -->1
21:22:34.283  INFO  manager.ListenerWD - Before Find Element By -->By.xpath: //a[text()=' Logout ']
21:22:34.298  INFO  manager.ListenerWD - After Find Element By -->By.xpath: //a[text()=' Logout ']
21:22:34.479  INFO  TestBase - RegistrationTests start preCondition - run with email: evnikel@gmail.com and password: Elena1234$@
21:22:34.481  INFO  TestBase - Registration  scenario success was used dataUser{name='Lisa', lastname='Snow', email='lis1354@gmail.com', password='Lis123@12', phone='null'}
21:22:34.481  INFO  manager.ListenerWD - Before Find Element By -->By.xpath: //a[text()=' Sign up ']
21:22:34.499  INFO  manager.ListenerWD - After Find Element By -->By.xpath: //a[text()=' Sign up ']
21:22:34.621  INFO  manager.ListenerWD - Before Find Element By -->By.id: name
21:22:34.638  INFO  manager.ListenerWD - After Find Element By -->By.id: name
21:22:34.784  INFO  manager.ListenerWD - Before Find Element By -->By.id: lastName
21:22:34.801  INFO  manager.ListenerWD - After Find Element By -->By.id: lastName
21:22:34.936  INFO  manager.ListenerWD - Before Find Element By -->By.id: email
21:22:34.952  INFO  manager.ListenerWD - After Find Element By -->By.id: email
21:22:35.181  INFO  manager.ListenerWD - Before Find Element By -->By.id: password
21:22:35.204  INFO  manager.ListenerWD - After Find Element By -->By.id: password
21:22:35.384  INFO  TestBase - Tests start registrationSuccess with data----->User{name='Lisa', lastname='Snow', email='lis1354@gmail.com', password='Lis123@12', phone='null'}
21:22:35.385  INFO  manager.ListenerWD - Before Find Element By -->By.cssSelector: label[for='terms-of-use']
21:22:35.404  INFO  manager.ListenerWD - After Find Element By -->By.cssSelector: label[for='terms-of-use']
21:22:35.553  INFO  TestBase - Type ---> I agree to the terms of use and privacy policy and Button Yalla
21:22:35.553  INFO  manager.ListenerWD - Before Find Element By -->By.cssSelector: button[type='submit']
21:22:35.569  INFO  manager.ListenerWD - After Find Element By -->By.cssSelector: button[type='submit']
21:22:35.600  INFO  manager.ListenerWD - Before Find Element By -->By.cssSelector: button[type='submit']
21:22:35.614  INFO  manager.ListenerWD - After Find Element By -->By.cssSelector: button[type='submit']
21:22:37.680  INFO  manager.ListenerWD - Before Find Element By -->By.cssSelector: div.dialog-container
21:22:37.691  INFO  manager.ListenerWD - After Find Element By -->By.cssSelector: div.dialog-container
21:22:37.702  INFO  manager.ListenerWD - Before Find Element By -->By.cssSelector: div.dialog-container>h1
21:22:37.713  INFO  manager.ListenerWD - After Find Element By -->By.cssSelector: div.dialog-container>h1
21:22:37.730  INFO  TestBase - Assert ------> Registeredd
21:22:37.731  INFO  manager.ListenerWD - Before Find Elements By -->By.xpath: //button[text()='Ok']
21:22:37.745  INFO  manager.ListenerWD - After Find Elements By -->By.xpath: //button[text()='Ok']
21:22:37.745  INFO  manager.ListenerWD - List size is -->1
21:22:37.745  INFO  manager.ListenerWD - Before Find Element By -->By.xpath: //button[text()='Ok']
21:22:37.756  INFO  manager.ListenerWD - After Find Element By -->By.xpath: //button[text()='Ok']
21:22:37.798  INFO  manager.ListenerWD - Before Find Elements By -->By.xpath: //a[text()=' Logout ']
21:22:37.811  INFO  manager.ListenerWD - After Find Elements By -->By.xpath: //a[text()=' Logout ']
21:22:37.811  INFO  manager.ListenerWD - List size is -->1
21:22:37.811  INFO  manager.ListenerWD - Before Find Element By -->By.xpath: //a[text()=' Logout ']
21:22:37.823  INFO  manager.ListenerWD - After Find Element By -->By.xpath: //a[text()=' Logout ']
21:22:38.058  INFO  TestBase - RegistrationTests start preCondition - run with email: evnikel@gmail.com and password: Elena1234$@
21:22:38.064  INFO  TestBase - Registration scenario success was used dataUser{name='Zoa', lastname='Dow', email='evnikel@gmail.com', password='Elena1234$@', phone='null'}
21:22:38.065  INFO  manager.ListenerWD - Before Find Element By -->By.xpath: //a[text()=' Sign up ']
21:22:38.089  INFO  manager.ListenerWD - After Find Element By -->By.xpath: //a[text()=' Sign up ']
21:22:38.188  INFO  manager.ListenerWD - Before Find Element By -->By.id: name
21:22:38.203  INFO  manager.ListenerWD - After Find Element By -->By.id: name
21:22:38.322  INFO  manager.ListenerWD - Before Find Element By -->By.id: lastName
21:22:38.333  INFO  manager.ListenerWD - After Find Element By -->By.id: lastName
21:22:38.499  INFO  manager.ListenerWD - Before Find Element By -->By.id: email
21:22:38.520  INFO  manager.ListenerWD - After Find Element By -->By.id: email
21:22:38.707  INFO  manager.ListenerWD - Before Find Element By -->By.id: password
21:22:38.722  INFO  manager.ListenerWD - After Find Element By -->By.id: password
21:22:38.856  INFO  manager.ListenerWD - Before Find Element By -->By.cssSelector: label[for='terms-of-use']
21:22:38.868  INFO  manager.ListenerWD - After Find Element By -->By.cssSelector: label[for='terms-of-use']
21:22:39.023  INFO  manager.ListenerWD - Before Find Element By -->By.cssSelector: button[type='submit']
21:22:39.037  INFO  manager.ListenerWD - After Find Element By -->By.cssSelector: button[type='submit']
21:22:39.066  INFO  manager.ListenerWD - Before Find Element By -->By.cssSelector: button[type='submit']
21:22:39.080  INFO  manager.ListenerWD - After Find Element By -->By.cssSelector: button[type='submit']
21:22:41.134  INFO  manager.ListenerWD - Before Find Element By -->By.cssSelector: div.dialog-container
21:22:41.145  INFO  manager.ListenerWD - After Find Element By -->By.cssSelector: div.dialog-container
21:22:41.157  INFO  manager.ListenerWD - Before Find Element By -->By.cssSelector: div.dialog-container>h1
21:22:41.167  INFO  manager.ListenerWD - After Find Element By -->By.cssSelector: div.dialog-container>h1
21:22:41.188  INFO  manager.ListenerWD - Before Find Elements By -->By.xpath: //button[text()='Ok']
21:22:41.199  INFO  manager.ListenerWD - After Find Elements By -->By.xpath: //button[text()='Ok']
21:22:41.199  INFO  manager.ListenerWD - List size is -->1
21:22:41.199  INFO  manager.ListenerWD - Before Find Element By -->By.xpath: //button[text()='Ok']
21:22:41.211  INFO  manager.ListenerWD - After Find Element By -->By.xpath: //button[text()='Ok']
21:22:41.251  INFO  manager.ListenerWD - Before Find Elements By -->By.xpath: //a[text()=' Logout ']
21:22:46.267  INFO  manager.ListenerWD - After Find Elements By -->By.xpath: //a[text()=' Logout ']
21:22:46.267  INFO  manager.ListenerWD - List size is -->0
21:22:46.268  INFO  TestBase - Registration scenario success was used dataUser{name='Noa', lastname='Snow', email='noa@mail.com', password='Nn12345$', phone='null'}
21:22:46.268  INFO  manager.ListenerWD - Before Find Element By -->By.xpath: //a[text()=' Sign up ']
21:22:46.280  INFO  manager.ListenerWD - After Find Element By -->By.xpath: //a[text()=' Sign up ']
21:22:46.315  INFO  manager.ListenerWD - Before Find Element By -->By.id: name
21:22:46.330  INFO  manager.ListenerWD - After Find Element By -->By.id: name
21:22:46.444  INFO  manager.ListenerWD - Before Find Element By -->By.id: lastName
21:22:46.458  INFO  manager.ListenerWD - After Find Element By -->By.id: lastName
21:22:46.577  INFO  manager.ListenerWD - Before Find Element By -->By.id: email
21:22:46.593  INFO  manager.ListenerWD - After Find Element By -->By.id: email
21:22:46.732  INFO  manager.ListenerWD - Before Find Element By -->By.id: password
21:22:46.746  INFO  manager.ListenerWD - After Find Element By -->By.id: password
21:22:46.880  INFO  manager.ListenerWD - Before Find Element By -->By.cssSelector: label[for='terms-of-use']
21:22:46.898  INFO  manager.ListenerWD - After Find Element By -->By.cssSelector: label[for='terms-of-use']
21:22:47.042  INFO  manager.ListenerWD - Before Find Element By -->By.cssSelector: button[type='submit']
21:22:47.054  INFO  manager.ListenerWD - After Find Element By -->By.cssSelector: button[type='submit']
21:22:52.280  INFO  manager.ListenerWD - Before Find Elements By -->By.xpath: //button[text()='Ok']
21:22:57.346  INFO  manager.ListenerWD - After Find Elements By -->By.xpath: //button[text()='Ok']
21:22:57.346  INFO  manager.ListenerWD - List size is -->0
21:22:57.347  INFO  manager.ListenerWD - Before Find Elements By -->By.xpath: //a[text()=' Logout ']
21:23:02.383  INFO  manager.ListenerWD - After Find Elements By -->By.xpath: //a[text()=' Logout ']
21:23:02.383  INFO  manager.ListenerWD - List size is -->0
21:23:02.384  INFO  TestBase - Registration scenario success was used dataUser{name='Katy', lastname='Fox', email='katy@mail.com', password='Kk12345$', phone='null'}
21:23:02.384  INFO  manager.ListenerWD - Before Find Element By -->By.xpath: //a[text()=' Sign up ']
21:23:02.404  INFO  manager.ListenerWD - After Find Element By -->By.xpath: //a[text()=' Sign up ']
21:23:02.460  INFO  manager.ListenerWD - Before Find Element By -->By.id: name
21:23:02.477  INFO  manager.ListenerWD - After Find Element By -->By.id: name
21:23:02.596  INFO  manager.ListenerWD - Before Find Element By -->By.id: lastName
21:23:02.611  INFO  manager.ListenerWD - After Find Element By -->By.id: lastName
21:23:02.779  INFO  manager.ListenerWD - Before Find Element By -->By.id: email
21:23:02.801  INFO  manager.ListenerWD - After Find Element By -->By.id: email
21:23:03.056  INFO  manager.ListenerWD - Before Find Element By -->By.id: password
21:23:03.077  INFO  manager.ListenerWD - After Find Element By -->By.id: password
21:23:03.214  INFO  manager.ListenerWD - Before Find Element By -->By.cssSelector: label[for='terms-of-use']
21:23:03.231  INFO  manager.ListenerWD - After Find Element By -->By.cssSelector: label[for='terms-of-use']
21:23:03.368  INFO  manager.ListenerWD - Before Find Element By -->By.cssSelector: button[type='submit']
21:23:03.380  INFO  manager.ListenerWD - After Find Element By -->By.cssSelector: button[type='submit']
21:23:03.399  INFO  manager.ListenerWD - Before Find Element By -->By.cssSelector: button[type='submit']
21:23:03.411  INFO  manager.ListenerWD - After Find Element By -->By.cssSelector: button[type='submit']
21:23:05.453  INFO  manager.ListenerWD - Before Find Element By -->By.cssSelector: div.dialog-container
21:23:05.463  INFO  manager.ListenerWD - After Find Element By -->By.cssSelector: div.dialog-container
21:23:05.476  INFO  manager.ListenerWD - Before Find Element By -->By.cssSelector: div.dialog-container>h1
21:23:05.487  INFO  manager.ListenerWD - After Find Element By -->By.cssSelector: div.dialog-container>h1
21:23:05.501  INFO  TestBase - In assert checked message 'Registered' in dialog  
21:23:05.502  INFO  manager.ListenerWD - Before Find Elements By -->By.xpath: //button[text()='Ok']
21:23:05.512  INFO  manager.ListenerWD - After Find Elements By -->By.xpath: //button[text()='Ok']
21:23:05.512  INFO  manager.ListenerWD - List size is -->1
21:23:05.512  INFO  manager.ListenerWD - Before Find Element By -->By.xpath: //button[text()='Ok']
21:23:05.534  INFO  manager.ListenerWD - After Find Element By -->By.xpath: //button[text()='Ok']
21:23:05.572  INFO  manager.ListenerWD - Before Find Elements By -->By.xpath: //a[text()=' Logout ']
21:23:05.590  INFO  manager.ListenerWD - After Find Elements By -->By.xpath: //a[text()=' Logout ']
21:23:05.590  INFO  manager.ListenerWD - List size is -->1
21:23:05.590  INFO  manager.ListenerWD - Before Find Element By -->By.xpath: //a[text()=' Logout ']
21:23:05.605  INFO  manager.ListenerWD - After Find Element By -->By.xpath: //a[text()=' Logout ']
21:23:05.803  INFO  TestBase - RegistrationTests start preCondition - run with email: evnikel@gmail.com and password: Elena1234$@
21:23:05.804  INFO  TestBase - Registration scenario success was used dataUser{name='John', lastname='Wicck', email='john@mail.com', password='Jj12345$', phone='null'}
21:23:05.805  INFO  manager.ListenerWD - Before Find Element By -->By.xpath: //a[text()=' Sign up ']
21:23:05.826  INFO  manager.ListenerWD - After Find Element By -->By.xpath: //a[text()=' Sign up ']
21:23:05.903  INFO  manager.ListenerWD - Before Find Element By -->By.id: name
21:23:05.915  INFO  manager.ListenerWD - After Find Element By -->By.id: name
21:23:06.065  INFO  manager.ListenerWD - Before Find Element By -->By.id: lastName
21:23:06.079  INFO  manager.ListenerWD - After Find Element By -->By.id: lastName
21:23:06.209  INFO  manager.ListenerWD - Before Find Element By -->By.id: email
21:23:06.223  INFO  manager.ListenerWD - After Find Element By -->By.id: email
21:23:06.399  INFO  manager.ListenerWD - Before Find Element By -->By.id: password
21:23:06.436  INFO  manager.ListenerWD - After Find Element By -->By.id: password
21:23:06.601  INFO  manager.ListenerWD - Before Find Element By -->By.cssSelector: label[for='terms-of-use']
21:23:06.615  INFO  manager.ListenerWD - After Find Element By -->By.cssSelector: label[for='terms-of-use']
21:23:06.783  INFO  manager.ListenerWD - Before Find Element By -->By.cssSelector: button[type='submit']
21:23:06.804  INFO  manager.ListenerWD - After Find Element By -->By.cssSelector: button[type='submit']
21:23:06.841  INFO  manager.ListenerWD - Before Find Element By -->By.cssSelector: button[type='submit']
21:23:06.858  INFO  manager.ListenerWD - After Find Element By -->By.cssSelector: button[type='submit']
21:23:08.930  INFO  manager.ListenerWD - Before Find Element By -->By.cssSelector: div.dialog-container
21:23:08.939  INFO  manager.ListenerWD - After Find Element By -->By.cssSelector: div.dialog-container
21:23:08.952  INFO  manager.ListenerWD - Before Find Element By -->By.cssSelector: div.dialog-container>h1
21:23:08.961  INFO  manager.ListenerWD - After Find Element By -->By.cssSelector: div.dialog-container>h1
21:23:08.978  INFO  manager.ListenerWD - Before Find Elements By -->By.xpath: //button[text()='Ok']
21:23:08.991  INFO  manager.ListenerWD - After Find Elements By -->By.xpath: //button[text()='Ok']
21:23:08.992  INFO  manager.ListenerWD - List size is -->1
21:23:08.992  INFO  manager.ListenerWD - Before Find Element By -->By.xpath: //button[text()='Ok']
21:23:09.003  INFO  manager.ListenerWD - After Find Element By -->By.xpath: //button[text()='Ok']
21:23:09.043  INFO  manager.ListenerWD - Before Find Elements By -->By.xpath: //a[text()=' Logout ']
21:23:14.054  INFO  manager.ListenerWD - After Find Elements By -->By.xpath: //a[text()=' Logout ']
21:23:14.054  INFO  manager.ListenerWD - List size is -->0
21:23:14.055  INFO  manager.ListenerWD - Before Find Element By -->By.xpath: //a[text()=' Sign up ']
21:23:14.064  INFO  manager.ListenerWD - After Find Element By -->By.xpath: //a[text()=' Sign up ']
21:23:14.092  INFO  manager.ListenerWD - Before Find Element By -->By.id: name
21:23:14.113  INFO  manager.ListenerWD - After Find Element By -->By.id: name
21:23:14.278  INFO  manager.ListenerWD - Before Find Element By -->By.id: lastName
21:23:14.301  INFO  manager.ListenerWD - After Find Element By -->By.id: lastName
21:23:14.483  INFO  manager.ListenerWD - Before Find Element By -->By.id: email
21:23:14.499  INFO  manager.ListenerWD - After Find Element By -->By.id: email
21:23:14.661  INFO  manager.ListenerWD - Before Find Element By -->By.id: password
21:23:14.681  INFO  manager.ListenerWD - After Find Element By -->By.id: password
21:23:14.843  INFO  TestBase - Test registrationWrongPassword start- run withUser{name='Lisa', lastname='Snow', email='lis@gmail.com', password='Yis', phone='null'}
21:23:14.844  INFO  manager.ListenerWD - Before Find Element By -->By.cssSelector: label[for='terms-of-use']
21:23:14.866  INFO  manager.ListenerWD - After Find Element By -->By.cssSelector: label[for='terms-of-use']
21:23:15.015  INFO  manager.ListenerWD - Before Find Element By -->By.cssSelector: div.error div:last-child
21:23:15.042  INFO  manager.ListenerWD - After Find Element By -->By.cssSelector: div.error div:last-child
21:23:15.062  INFO  TestBase - Assert Error ---> Password must contain 1 uppercase letter, 1 lowercase letter and one number
21:23:15.062  INFO  manager.ListenerWD - Before Find Element By -->By.cssSelector: div.error div:first-child
21:23:15.085  INFO  manager.ListenerWD - After Find Element By -->By.cssSelector: div.error div:first-child
21:23:15.105  INFO  TestBase - Assert Error ---> Password must contain minimum 8 symbols
21:23:15.105  INFO  manager.ListenerWD - Before Find Elements By -->By.cssSelector: button[disabled]
21:23:15.132  INFO  manager.ListenerWD - After Find Elements By -->By.cssSelector: button[disabled]
21:23:15.132  INFO  manager.ListenerWD - List size is -->1
21:23:15.132  INFO  manager.ListenerWD - Before Find Element By -->By.cssSelector: [type='submit']
21:23:15.161  INFO  manager.ListenerWD - After Find Element By -->By.cssSelector: [type='submit']
21:23:15.172  INFO  TestBase - Assert  ---> isYallaButtonNotActive
21:23:15.175  INFO  manager.ListenerWD - Before Find Elements By -->By.xpath: //button[text()='Ok']
21:23:20.194  INFO  manager.ListenerWD - After Find Elements By -->By.xpath: //button[text()='Ok']
21:23:20.194  INFO  manager.ListenerWD - List size is -->0
21:23:20.195  INFO  manager.ListenerWD - Before Find Element By -->By.id: city
21:23:25.230  INFO  manager.ListenerWD - We have a 'problem'
21:23:25.230  INFO  manager.ListenerWD - The name of error method  findElement
21:23:25.231  INFO  manager.ListenerWD - Describe of error org.openqa.selenium.NoSuchElementException: no such element: Unable to locate element: {"method":"css selector","selector":"#city"}
  (Session info: chrome=106.0.5249.119)
For documentation on this error, please visit: https://selenium.dev/exceptions/#no_such_element
Build info: version: '4.4.0', revision: 'e5c75ed026a'
System info: host: 'DESKTOP-EVABS4F', ip: '192.168.1.138', os.name: 'Windows 11', os.arch: 'amd64', os.version: '10.0', java.version: '11.0.16.1'
Driver info: org.openqa.selenium.chrome.ChromeDriver
Command: [bee37eb9a92445800723b4313c7a01b3, findElement {using=id, value=city}]
Capabilities {acceptInsecureCerts: false, browserName: chrome, browserVersion: 106.0.5249.119, chrome: {chromedriverVersion: 106.0.5249.61 (511755355844..., userDataDir: C:\Users\evnik\AppData\Loca...}, goog:chromeOptions: {debuggerAddress: localhost:60118}, networkConnectionEnabled: false, pageLoadStrategy: normal, platformName: WINDOWS, proxy: Proxy(), se:cdp: ws://localhost:60118/devtoo..., se:cdpVersion: 106.0.5249.119, setWindowRect: true, strictFileInteractability: false, timeouts: {implicit: 0, pageLoad: 300000, script: 30000}, unhandledPromptBehavior: dismiss and notify, webauthn:extension:credBlob: true, webauthn:extension:largeBlob: true, webauthn:virtualAuthenticators: true}
Session ID: bee37eb9a92445800723b4313c7a01b3
21:23:25.231  INFO  manager.ListenerWD - *********************
21:23:25.231  INFO  manager.ListenerWD - ChromeDriver: chrome on WINDOWS (bee37eb9a92445800723b4313c7a01b3)
21:23:25.233  INFO  manager.ListenerWD - Screen with error is 1126   src/test/screenshots1126.png
21:23:26.151  INFO  manager.ListenerWD - Before Find Element By -->By.id: city
21:23:31.172  INFO  manager.ListenerWD - We have a 'problem'
21:23:31.172  INFO  manager.ListenerWD - The name of error method  findElement
21:23:31.172  INFO  manager.ListenerWD - Describe of error org.openqa.selenium.NoSuchElementException: no such element: Unable to locate element: {"method":"css selector","selector":"#city"}
  (Session info: chrome=106.0.5249.119)
For documentation on this error, please visit: https://selenium.dev/exceptions/#no_such_element
Build info: version: '4.4.0', revision: 'e5c75ed026a'
System info: host: 'DESKTOP-EVABS4F', ip: '192.168.1.138', os.name: 'Windows 11', os.arch: 'amd64', os.version: '10.0', java.version: '11.0.16.1'
Driver info: org.openqa.selenium.chrome.ChromeDriver
Command: [bee37eb9a92445800723b4313c7a01b3, findElement {using=id, value=city}]
Capabilities {acceptInsecureCerts: false, browserName: chrome, browserVersion: 106.0.5249.119, chrome: {chromedriverVersion: 106.0.5249.61 (511755355844..., userDataDir: C:\Users\evnik\AppData\Loca...}, goog:chromeOptions: {debuggerAddress: localhost:60118}, networkConnectionEnabled: false, pageLoadStrategy: normal, platformName: WINDOWS, proxy: Proxy(), se:cdp: ws://localhost:60118/devtoo..., se:cdpVersion: 106.0.5249.119, setWindowRect: true, strictFileInteractability: false, timeouts: {implicit: 0, pageLoad: 300000, script: 30000}, unhandledPromptBehavior: dismiss and notify, webauthn:extension:credBlob: true, webauthn:extension:largeBlob: true, webauthn:virtualAuthenticators: true}
Session ID: bee37eb9a92445800723b4313c7a01b3
21:23:31.172  INFO  manager.ListenerWD - *********************
21:23:31.172  INFO  manager.ListenerWD - ChromeDriver: chrome on WINDOWS (bee37eb9a92445800723b4313c7a01b3)
21:23:31.172  INFO  manager.ListenerWD - Screen with error is 1684   src/test/screenshots1684.png
21:23:31.845  INFO  manager.ListenerWD - Before Find Element By -->By.id: city
21:23:36.876  INFO  manager.ListenerWD - We have a 'problem'
21:23:36.876  INFO  manager.ListenerWD - The name of error method  findElement
21:23:36.876  INFO  manager.ListenerWD - Describe of error org.openqa.selenium.NoSuchElementException: no such element: Unable to locate element: {"method":"css selector","selector":"#city"}
  (Session info: chrome=106.0.5249.119)
For documentation on this error, please visit: https://selenium.dev/exceptions/#no_such_element
Build info: version: '4.4.0', revision: 'e5c75ed026a'
System info: host: 'DESKTOP-EVABS4F', ip: '192.168.1.138', os.name: 'Windows 11', os.arch: 'amd64', os.version: '10.0', java.version: '11.0.16.1'
Driver info: org.openqa.selenium.chrome.ChromeDriver
Command: [bee37eb9a92445800723b4313c7a01b3, findElement {using=id, value=city}]
Capabilities {acceptInsecureCerts: false, browserName: chrome, browserVersion: 106.0.5249.119, chrome: {chromedriverVersion: 106.0.5249.61 (511755355844..., userDataDir: C:\Users\evnik\AppData\Loca...}, goog:chromeOptions: {debuggerAddress: localhost:60118}, networkConnectionEnabled: false, pageLoadStrategy: normal, platformName: WINDOWS, proxy: Proxy(), se:cdp: ws://localhost:60118/devtoo..., se:cdpVersion: 106.0.5249.119, setWindowRect: true, strictFileInteractability: false, timeouts: {implicit: 0, pageLoad: 300000, script: 30000}, unhandledPromptBehavior: dismiss and notify, webauthn:extension:credBlob: true, webauthn:extension:largeBlob: true, webauthn:virtualAuthenticators: true}
Session ID: bee37eb9a92445800723b4313c7a01b3
21:23:36.877  INFO  manager.ListenerWD - *********************
21:23:36.877  INFO  manager.ListenerWD - ChromeDriver: chrome on WINDOWS (bee37eb9a92445800723b4313c7a01b3)
21:23:36.877  INFO  manager.ListenerWD - Screen with error is 1614   src/test/screenshots1614.png
21:23:37.548  INFO  manager.ListenerWD - Before Find Element By -->By.id: city
21:23:42.612  INFO  manager.ListenerWD - We have a 'problem'
21:23:42.612  INFO  manager.ListenerWD - The name of error method  findElement
21:23:42.612  INFO  manager.ListenerWD - Describe of error org.openqa.selenium.NoSuchElementException: no such element: Unable to locate element: {"method":"css selector","selector":"#city"}
  (Session info: chrome=106.0.5249.119)
For documentation on this error, please visit: https://selenium.dev/exceptions/#no_such_element
Build info: version: '4.4.0', revision: 'e5c75ed026a'
System info: host: 'DESKTOP-EVABS4F', ip: '192.168.1.138', os.name: 'Windows 11', os.arch: 'amd64', os.version: '10.0', java.version: '11.0.16.1'
Driver info: org.openqa.selenium.chrome.ChromeDriver
Command: [bee37eb9a92445800723b4313c7a01b3, findElement {using=id, value=city}]
Capabilities {acceptInsecureCerts: false, browserName: chrome, browserVersion: 106.0.5249.119, chrome: {chromedriverVersion: 106.0.5249.61 (511755355844..., userDataDir: C:\Users\evnik\AppData\Loca...}, goog:chromeOptions: {debuggerAddress: localhost:60118}, networkConnectionEnabled: false, pageLoadStrategy: normal, platformName: WINDOWS, proxy: Proxy(), se:cdp: ws://localhost:60118/devtoo..., se:cdpVersion: 106.0.5249.119, setWindowRect: true, strictFileInteractability: false, timeouts: {implicit: 0, pageLoad: 300000, script: 30000}, unhandledPromptBehavior: dismiss and notify, webauthn:extension:credBlob: true, webauthn:extension:largeBlob: true, webauthn:virtualAuthenticators: true}
Session ID: bee37eb9a92445800723b4313c7a01b3
21:23:42.612  INFO  manager.ListenerWD - *********************
21:23:42.612  INFO  manager.ListenerWD - ChromeDriver: chrome on WINDOWS (bee37eb9a92445800723b4313c7a01b3)
21:23:42.612  INFO  manager.ListenerWD - Screen with error is 1137   src/test/screenshots1137.png
21:23:43.303  INFO  manager.ListenerWD - Before Find Element By -->By.id: city
21:23:48.336  INFO  manager.ListenerWD - We have a 'problem'
21:23:48.336  INFO  manager.ListenerWD - The name of error method  findElement
21:23:48.336  INFO  manager.ListenerWD - Describe of error org.openqa.selenium.NoSuchElementException: no such element: Unable to locate element: {"method":"css selector","selector":"#city"}
  (Session info: chrome=106.0.5249.119)
For documentation on this error, please visit: https://selenium.dev/exceptions/#no_such_element
Build info: version: '4.4.0', revision: 'e5c75ed026a'
System info: host: 'DESKTOP-EVABS4F', ip: '192.168.1.138', os.name: 'Windows 11', os.arch: 'amd64', os.version: '10.0', java.version: '11.0.16.1'
Driver info: org.openqa.selenium.chrome.ChromeDriver
Command: [bee37eb9a92445800723b4313c7a01b3, findElement {using=id, value=city}]
Capabilities {acceptInsecureCerts: false, browserName: chrome, browserVersion: 106.0.5249.119, chrome: {chromedriverVersion: 106.0.5249.61 (511755355844..., userDataDir: C:\Users\evnik\AppData\Loca...}, goog:chromeOptions: {debuggerAddress: localhost:60118}, networkConnectionEnabled: false, pageLoadStrategy: normal, platformName: WINDOWS, proxy: Proxy(), se:cdp: ws://localhost:60118/devtoo..., se:cdpVersion: 106.0.5249.119, setWindowRect: true, strictFileInteractability: false, timeouts: {implicit: 0, pageLoad: 300000, script: 30000}, unhandledPromptBehavior: dismiss and notify, webauthn:extension:credBlob: true, webauthn:extension:largeBlob: true, webauthn:virtualAuthenticators: true}
Session ID: bee37eb9a92445800723b4313c7a01b3
21:23:48.336  INFO  manager.ListenerWD - *********************
21:23:48.336  INFO  manager.ListenerWD - ChromeDriver: chrome on WINDOWS (bee37eb9a92445800723b4313c7a01b3)
21:23:48.336  INFO  manager.ListenerWD - Screen with error is 1342   src/test/screenshots1342.png
21:23:49.048  INFO  manager.ListenerWD - Before Find Element By -->By.id: city
21:23:54.102  INFO  manager.ListenerWD - We have a 'problem'
21:23:54.103  INFO  manager.ListenerWD - The name of error method  findElement
21:23:54.103  INFO  manager.ListenerWD - Describe of error org.openqa.selenium.NoSuchElementException: no such element: Unable to locate element: {"method":"css selector","selector":"#city"}
  (Session info: chrome=106.0.5249.119)
For documentation on this error, please visit: https://selenium.dev/exceptions/#no_such_element
Build info: version: '4.4.0', revision: 'e5c75ed026a'
System info: host: 'DESKTOP-EVABS4F', ip: '192.168.1.138', os.name: 'Windows 11', os.arch: 'amd64', os.version: '10.0', java.version: '11.0.16.1'
Driver info: org.openqa.selenium.chrome.ChromeDriver
Command: [bee37eb9a92445800723b4313c7a01b3, findElement {using=id, value=city}]
Capabilities {acceptInsecureCerts: false, browserName: chrome, browserVersion: 106.0.5249.119, chrome: {chromedriverVersion: 106.0.5249.61 (511755355844..., userDataDir: C:\Users\evnik\AppData\Loca...}, goog:chromeOptions: {debuggerAddress: localhost:60118}, networkConnectionEnabled: false, pageLoadStrategy: normal, platformName: WINDOWS, proxy: Proxy(), se:cdp: ws://localhost:60118/devtoo..., se:cdpVersion: 106.0.5249.119, setWindowRect: true, strictFileInteractability: false, timeouts: {implicit: 0, pageLoad: 300000, script: 30000}, unhandledPromptBehavior: dismiss and notify, webauthn:extension:credBlob: true, webauthn:extension:largeBlob: true, webauthn:virtualAuthenticators: true}
Session ID: bee37eb9a92445800723b4313c7a01b3
21:23:54.104  INFO  manager.ListenerWD - *********************
21:23:54.104  INFO  manager.ListenerWD - ChromeDriver: chrome on WINDOWS (bee37eb9a92445800723b4313c7a01b3)
21:23:54.104  INFO  manager.ListenerWD - Screen with error is 1567   src/test/screenshots1567.png
