18:18:43.342  INFO  manager.ApplicationManager - All tests start in  Firefox
18:18:46.827  INFO  manager.ApplicationManager - The current url is --->https://ilcarro-1578153671498.web.app/search
18:18:46.962  INFO  TestBase - Start Method with name --->addCarSuccess
18:18:46.966  INFO  manager.ListenerWD - Before Find Elements By -->By.xpath: //a[text()=' Logout ']
18:18:52.009  INFO  manager.ListenerWD - After Find Elements By -->By.xpath: //a[text()=' Logout ']
18:18:52.020  INFO  manager.ListenerWD - List size is -->0
18:18:52.027  INFO  manager.ListenerWD - Before Find Element By -->By.cssSelector: a[href ^='/login']
18:18:52.094  INFO  manager.ListenerWD - After Find Element By -->By.cssSelector: a[href ^='/login']
18:18:52.360  INFO  manager.ListenerWD - Before Find Element By -->By.id: email
18:18:52.393  INFO  manager.ListenerWD - After Find Element By -->By.id: email
18:18:52.792  INFO  manager.ListenerWD - Before Find Element By -->By.id: password
18:18:52.866  INFO  manager.ListenerWD - After Find Element By -->By.id: password
18:18:53.130  INFO  manager.ListenerWD - Before Find Element By -->By.cssSelector: button[type='submit']
18:18:53.146  INFO  manager.ListenerWD - After Find Element By -->By.cssSelector: button[type='submit']
18:18:53.212  INFO  manager.ListenerWD - Before Find Element By -->By.cssSelector: button[type='submit']
18:18:53.226  INFO  manager.ListenerWD - After Find Element By -->By.cssSelector: button[type='submit']
18:18:53.453  INFO  manager.ListenerWD - Before Find Elements By -->By.xpath: //button[text()='Ok']
18:18:53.955  INFO  manager.ListenerWD - After Find Elements By -->By.xpath: //button[text()='Ok']
18:18:53.956  INFO  manager.ListenerWD - List size is -->1
18:18:53.957  INFO  manager.ListenerWD - Before Find Element By -->By.xpath: //button[text()='Ok']
18:18:54.037  INFO  manager.ListenerWD - After Find Element By -->By.xpath: //button[text()='Ok']
18:18:54.287  INFO  TestBase - Test AddNewCarTests start preCondition - run with email: evnikel@gmail.com and password: Elena1234$@
18:18:54.807  INFO  manager.ListenerWD - Before Find Element By -->By.id: 1
18:18:54.856  INFO  manager.ListenerWD - After Find Element By -->By.id: 1
18:18:55.227  INFO  manager.ListenerWD - Before Find Element By -->By.id: pickUpPlace
18:18:55.276  INFO  manager.ListenerWD - After Find Element By -->By.id: pickUpPlace
18:18:55.704  INFO  manager.ListenerWD - Before Find Element By -->By.cssSelector: div.pac-item
18:18:56.129  INFO  manager.ListenerWD - After Find Element By -->By.cssSelector: div.pac-item
18:18:57.366  INFO  manager.ListenerWD - Before Find Element By -->By.id: make
18:18:57.410  INFO  manager.ListenerWD - After Find Element By -->By.id: make
18:18:57.717  INFO  manager.ListenerWD - Before Find Element By -->By.id: model
18:18:57.774  INFO  manager.ListenerWD - After Find Element By -->By.id: model
18:18:58.082  INFO  manager.ListenerWD - Before Find Element By -->By.id: year
18:18:58.165  INFO  manager.ListenerWD - After Find Element By -->By.id: year
18:18:58.471  INFO  manager.ListenerWD - Before Find Element By -->By.id: engine
18:18:58.519  INFO  manager.ListenerWD - After Find Element By -->By.id: engine
18:18:58.854  INFO  manager.ListenerWD - Before Find Element By -->By.id: fuel
18:18:58.916  INFO  manager.ListenerWD - After Find Element By -->By.id: fuel
18:18:59.220  INFO  manager.ListenerWD - Before Find Element By -->By.id: gear
18:18:59.233  INFO  manager.ListenerWD - After Find Element By -->By.id: gear
18:18:59.486  INFO  manager.ListenerWD - Before Find Element By -->By.id: wheelsDrive
18:18:59.510  INFO  manager.ListenerWD - After Find Element By -->By.id: wheelsDrive
18:18:59.768  INFO  manager.ListenerWD - Before Find Element By -->By.id: doors
18:18:59.814  INFO  manager.ListenerWD - After Find Element By -->By.id: doors
18:19:00.105  INFO  manager.ListenerWD - Before Find Element By -->By.id: seats
18:19:00.134  INFO  manager.ListenerWD - After Find Element By -->By.id: seats
18:19:00.422  INFO  manager.ListenerWD - Before Find Element By -->By.id: class
18:19:00.469  INFO  manager.ListenerWD - After Find Element By -->By.id: class
18:19:00.779  INFO  manager.ListenerWD - Before Find Element By -->By.id: fuelConsumption
18:19:00.815  INFO  manager.ListenerWD - After Find Element By -->By.id: fuelConsumption
18:19:01.088  INFO  manager.ListenerWD - Before Find Element By -->By.id: serialNumber
18:19:01.099  INFO  manager.ListenerWD - After Find Element By -->By.id: serialNumber
18:19:01.421  INFO  manager.ListenerWD - Before Find Element By -->By.id: price
18:19:01.466  INFO  manager.ListenerWD - After Find Element By -->By.id: price
18:19:01.743  INFO  manager.ListenerWD - Before Find Element By -->By.id: distance
18:19:01.767  INFO  manager.ListenerWD - After Find Element By -->By.id: distance
18:19:02.035  INFO  manager.ListenerWD - Before Find Element By -->By.cssSelector: .feature-input
18:19:02.062  INFO  manager.ListenerWD - After Find Element By -->By.cssSelector: .feature-input
18:19:02.368  INFO  manager.ListenerWD - Before Find Element By -->By.id: about
18:19:02.405  INFO  manager.ListenerWD - After Find Element By -->By.id: about
18:19:02.695  INFO  manager.ListenerWD - Before Find Element By -->By.id: photos
18:19:02.704  INFO  manager.ListenerWD - After Find Element By -->By.id: photos
18:19:02.736  INFO  manager.ListenerWD - Before Find Element By -->By.cssSelector: button[type='submit']
18:19:02.756  INFO  manager.ListenerWD - After Find Element By -->By.cssSelector: button[type='submit']
18:19:04.591  INFO  manager.ListenerWD - Before Find Element By -->By.cssSelector: button[type='submit']
18:19:04.605  INFO  manager.ListenerWD - After Find Element By -->By.cssSelector: button[type='submit']
18:19:04.987  INFO  TestBase - Tests start addCarSuccess with data----->Car(location=Haifa, Israel, make=BMW, model=M5, year=2020, engine=2.5, fuel=Petrol, gear=AT, wD=AWD, doors=5, seats=4, clasS=C, fuelConsumption=6.5, carRegistrationNumber=11-000-314, price=65, distanceIncluded=800, features=Type of features, about=very nice car)
18:19:04.988  INFO  manager.ListenerWD - Before Find Element By -->By.cssSelector: div.dialog-container
18:19:05.888  INFO  manager.ListenerWD - After Find Element By -->By.cssSelector: div.dialog-container
18:19:05.977  INFO  manager.ListenerWD - Before Find Element By -->By.cssSelector: div.dialog-container>h1
18:19:05.999  INFO  manager.ListenerWD - After Find Element By -->By.cssSelector: div.dialog-container>h1
18:19:06.036  INFO  TestBase - Assert ------> Car added
18:19:06.043  INFO  manager.ListenerWD - Before Find Element By -->By.xpath: //button[text()='Search cars']
18:19:06.070  INFO  manager.ListenerWD - After Find Element By -->By.xpath: //button[text()='Search cars']
18:19:06.302  INFO  TestBase - Return ------> Search cars
18:19:06.353  INFO  TestBase - Start Method with name --->addCarSuccessDP
18:19:06.355  INFO  manager.ListenerWD - Before Find Elements By -->By.xpath: //a[text()=' Logout ']
18:19:06.403  INFO  manager.ListenerWD - After Find Elements By -->By.xpath: //a[text()=' Logout ']
18:19:06.404  INFO  manager.ListenerWD - List size is -->1
18:19:06.408  INFO  TestBase - The test used car model : Car(location=Haifa, Israel, make=BMW, model=M5, year=2020, engine=2.5, fuel=Petrol, gear=AT, wD=AWD, doors=5, seats=4, clasS=C, fuelConsumption=6.5, carRegistrationNumber=345-123-007, price=65, distanceIncluded=800, features=Type of features, about=very nice car)
18:19:06.910  INFO  manager.ListenerWD - Before Find Element By -->By.id: 1
18:19:06.939  INFO  manager.ListenerWD - After Find Element By -->By.id: 1
18:19:07.318  INFO  manager.ListenerWD - Before Find Element By -->By.id: pickUpPlace
18:19:07.355  INFO  manager.ListenerWD - After Find Element By -->By.id: pickUpPlace
18:19:07.741  INFO  manager.ListenerWD - Before Find Element By -->By.cssSelector: div.pac-item
18:19:08.037  INFO  manager.ListenerWD - After Find Element By -->By.cssSelector: div.pac-item
18:19:09.284  INFO  manager.ListenerWD - Before Find Element By -->By.id: make
18:19:09.316  INFO  manager.ListenerWD - After Find Element By -->By.id: make
18:19:09.599  INFO  manager.ListenerWD - Before Find Element By -->By.id: model
18:19:09.640  INFO  manager.ListenerWD - After Find Element By -->By.id: model
18:19:09.961  INFO  manager.ListenerWD - Before Find Element By -->By.id: year
18:19:10.021  INFO  manager.ListenerWD - After Find Element By -->By.id: year
18:19:10.316  INFO  manager.ListenerWD - Before Find Element By -->By.id: engine
18:19:10.352  INFO  manager.ListenerWD - After Find Element By -->By.id: engine
18:19:10.657  INFO  manager.ListenerWD - Before Find Element By -->By.id: fuel
18:19:10.701  INFO  manager.ListenerWD - After Find Element By -->By.id: fuel
18:19:11.016  INFO  manager.ListenerWD - Before Find Element By -->By.id: gear
18:19:11.056  INFO  manager.ListenerWD - After Find Element By -->By.id: gear
18:19:11.382  INFO  manager.ListenerWD - Before Find Element By -->By.id: wheelsDrive
18:19:11.397  INFO  manager.ListenerWD - After Find Element By -->By.id: wheelsDrive
18:19:11.662  INFO  manager.ListenerWD - Before Find Element By -->By.id: doors
18:19:11.707  INFO  manager.ListenerWD - After Find Element By -->By.id: doors
18:19:12.035  INFO  manager.ListenerWD - Before Find Element By -->By.id: seats
18:19:12.074  INFO  manager.ListenerWD - After Find Element By -->By.id: seats
18:19:12.394  INFO  manager.ListenerWD - Before Find Element By -->By.id: class
18:19:12.434  INFO  manager.ListenerWD - After Find Element By -->By.id: class
18:19:12.728  INFO  manager.ListenerWD - Before Find Element By -->By.id: fuelConsumption
18:19:12.768  INFO  manager.ListenerWD - After Find Element By -->By.id: fuelConsumption
18:19:13.082  INFO  manager.ListenerWD - Before Find Element By -->By.id: serialNumber
18:19:13.120  INFO  manager.ListenerWD - After Find Element By -->By.id: serialNumber
18:19:13.490  INFO  manager.ListenerWD - Before Find Element By -->By.id: price
18:19:13.528  INFO  manager.ListenerWD - After Find Element By -->By.id: price
18:19:13.835  INFO  manager.ListenerWD - Before Find Element By -->By.id: distance
18:19:13.871  INFO  manager.ListenerWD - After Find Element By -->By.id: distance
18:19:14.176  INFO  manager.ListenerWD - Before Find Element By -->By.cssSelector: .feature-input
18:19:14.210  INFO  manager.ListenerWD - After Find Element By -->By.cssSelector: .feature-input
18:19:14.513  INFO  manager.ListenerWD - Before Find Element By -->By.id: about
18:19:14.550  INFO  manager.ListenerWD - After Find Element By -->By.id: about
18:19:14.889  INFO  manager.ListenerWD - Before Find Element By -->By.id: photos
18:19:14.903  INFO  manager.ListenerWD - After Find Element By -->By.id: photos
18:19:14.935  INFO  manager.ListenerWD - Before Find Element By -->By.cssSelector: button[type='submit']
18:19:14.951  INFO  manager.ListenerWD - After Find Element By -->By.cssSelector: button[type='submit']
18:19:16.088  INFO  manager.ListenerWD - Before Find Element By -->By.cssSelector: button[type='submit']
18:19:16.105  INFO  manager.ListenerWD - After Find Element By -->By.cssSelector: button[type='submit']
18:19:16.332  INFO  manager.ListenerWD - Before Find Element By -->By.cssSelector: div.dialog-container
18:19:17.256  INFO  manager.ListenerWD - After Find Element By -->By.cssSelector: div.dialog-container
18:19:17.322  INFO  manager.ListenerWD - Before Find Element By -->By.cssSelector: div.dialog-container>h1
18:19:17.352  INFO  manager.ListenerWD - After Find Element By -->By.cssSelector: div.dialog-container>h1
18:19:17.369  INFO  TestBase - In assert checked message 'Car added' in dialog  
18:19:17.370  INFO  manager.ListenerWD - Before Find Element By -->By.xpath: //button[text()='Search cars']
18:19:17.402  INFO  manager.ListenerWD - After Find Element By -->By.xpath: //button[text()='Search cars']
18:19:17.634  INFO  TestBase - Return ------> Search cars
18:19:17.639  INFO  TestBase - Start Method with name --->addCarSuccessDP
18:19:17.642  INFO  manager.ListenerWD - Before Find Elements By -->By.xpath: //a[text()=' Logout ']
18:19:17.719  INFO  manager.ListenerWD - After Find Elements By -->By.xpath: //a[text()=' Logout ']
18:19:17.719  INFO  manager.ListenerWD - List size is -->1
18:19:17.721  INFO  TestBase - The test used car model : Car(location=Haifa, Israel, make=BMW, model=M5, year=2020, engine=2.5, fuel=Petrol, gear=AT, wD=AWD, doors=5, seats=4, clasS=C, fuelConsumption=6.5, carRegistrationNumber=123-567-008, price=65, distanceIncluded=800, features=Type of features, about=very nice car)
18:19:18.228  INFO  manager.ListenerWD - Before Find Element By -->By.id: 1
18:19:18.257  INFO  manager.ListenerWD - After Find Element By -->By.id: 1
18:19:18.600  INFO  manager.ListenerWD - Before Find Element By -->By.id: pickUpPlace
18:19:18.618  INFO  manager.ListenerWD - After Find Element By -->By.id: pickUpPlace
18:19:18.969  INFO  manager.ListenerWD - Before Find Element By -->By.cssSelector: div.pac-item
18:19:19.239  INFO  manager.ListenerWD - After Find Element By -->By.cssSelector: div.pac-item
18:19:20.466  INFO  manager.ListenerWD - Before Find Element By -->By.id: make
18:19:20.492  INFO  manager.ListenerWD - After Find Element By -->By.id: make
18:19:20.764  INFO  manager.ListenerWD - Before Find Element By -->By.id: model
18:19:20.803  INFO  manager.ListenerWD - After Find Element By -->By.id: model
18:19:21.070  INFO  manager.ListenerWD - Before Find Element By -->By.id: year
18:19:21.085  INFO  manager.ListenerWD - After Find Element By -->By.id: year
18:19:21.367  INFO  manager.ListenerWD - Before Find Element By -->By.id: engine
18:19:21.403  INFO  manager.ListenerWD - After Find Element By -->By.id: engine
18:19:21.686  INFO  manager.ListenerWD - Before Find Element By -->By.id: fuel
18:19:21.705  INFO  manager.ListenerWD - After Find Element By -->By.id: fuel
18:19:21.972  INFO  manager.ListenerWD - Before Find Element By -->By.id: gear
18:19:21.982  INFO  manager.ListenerWD - After Find Element By -->By.id: gear
18:19:22.216  INFO  manager.ListenerWD - Before Find Element By -->By.id: wheelsDrive
18:19:22.230  INFO  manager.ListenerWD - After Find Element By -->By.id: wheelsDrive
18:19:22.475  INFO  manager.ListenerWD - Before Find Element By -->By.id: doors
18:19:22.511  INFO  manager.ListenerWD - After Find Element By -->By.id: doors
18:19:22.788  INFO  manager.ListenerWD - Before Find Element By -->By.id: seats
18:19:22.821  INFO  manager.ListenerWD - After Find Element By -->By.id: seats
18:19:23.108  INFO  manager.ListenerWD - Before Find Element By -->By.id: class
18:19:23.151  INFO  manager.ListenerWD - After Find Element By -->By.id: class
18:19:23.457  INFO  manager.ListenerWD - Before Find Element By -->By.id: fuelConsumption
18:19:23.489  INFO  manager.ListenerWD - After Find Element By -->By.id: fuelConsumption
18:19:23.785  INFO  manager.ListenerWD - Before Find Element By -->By.id: serialNumber
18:19:23.817  INFO  manager.ListenerWD - After Find Element By -->By.id: serialNumber
18:19:24.146  INFO  manager.ListenerWD - Before Find Element By -->By.id: price
18:19:24.179  INFO  manager.ListenerWD - After Find Element By -->By.id: price
18:19:24.483  INFO  manager.ListenerWD - Before Find Element By -->By.id: distance
18:19:24.528  INFO  manager.ListenerWD - After Find Element By -->By.id: distance
18:19:24.806  INFO  manager.ListenerWD - Before Find Element By -->By.cssSelector: .feature-input
18:19:24.842  INFO  manager.ListenerWD - After Find Element By -->By.cssSelector: .feature-input
18:19:25.141  INFO  manager.ListenerWD - Before Find Element By -->By.id: about
18:19:25.214  INFO  manager.ListenerWD - After Find Element By -->By.id: about
18:19:25.499  INFO  manager.ListenerWD - Before Find Element By -->By.id: photos
18:19:25.510  INFO  manager.ListenerWD - After Find Element By -->By.id: photos
18:19:25.529  INFO  manager.ListenerWD - Before Find Element By -->By.cssSelector: button[type='submit']
18:19:25.542  INFO  manager.ListenerWD - After Find Element By -->By.cssSelector: button[type='submit']
18:19:27.263  INFO  manager.ListenerWD - Before Find Element By -->By.cssSelector: button[type='submit']
18:19:27.286  INFO  manager.ListenerWD - After Find Element By -->By.cssSelector: button[type='submit']
18:19:27.533  INFO  manager.ListenerWD - Before Find Element By -->By.cssSelector: div.dialog-container
18:19:28.413  INFO  manager.ListenerWD - After Find Element By -->By.cssSelector: div.dialog-container
18:19:28.479  INFO  manager.ListenerWD - Before Find Element By -->By.cssSelector: div.dialog-container>h1
18:19:28.512  INFO  manager.ListenerWD - After Find Element By -->By.cssSelector: div.dialog-container>h1
18:19:28.534  INFO  TestBase - In assert checked message 'Car added' in dialog  
18:19:28.537  INFO  manager.ListenerWD - Before Find Element By -->By.xpath: //button[text()='Search cars']
18:19:28.579  INFO  manager.ListenerWD - After Find Element By -->By.xpath: //button[text()='Search cars']
18:19:28.827  INFO  TestBase - Return ------> Search cars
18:19:28.830  INFO  TestBase - Start Method with name --->addCarSuccessDP
18:19:28.832  INFO  manager.ListenerWD - Before Find Elements By -->By.xpath: //a[text()=' Logout ']
18:19:28.874  INFO  manager.ListenerWD - After Find Elements By -->By.xpath: //a[text()=' Logout ']
18:19:28.876  INFO  manager.ListenerWD - List size is -->1
18:19:28.879  INFO  TestBase - The test used car model : Car(location=Haifa, Israel, make=BMW, model=M5, year=2020, engine=2.5, fuel=Petrol, gear=AT, wD=AWD, doors=5, seats=4, clasS=C, fuelConsumption=6.5, carRegistrationNumber=678-123-009, price=65, distanceIncluded=800, features=Type of features, about=very nice car)
18:19:29.381  INFO  manager.ListenerWD - Before Find Element By -->By.id: 1
18:19:29.390  INFO  manager.ListenerWD - After Find Element By -->By.id: 1
18:19:29.659  INFO  manager.ListenerWD - Before Find Element By -->By.id: pickUpPlace
18:19:29.681  INFO  manager.ListenerWD - After Find Element By -->By.id: pickUpPlace
18:19:30.021  INFO  manager.ListenerWD - Before Find Element By -->By.cssSelector: div.pac-item
18:19:30.274  INFO  manager.ListenerWD - After Find Element By -->By.cssSelector: div.pac-item
18:19:31.511  INFO  manager.ListenerWD - Before Find Element By -->By.id: make
18:19:31.535  INFO  manager.ListenerWD - After Find Element By -->By.id: make
18:19:31.792  INFO  manager.ListenerWD - Before Find Element By -->By.id: model
18:19:31.806  INFO  manager.ListenerWD - After Find Element By -->By.id: model
18:19:32.065  INFO  manager.ListenerWD - Before Find Element By -->By.id: year
18:19:32.098  INFO  manager.ListenerWD - After Find Element By -->By.id: year
18:19:32.401  INFO  manager.ListenerWD - Before Find Element By -->By.id: engine
18:19:32.435  INFO  manager.ListenerWD - After Find Element By -->By.id: engine
18:19:32.696  INFO  manager.ListenerWD - Before Find Element By -->By.id: fuel
18:19:32.706  INFO  manager.ListenerWD - After Find Element By -->By.id: fuel
18:19:32.946  INFO  manager.ListenerWD - Before Find Element By -->By.id: gear
18:19:32.973  INFO  manager.ListenerWD - After Find Element By -->By.id: gear
18:19:33.250  INFO  manager.ListenerWD - Before Find Element By -->By.id: wheelsDrive
18:19:33.281  INFO  manager.ListenerWD - After Find Element By -->By.id: wheelsDrive
18:19:33.562  INFO  manager.ListenerWD - Before Find Element By -->By.id: doors
18:19:33.576  INFO  manager.ListenerWD - After Find Element By -->By.id: doors
18:19:33.811  INFO  manager.ListenerWD - Before Find Element By -->By.id: seats
18:19:33.823  INFO  manager.ListenerWD - After Find Element By -->By.id: seats
18:19:34.086  INFO  manager.ListenerWD - Before Find Element By -->By.id: class
18:19:34.120  INFO  manager.ListenerWD - After Find Element By -->By.id: class
18:19:34.419  INFO  manager.ListenerWD - Before Find Element By -->By.id: fuelConsumption
18:19:34.448  INFO  manager.ListenerWD - After Find Element By -->By.id: fuelConsumption
18:19:34.756  INFO  manager.ListenerWD - Before Find Element By -->By.id: serialNumber
18:19:34.786  INFO  manager.ListenerWD - After Find Element By -->By.id: serialNumber
18:19:35.115  INFO  manager.ListenerWD - Before Find Element By -->By.id: price
18:19:35.140  INFO  manager.ListenerWD - After Find Element By -->By.id: price
18:19:35.407  INFO  manager.ListenerWD - Before Find Element By -->By.id: distance
18:19:35.422  INFO  manager.ListenerWD - After Find Element By -->By.id: distance
18:19:35.694  INFO  manager.ListenerWD - Before Find Element By -->By.cssSelector: .feature-input
18:19:35.720  INFO  manager.ListenerWD - After Find Element By -->By.cssSelector: .feature-input
18:19:36.014  INFO  manager.ListenerWD - Before Find Element By -->By.id: about
18:19:36.040  INFO  manager.ListenerWD - After Find Element By -->By.id: about
18:19:36.361  INFO  manager.ListenerWD - Before Find Element By -->By.id: photos
18:19:36.380  INFO  manager.ListenerWD - After Find Element By -->By.id: photos
18:19:36.408  INFO  manager.ListenerWD - Before Find Element By -->By.cssSelector: button[type='submit']
18:19:36.423  INFO  manager.ListenerWD - After Find Element By -->By.cssSelector: button[type='submit']
18:19:37.592  INFO  manager.ListenerWD - Before Find Element By -->By.cssSelector: button[type='submit']
18:19:37.612  INFO  manager.ListenerWD - After Find Element By -->By.cssSelector: button[type='submit']
18:19:37.841  INFO  manager.ListenerWD - Before Find Element By -->By.cssSelector: div.dialog-container
18:19:38.724  INFO  manager.ListenerWD - After Find Element By -->By.cssSelector: div.dialog-container
18:19:38.785  INFO  manager.ListenerWD - Before Find Element By -->By.cssSelector: div.dialog-container>h1
18:19:38.811  INFO  manager.ListenerWD - After Find Element By -->By.cssSelector: div.dialog-container>h1
18:19:38.825  INFO  TestBase - In assert checked message 'Car added' in dialog  
18:19:38.828  INFO  manager.ListenerWD - Before Find Element By -->By.xpath: //button[text()='Search cars']
18:19:38.848  INFO  manager.ListenerWD - After Find Element By -->By.xpath: //button[text()='Search cars']
18:19:39.083  INFO  TestBase - Return ------> Search cars
