21:27:59.300  INFO  manager.ApplicationManager - Chrome Driver was opened
21:28:01.695  INFO  manager.ApplicationManager - Current URL is -->https://ilcarro-1578153671498.web.app/search
21:28:01.776  INFO  manager.ListenerWD - Before Find Element By -->By.id: city
21:28:01.817  INFO  manager.ListenerWD - After Find Element By -->By.id: city
21:28:02.051  INFO  manager.ListenerWD - Before Find Element By -->By.cssSelector: div.pac-item
21:28:02.426  INFO  manager.ListenerWD - After Find Element By -->By.cssSelector: div.pac-item
21:28:02.484  INFO  manager.ListenerWD - Before Find Element By -->By.id: dates
21:28:02.527  INFO  manager.ListenerWD - After Find Element By -->By.id: dates
21:28:02.706  INFO  manager.HelperBase - year --> 2022
21:28:02.707  INFO  manager.HelperBase - Day  of Month -->20
21:28:02.708  INFO  manager.HelperBase - Month value -->10
21:28:02.708  INFO  manager.ListenerWD - Before Find Element By -->By.cssSelector: button[aria-label='Next month']
21:28:02.746  INFO  manager.ListenerWD - After Find Element By -->By.cssSelector: button[aria-label='Next month']
21:28:02.860  INFO  manager.ListenerWD - Before Find Element By -->By.cssSelector: button[aria-label='Next month']
21:28:02.894  INFO  manager.ListenerWD - After Find Element By -->By.cssSelector: button[aria-label='Next month']
21:28:02.998  INFO  manager.ListenerWD - Before Find Element By -->By.xpath: //div[text()=' 20 ']
21:28:03.056  INFO  manager.ListenerWD - After Find Element By -->By.xpath: //div[text()=' 20 ']
21:28:03.158  INFO  manager.ListenerWD - Before Find Element By -->By.cssSelector: button[aria-label='Next month']
21:28:03.197  INFO  manager.ListenerWD - After Find Element By -->By.cssSelector: button[aria-label='Next month']
21:28:03.325  INFO  manager.ListenerWD - Before Find Element By -->By.xpath: //div[text()=' 18 ']
21:28:03.377  INFO  manager.ListenerWD - After Find Element By -->By.xpath: //div[text()=' 18 ']
21:28:03.468  INFO  manager.ListenerWD - Before Find Element By -->By.cssSelector: button[type='submit']
21:28:03.505  INFO  manager.ListenerWD - After Find Element By -->By.cssSelector: button[type='submit']
21:28:03.581  INFO  manager.ListenerWD - Before Find Element By -->By.cssSelector: button[type='submit']
21:28:03.607  INFO  manager.ListenerWD - After Find Element By -->By.cssSelector: button[type='submit']
21:28:03.743  INFO  manager.ListenerWD - Before Find Elements By -->By.cssSelector: .cars-container.ng-star-inserted
21:28:05.170  INFO  manager.ListenerWD - After Find Elements By -->By.cssSelector: .cars-container.ng-star-inserted
21:28:05.174  INFO  manager.ListenerWD - List size is -->1
21:28:05.194  INFO  manager.ListenerWD - Before Find Element By -->By.id: city
21:28:05.243  INFO  manager.ListenerWD - After Find Element By -->By.id: city
21:28:05.725  INFO  manager.ListenerWD - Before Find Element By -->By.cssSelector: div.pac-item
21:28:05.750  INFO  manager.ListenerWD - After Find Element By -->By.cssSelector: div.pac-item
21:28:05.826  INFO  manager.ListenerWD - Before Find Element By -->By.id: dates
21:28:10.888  INFO  manager.ListenerWD - We have a 'problem'
21:28:10.888  INFO  manager.ListenerWD - The name of error method  findElement
21:28:10.891  INFO  manager.ListenerWD - Describe of error org.openqa.selenium.NoSuchElementException: no such element: Unable to locate element: {"method":"css selector","selector":"#dates"}
  (Session info: chrome=106.0.5249.119)
For documentation on this error, please visit: https://selenium.dev/exceptions/#no_such_element
Build info: version: '4.4.0', revision: 'e5c75ed026a'
System info: host: 'DESKTOP-EVABS4F', ip: '192.168.1.138', os.name: 'Windows 11', os.arch: 'amd64', os.version: '10.0', java.version: '11.0.16.1'
Driver info: org.openqa.selenium.chrome.ChromeDriver
Command: [c43bd0e5f52ecabbc299af255cb0ac3e, findElement {using=id, value=dates}]
Capabilities {acceptInsecureCerts: false, browserName: chrome, browserVersion: 106.0.5249.119, chrome: {chromedriverVersion: 106.0.5249.61 (511755355844..., userDataDir: C:\Users\evnik\AppData\Loca...}, goog:chromeOptions: {debuggerAddress: localhost:60367}, networkConnectionEnabled: false, pageLoadStrategy: normal, platformName: WINDOWS, proxy: Proxy(), se:cdp: ws://localhost:60367/devtoo..., se:cdpVersion: 106.0.5249.119, setWindowRect: true, strictFileInteractability: false, timeouts: {implicit: 0, pageLoad: 300000, script: 30000}, unhandledPromptBehavior: dismiss and notify, webauthn:extension:credBlob: true, webauthn:extension:largeBlob: true, webauthn:virtualAuthenticators: true}
Session ID: c43bd0e5f52ecabbc299af255cb0ac3e
21:28:10.892  INFO  manager.ListenerWD - *********************
21:28:10.893  INFO  manager.ListenerWD - ChromeDriver: chrome on WINDOWS (c43bd0e5f52ecabbc299af255cb0ac3e)
21:28:10.896  INFO  manager.ListenerWD - Screen with error is 1853   src/test/screenshots1853.png
21:28:11.426  INFO  manager.ListenerWD - Before Find Element By -->By.id: city
21:28:11.445  INFO  manager.ListenerWD - After Find Element By -->By.id: city
21:28:11.600  INFO  manager.ListenerWD - Before Find Element By -->By.cssSelector: div.pac-item
21:28:11.870  INFO  manager.ListenerWD - After Find Element By -->By.cssSelector: div.pac-item
21:28:11.916  INFO  manager.ListenerWD - Before Find Element By -->By.id: dates
21:28:16.930  INFO  manager.ListenerWD - We have a 'problem'
21:28:16.930  INFO  manager.ListenerWD - The name of error method  findElement
21:28:16.930  INFO  manager.ListenerWD - Describe of error org.openqa.selenium.NoSuchElementException: no such element: Unable to locate element: {"method":"css selector","selector":"#dates"}
  (Session info: chrome=106.0.5249.119)
For documentation on this error, please visit: https://selenium.dev/exceptions/#no_such_element
Build info: version: '4.4.0', revision: 'e5c75ed026a'
System info: host: 'DESKTOP-EVABS4F', ip: '192.168.1.138', os.name: 'Windows 11', os.arch: 'amd64', os.version: '10.0', java.version: '11.0.16.1'
Driver info: org.openqa.selenium.chrome.ChromeDriver
Command: [c43bd0e5f52ecabbc299af255cb0ac3e, findElement {using=id, value=dates}]
Capabilities {acceptInsecureCerts: false, browserName: chrome, browserVersion: 106.0.5249.119, chrome: {chromedriverVersion: 106.0.5249.61 (511755355844..., userDataDir: C:\Users\evnik\AppData\Loca...}, goog:chromeOptions: {debuggerAddress: localhost:60367}, networkConnectionEnabled: false, pageLoadStrategy: normal, platformName: WINDOWS, proxy: Proxy(), se:cdp: ws://localhost:60367/devtoo..., se:cdpVersion: 106.0.5249.119, setWindowRect: true, strictFileInteractability: false, timeouts: {implicit: 0, pageLoad: 300000, script: 30000}, unhandledPromptBehavior: dismiss and notify, webauthn:extension:credBlob: true, webauthn:extension:largeBlob: true, webauthn:virtualAuthenticators: true}
Session ID: c43bd0e5f52ecabbc299af255cb0ac3e
21:28:16.932  INFO  manager.ListenerWD - *********************
21:28:16.932  INFO  manager.ListenerWD - ChromeDriver: chrome on WINDOWS (c43bd0e5f52ecabbc299af255cb0ac3e)
21:28:16.932  INFO  manager.ListenerWD - Screen with error is 1591   src/test/screenshots1591.png
21:28:17.346  INFO  manager.ListenerWD - Before Find Element By -->By.id: city
21:28:17.367  INFO  manager.ListenerWD - After Find Element By -->By.id: city
21:28:17.517  INFO  manager.ListenerWD - Before Find Element By -->By.cssSelector: div.pac-item
21:28:17.835  INFO  manager.ListenerWD - After Find Element By -->By.cssSelector: div.pac-item
21:28:17.962  INFO  manager.ListenerWD - Before Find Element By -->By.id: dates
21:28:22.979  INFO  manager.ListenerWD - We have a 'problem'
21:28:22.979  INFO  manager.ListenerWD - The name of error method  findElement
21:28:22.979  INFO  manager.ListenerWD - Describe of error org.openqa.selenium.NoSuchElementException: no such element: Unable to locate element: {"method":"css selector","selector":"#dates"}
  (Session info: chrome=106.0.5249.119)
For documentation on this error, please visit: https://selenium.dev/exceptions/#no_such_element
Build info: version: '4.4.0', revision: 'e5c75ed026a'
System info: host: 'DESKTOP-EVABS4F', ip: '192.168.1.138', os.name: 'Windows 11', os.arch: 'amd64', os.version: '10.0', java.version: '11.0.16.1'
Driver info: org.openqa.selenium.chrome.ChromeDriver
Command: [c43bd0e5f52ecabbc299af255cb0ac3e, findElement {using=id, value=dates}]
Capabilities {acceptInsecureCerts: false, browserName: chrome, browserVersion: 106.0.5249.119, chrome: {chromedriverVersion: 106.0.5249.61 (511755355844..., userDataDir: C:\Users\evnik\AppData\Loca...}, goog:chromeOptions: {debuggerAddress: localhost:60367}, networkConnectionEnabled: false, pageLoadStrategy: normal, platformName: WINDOWS, proxy: Proxy(), se:cdp: ws://localhost:60367/devtoo..., se:cdpVersion: 106.0.5249.119, setWindowRect: true, strictFileInteractability: false, timeouts: {implicit: 0, pageLoad: 300000, script: 30000}, unhandledPromptBehavior: dismiss and notify, webauthn:extension:credBlob: true, webauthn:extension:largeBlob: true, webauthn:virtualAuthenticators: true}
Session ID: c43bd0e5f52ecabbc299af255cb0ac3e
21:28:22.980  INFO  manager.ListenerWD - *********************
21:28:22.980  INFO  manager.ListenerWD - ChromeDriver: chrome on WINDOWS (c43bd0e5f52ecabbc299af255cb0ac3e)
21:28:22.980  INFO  manager.ListenerWD - Screen with error is 1700   src/test/screenshots1700.png
21:28:23.445  INFO  manager.ListenerWD - Before Find Element By -->By.id: city
21:28:23.460  INFO  manager.ListenerWD - After Find Element By -->By.id: city
21:28:23.609  INFO  manager.ListenerWD - Before Find Element By -->By.cssSelector: div.pac-item
21:28:23.883  INFO  manager.ListenerWD - After Find Element By -->By.cssSelector: div.pac-item
21:28:23.943  INFO  manager.ListenerWD - Before Find Element By -->By.id: dates
21:28:28.966  INFO  manager.ListenerWD - We have a 'problem'
21:28:28.967  INFO  manager.ListenerWD - The name of error method  findElement
21:28:28.968  INFO  manager.ListenerWD - Describe of error org.openqa.selenium.NoSuchElementException: no such element: Unable to locate element: {"method":"css selector","selector":"#dates"}
  (Session info: chrome=106.0.5249.119)
For documentation on this error, please visit: https://selenium.dev/exceptions/#no_such_element
Build info: version: '4.4.0', revision: 'e5c75ed026a'
System info: host: 'DESKTOP-EVABS4F', ip: '192.168.1.138', os.name: 'Windows 11', os.arch: 'amd64', os.version: '10.0', java.version: '11.0.16.1'
Driver info: org.openqa.selenium.chrome.ChromeDriver
Command: [c43bd0e5f52ecabbc299af255cb0ac3e, findElement {using=id, value=dates}]
Capabilities {acceptInsecureCerts: false, browserName: chrome, browserVersion: 106.0.5249.119, chrome: {chromedriverVersion: 106.0.5249.61 (511755355844..., userDataDir: C:\Users\evnik\AppData\Loca...}, goog:chromeOptions: {debuggerAddress: localhost:60367}, networkConnectionEnabled: false, pageLoadStrategy: normal, platformName: WINDOWS, proxy: Proxy(), se:cdp: ws://localhost:60367/devtoo..., se:cdpVersion: 106.0.5249.119, setWindowRect: true, strictFileInteractability: false, timeouts: {implicit: 0, pageLoad: 300000, script: 30000}, unhandledPromptBehavior: dismiss and notify, webauthn:extension:credBlob: true, webauthn:extension:largeBlob: true, webauthn:virtualAuthenticators: true}
Session ID: c43bd0e5f52ecabbc299af255cb0ac3e
21:28:28.969  INFO  manager.ListenerWD - *********************
21:28:28.970  INFO  manager.ListenerWD - ChromeDriver: chrome on WINDOWS (c43bd0e5f52ecabbc299af255cb0ac3e)
21:28:28.971  INFO  manager.ListenerWD - Screen with error is 1961   src/test/screenshots1961.png
21:28:29.525  INFO  manager.ListenerWD - Before Find Element By -->By.id: city
21:28:29.554  INFO  manager.ListenerWD - After Find Element By -->By.id: city
21:28:29.713  INFO  manager.ListenerWD - Before Find Element By -->By.cssSelector: div.pac-item
21:28:30.025  INFO  manager.ListenerWD - After Find Element By -->By.cssSelector: div.pac-item
21:28:30.160  INFO  manager.ListenerWD - Before Find Element By -->By.id: dates
21:28:35.182  INFO  manager.ListenerWD - We have a 'problem'
21:28:35.183  INFO  manager.ListenerWD - The name of error method  findElement
21:28:35.184  INFO  manager.ListenerWD - Describe of error org.openqa.selenium.NoSuchElementException: no such element: Unable to locate element: {"method":"css selector","selector":"#dates"}
  (Session info: chrome=106.0.5249.119)
For documentation on this error, please visit: https://selenium.dev/exceptions/#no_such_element
Build info: version: '4.4.0', revision: 'e5c75ed026a'
System info: host: 'DESKTOP-EVABS4F', ip: '192.168.1.138', os.name: 'Windows 11', os.arch: 'amd64', os.version: '10.0', java.version: '11.0.16.1'
Driver info: org.openqa.selenium.chrome.ChromeDriver
Command: [c43bd0e5f52ecabbc299af255cb0ac3e, findElement {using=id, value=dates}]
Capabilities {acceptInsecureCerts: false, browserName: chrome, browserVersion: 106.0.5249.119, chrome: {chromedriverVersion: 106.0.5249.61 (511755355844..., userDataDir: C:\Users\evnik\AppData\Loca...}, goog:chromeOptions: {debuggerAddress: localhost:60367}, networkConnectionEnabled: false, pageLoadStrategy: normal, platformName: WINDOWS, proxy: Proxy(), se:cdp: ws://localhost:60367/devtoo..., se:cdpVersion: 106.0.5249.119, setWindowRect: true, strictFileInteractability: false, timeouts: {implicit: 0, pageLoad: 300000, script: 30000}, unhandledPromptBehavior: dismiss and notify, webauthn:extension:credBlob: true, webauthn:extension:largeBlob: true, webauthn:virtualAuthenticators: true}
Session ID: c43bd0e5f52ecabbc299af255cb0ac3e
21:28:35.186  INFO  manager.ListenerWD - *********************
21:28:35.187  INFO  manager.ListenerWD - ChromeDriver: chrome on WINDOWS (c43bd0e5f52ecabbc299af255cb0ac3e)
21:28:35.188  INFO  manager.ListenerWD - Screen with error is 1015   src/test/screenshots1015.png
