18:57:52.791  INFO  manager.ApplicationManager - Chrome Driver was opened
18:57:55.784  INFO  manager.ApplicationManager - Current URL is -->https://ilcarro-1578153671498.web.app/search
18:57:55.848  INFO  manager.ListenerWD - Before Find Element By -->By.id: city
18:57:55.887  INFO  manager.ListenerWD - After Find Element By -->By.id: city
18:57:56.160  INFO  manager.ListenerWD - Before Find Element By -->By.cssSelector: div.pac-item
18:57:56.489  INFO  manager.ListenerWD - After Find Element By -->By.cssSelector: div.pac-item
18:57:56.570  INFO  manager.ListenerWD - Before Find Element By -->By.id: dates
18:57:56.619  INFO  manager.ListenerWD - After Find Element By -->By.id: dates
18:57:56.826  INFO  manager.ListenerWD - Before Find Element By -->By.id: dates
18:57:56.885  INFO  manager.ListenerWD - After Find Element By -->By.id: dates
18:57:57.143  INFO  manager.HelperBase - year --> 2022
18:57:57.144  INFO  manager.HelperBase - Day  of Month -->24
18:57:57.145  INFO  manager.HelperBase - Month value -->10
18:57:57.145  INFO  manager.ListenerWD - Before Find Element By -->By.cssSelector: button[aria-label='Next month']
18:57:57.190  INFO  manager.ListenerWD - After Find Element By -->By.cssSelector: button[aria-label='Next month']
18:57:57.335  INFO  manager.ListenerWD - Before Find Element By -->By.cssSelector: button[aria-label='Next month']
18:57:57.376  INFO  manager.ListenerWD - After Find Element By -->By.cssSelector: button[aria-label='Next month']
18:57:57.543  INFO  manager.ListenerWD - Before Find Element By -->By.xpath: //div[text()=' 20 ']
18:57:57.600  INFO  manager.ListenerWD - After Find Element By -->By.xpath: //div[text()=' 20 ']
18:57:57.734  INFO  manager.ListenerWD - Before Find Element By -->By.cssSelector: button[aria-label='Next month']
18:57:57.765  INFO  manager.ListenerWD - After Find Element By -->By.cssSelector: button[aria-label='Next month']
18:57:57.865  INFO  manager.ListenerWD - Before Find Element By -->By.xpath: //div[text()=' 18 ']
18:57:57.913  INFO  manager.ListenerWD - After Find Element By -->By.xpath: //div[text()=' 18 ']
18:57:58.025  INFO  manager.ListenerWD - Before Find Element By -->By.cssSelector: button[type='submit']
18:57:58.075  INFO  manager.ListenerWD - After Find Element By -->By.cssSelector: button[type='submit']
18:57:58.195  INFO  manager.ListenerWD - Before Find Element By -->By.cssSelector: button[type='submit']
18:57:58.224  INFO  manager.ListenerWD - After Find Element By -->By.cssSelector: button[type='submit']
18:57:58.400  INFO  manager.ListenerWD - Before Find Elements By -->By.cssSelector: .cars-container.ng-star-inserted
18:57:59.356  INFO  manager.ListenerWD - After Find Elements By -->By.cssSelector: .cars-container.ng-star-inserted
18:57:59.357  INFO  manager.ListenerWD - List size is -->1
18:57:59.367  INFO  manager.ListenerWD - Before Find Element By -->By.cssSelector: .header a.logo
18:57:59.413  INFO  manager.ListenerWD - After Find Element By -->By.cssSelector: .header a.logo
18:57:59.938  INFO  manager.ListenerWD - Before Find Element By -->By.id: city
18:57:59.986  INFO  manager.ListenerWD - After Find Element By -->By.id: city
18:58:00.424  INFO  manager.ListenerWD - Before Find Element By -->By.cssSelector: div.pac-item
18:58:00.672  INFO  manager.ListenerWD - After Find Element By -->By.cssSelector: div.pac-item
18:58:00.735  INFO  manager.ListenerWD - Before Find Element By -->By.id: dates
18:58:00.758  INFO  manager.ListenerWD - After Find Element By -->By.id: dates
18:58:00.880  INFO  manager.ListenerWD - Before Find Element By -->By.id: dates
18:58:00.908  INFO  manager.ListenerWD - After Find Element By -->By.id: dates
18:58:01.038  INFO  manager.ListenerWD - Before Find Element By -->By.xpath: //div[text()=' 25 ']
18:58:01.095  INFO  manager.ListenerWD - After Find Element By -->By.xpath: //div[text()=' 25 ']
18:58:01.213  INFO  manager.ListenerWD - Before Find Element By -->By.xpath: //div[text()=' 30 ']
18:58:01.239  INFO  manager.ListenerWD - After Find Element By -->By.xpath: //div[text()=' 30 ']
18:58:01.358  INFO  manager.ListenerWD - Before Find Element By -->By.cssSelector: button[type='submit']
18:58:01.408  INFO  manager.ListenerWD - After Find Element By -->By.cssSelector: button[type='submit']
18:58:01.471  INFO  manager.ListenerWD - Before Find Element By -->By.cssSelector: button[type='submit']
18:58:01.493  INFO  manager.ListenerWD - After Find Element By -->By.cssSelector: button[type='submit']
18:58:01.600  INFO  manager.ListenerWD - Before Find Elements By -->By.cssSelector: .cars-container.ng-star-inserted
18:58:02.517  INFO  manager.ListenerWD - After Find Elements By -->By.cssSelector: .cars-container.ng-star-inserted
18:58:02.517  INFO  manager.ListenerWD - List size is -->1
18:58:02.519  INFO  manager.ListenerWD - Before Find Element By -->By.cssSelector: .header a.logo
18:58:02.538  INFO  manager.ListenerWD - After Find Element By -->By.cssSelector: .header a.logo
18:58:03.035  INFO  manager.ListenerWD - Before Find Element By -->By.id: city
18:58:03.064  INFO  manager.ListenerWD - After Find Element By -->By.id: city
18:58:03.310  INFO  manager.ListenerWD - Before Find Element By -->By.cssSelector: div.pac-item
18:58:03.510  INFO  manager.ListenerWD - After Find Element By -->By.cssSelector: div.pac-item
18:58:03.574  INFO  manager.ListenerWD - Before Find Element By -->By.id: dates
18:58:03.593  INFO  manager.ListenerWD - After Find Element By -->By.id: dates
18:58:03.720  INFO  manager.ListenerWD - Before Find Element By -->By.id: dates
18:58:03.742  INFO  manager.ListenerWD - After Find Element By -->By.id: dates
18:58:04.085  INFO  manager.ListenerWD - Before Find Element By -->By.cssSelector: .cdk-overlay-container
18:58:04.109  INFO  manager.ListenerWD - After Find Element By -->By.cssSelector: .cdk-overlay-container
18:58:04.169  INFO  manager.ListenerWD - Before Find Element By -->By.cssSelector: button[type='submit']
18:58:04.193  INFO  manager.ListenerWD - After Find Element By -->By.cssSelector: button[type='submit']
18:58:04.241  INFO  manager.ListenerWD - Before Find Elements By -->By.cssSelector: button[disabled]
18:58:04.273  INFO  manager.ListenerWD - After Find Elements By -->By.cssSelector: button[disabled]
18:58:04.273  INFO  manager.ListenerWD - List size is -->2
18:58:04.274  INFO  manager.ListenerWD - Before Find Element By -->By.cssSelector: [type='submit']
18:58:04.294  INFO  manager.ListenerWD - After Find Element By -->By.cssSelector: [type='submit']
18:58:04.310  INFO  manager.HelperBase - Error: You can't pick date before today
18:58:04.310  INFO  manager.ListenerWD - Before Find Element By -->By.cssSelector: div.error div
18:58:04.338  INFO  manager.ListenerWD - After Find Element By -->By.cssSelector: div.error div
18:58:04.361  INFO  manager.ListenerWD - Before Find Element By -->By.cssSelector: .header a.logo
18:58:04.383  INFO  manager.ListenerWD - After Find Element By -->By.cssSelector: .header a.logo
18:58:04.751  INFO  manager.ListenerWD - Before Find Element By -->By.id: city
18:58:04.775  INFO  manager.ListenerWD - After Find Element By -->By.id: city
18:58:05.145  INFO  manager.ListenerWD - Before Find Element By -->By.cssSelector: div.pac-item
18:58:05.237  INFO  manager.ListenerWD - After Find Element By -->By.cssSelector: div.pac-item
18:58:05.322  INFO  manager.ListenerWD - Before Find Element By -->By.id: dates
18:58:05.355  INFO  manager.ListenerWD - After Find Element By -->By.id: dates
18:58:05.482  INFO  manager.ListenerWD - Before Find Element By -->By.id: dates
18:58:05.508  INFO  manager.ListenerWD - After Find Element By -->By.id: dates
18:58:05.639  INFO  manager.ListenerWD - Before Find Element By -->By.xpath: //button[@aria-label='Next month']
18:58:05.675  INFO  manager.ListenerWD - After Find Element By -->By.xpath: //button[@aria-label='Next month']
18:58:05.805  INFO  manager.HelperBase - Click on the button Next month
18:58:05.807  INFO  manager.ListenerWD - Before Find Element By -->By.xpath: //div[text()=' 26 ']
18:58:05.850  INFO  manager.ListenerWD - After Find Element By -->By.xpath: //div[text()=' 26 ']
18:58:05.958  INFO  manager.ListenerWD - Before Find Element By -->By.xpath: //div[text()=' 30 ']
18:58:05.982  INFO  manager.ListenerWD - After Find Element By -->By.xpath: //div[text()=' 30 ']
18:58:06.073  INFO  manager.ListenerWD - Before Find Element By -->By.cssSelector: button[type='submit']
18:58:06.093  INFO  manager.ListenerWD - After Find Element By -->By.cssSelector: button[type='submit']
18:58:06.141  INFO  manager.ListenerWD - Before Find Element By -->By.cssSelector: button[type='submit']
18:58:06.167  INFO  manager.ListenerWD - After Find Element By -->By.cssSelector: button[type='submit']
18:58:06.308  INFO  manager.ListenerWD - Before Find Elements By -->By.cssSelector: .cars-container.ng-star-inserted
18:58:07.261  INFO  manager.ListenerWD - After Find Elements By -->By.cssSelector: .cars-container.ng-star-inserted
18:58:07.261  INFO  manager.ListenerWD - List size is -->1
18:58:07.263  INFO  manager.ListenerWD - Before Find Element By -->By.cssSelector: .header a.logo
18:58:07.288  INFO  manager.ListenerWD - After Find Element By -->By.cssSelector: .header a.logo
