20:32:51.900  INFO  manager.ApplicationManager - Chrome Driver was opened
20:32:54.810  INFO  manager.ApplicationManager - Current URL is -->https://ilcarro-1578153671498.web.app/search
20:32:54.872  INFO  manager.ListenerWD - Before Find Elements By -->By.xpath: //a[text()=' Logout ']
20:32:59.884  INFO  manager.ListenerWD - After Find Elements By -->By.xpath: //a[text()=' Logout ']
20:32:59.884  INFO  manager.ListenerWD - List size is -->0
20:32:59.895  INFO  TestBase - Registration  scenario success was used dataUser{name='Lisa', lastname='Snow', email='lis1979@gmail.com', password='Lis123@12', phone='null'}
20:32:59.896  INFO  manager.ListenerWD - Before Find Element By -->By.xpath: //a[text()=' Sign up ']
20:32:59.950  INFO  manager.ListenerWD - After Find Element By -->By.xpath: //a[text()=' Sign up ']
20:33:00.122  INFO  manager.ListenerWD - Before Find Element By -->By.id: name
20:33:00.177  INFO  manager.ListenerWD - After Find Element By -->By.id: name
20:33:00.415  INFO  manager.ListenerWD - Before Find Element By -->By.id: lastName
20:33:00.477  INFO  manager.ListenerWD - After Find Element By -->By.id: lastName
20:33:00.639  INFO  manager.ListenerWD - Before Find Element By -->By.id: email
20:33:00.666  INFO  manager.ListenerWD - After Find Element By -->By.id: email
20:33:00.852  INFO  manager.ListenerWD - Before Find Element By -->By.id: password
20:33:00.881  INFO  manager.ListenerWD - After Find Element By -->By.id: password
20:33:01.060  INFO  TestBase - Tests start registrationSuccess with data----->User{name='Lisa', lastname='Snow', email='lis1979@gmail.com', password='Lis123@12', phone='null'}
20:33:01.061  INFO  manager.ListenerWD - Before Find Element By -->By.cssSelector: label[for='terms-of-use']
20:33:01.103  INFO  manager.ListenerWD - After Find Element By -->By.cssSelector: label[for='terms-of-use']
20:33:01.289  INFO  TestBase - Type ---> I agree to the terms of use and privacy policy and Button Yalla
20:33:01.296  INFO  manager.ListenerWD - Before Find Element By -->By.cssSelector: button[type='submit']
20:33:01.343  INFO  manager.ListenerWD - After Find Element By -->By.cssSelector: button[type='submit']
20:33:01.413  INFO  manager.ListenerWD - Before Find Element By -->By.cssSelector: button[type='submit']
20:33:01.435  INFO  manager.ListenerWD - After Find Element By -->By.cssSelector: button[type='submit']
20:33:03.489  INFO  manager.ListenerWD - Before Find Element By -->By.cssSelector: div.dialog-container
20:33:03.577  INFO  manager.ListenerWD - After Find Element By -->By.cssSelector: div.dialog-container
20:33:03.651  INFO  manager.ListenerWD - Before Find Element By -->By.cssSelector: div.dialog-container>h1
20:33:03.700  INFO  manager.ListenerWD - After Find Element By -->By.cssSelector: div.dialog-container>h1
20:33:03.736  INFO  TestBase - Assert ------> Registeredd
20:33:03.741  INFO  manager.ListenerWD - Before Find Elements By -->By.xpath: //button[text()='Ok']
20:33:03.786  INFO  manager.ListenerWD - After Find Elements By -->By.xpath: //button[text()='Ok']
20:33:03.787  INFO  manager.ListenerWD - List size is -->1
20:33:03.787  INFO  manager.ListenerWD - Before Find Element By -->By.xpath: //button[text()='Ok']
20:33:03.816  INFO  manager.ListenerWD - After Find Element By -->By.xpath: //button[text()='Ok']
20:33:03.855  INFO  manager.ListenerWD - Before Find Elements By -->By.xpath: //a[text()=' Logout ']
20:33:03.878  INFO  manager.ListenerWD - After Find Elements By -->By.xpath: //a[text()=' Logout ']
20:33:03.878  INFO  manager.ListenerWD - List size is -->1
20:33:03.878  INFO  manager.ListenerWD - Before Find Element By -->By.xpath: //a[text()=' Logout ']
20:33:03.906  INFO  manager.ListenerWD - After Find Element By -->By.xpath: //a[text()=' Logout ']
20:33:04.097  INFO  TestBase - RegistrationTests start preCondition - run with email: evnikel@gmail.com and password: Elena1234$@
20:33:04.100  INFO  TestBase - Registration  scenario success was used dataUser{name='Lisa', lastname='Snow', email='lis1984@gmail.com', password='Lis123@12', phone='null'}
20:33:04.101  INFO  manager.ListenerWD - Before Find Element By -->By.xpath: //a[text()=' Sign up ']
20:33:04.135  INFO  manager.ListenerWD - After Find Element By -->By.xpath: //a[text()=' Sign up ']
20:33:04.252  INFO  manager.ListenerWD - Before Find Element By -->By.id: name
20:33:04.294  INFO  manager.ListenerWD - After Find Element By -->By.id: name
20:33:04.478  INFO  manager.ListenerWD - Before Find Element By -->By.id: lastName
20:33:04.505  INFO  manager.ListenerWD - After Find Element By -->By.id: lastName
20:33:04.674  INFO  manager.ListenerWD - Before Find Element By -->By.id: email
20:33:04.694  INFO  manager.ListenerWD - After Find Element By -->By.id: email
20:33:04.869  INFO  manager.ListenerWD - Before Find Element By -->By.id: password
20:33:04.902  INFO  manager.ListenerWD - After Find Element By -->By.id: password
20:33:05.126  INFO  TestBase - Tests start registrationSuccess with data----->User{name='Lisa', lastname='Snow', email='lis1984@gmail.com', password='Lis123@12', phone='null'}
20:33:05.126  INFO  manager.ListenerWD - Before Find Element By -->By.cssSelector: label[for='terms-of-use']
20:33:05.148  INFO  manager.ListenerWD - After Find Element By -->By.cssSelector: label[for='terms-of-use']
20:33:05.326  INFO  TestBase - Type ---> I agree to the terms of use and privacy policy and Button Yalla
20:33:05.326  INFO  manager.ListenerWD - Before Find Element By -->By.cssSelector: button[type='submit']
20:33:05.381  INFO  manager.ListenerWD - After Find Element By -->By.cssSelector: button[type='submit']
20:33:05.467  INFO  manager.ListenerWD - Before Find Element By -->By.cssSelector: button[type='submit']
20:33:05.518  INFO  manager.ListenerWD - After Find Element By -->By.cssSelector: button[type='submit']
20:33:07.622  INFO  manager.ListenerWD - Before Find Element By -->By.cssSelector: div.dialog-container
20:33:07.643  INFO  manager.ListenerWD - After Find Element By -->By.cssSelector: div.dialog-container
20:33:07.664  INFO  manager.ListenerWD - Before Find Element By -->By.cssSelector: div.dialog-container>h1
20:33:07.683  INFO  manager.ListenerWD - After Find Element By -->By.cssSelector: div.dialog-container>h1
20:33:07.705  INFO  TestBase - Assert ------> Registeredd
20:33:07.706  INFO  manager.ListenerWD - Before Find Elements By -->By.xpath: //button[text()='Ok']
20:33:07.726  INFO  manager.ListenerWD - After Find Elements By -->By.xpath: //button[text()='Ok']
20:33:07.726  INFO  manager.ListenerWD - List size is -->1
20:33:07.726  INFO  manager.ListenerWD - Before Find Element By -->By.xpath: //button[text()='Ok']
20:33:07.758  INFO  manager.ListenerWD - After Find Element By -->By.xpath: //button[text()='Ok']
20:33:07.828  INFO  manager.ListenerWD - Before Find Elements By -->By.xpath: //a[text()=' Logout ']
20:33:07.862  INFO  manager.ListenerWD - After Find Elements By -->By.xpath: //a[text()=' Logout ']
20:33:07.863  INFO  manager.ListenerWD - List size is -->1
20:33:07.865  INFO  manager.ListenerWD - Before Find Element By -->By.xpath: //a[text()=' Logout ']
20:33:07.900  INFO  manager.ListenerWD - After Find Element By -->By.xpath: //a[text()=' Logout ']
20:33:08.136  INFO  TestBase - RegistrationTests start preCondition - run with email: evnikel@gmail.com and password: Elena1234$@
20:33:08.139  INFO  TestBase - Registration  scenario success was used dataUser{name='Lisa', lastname='Snow', email='lis1988@gmail.com', password='Lis123@12', phone='null'}
20:33:08.140  INFO  manager.ListenerWD - Before Find Element By -->By.xpath: //a[text()=' Sign up ']
20:33:08.175  INFO  manager.ListenerWD - After Find Element By -->By.xpath: //a[text()=' Sign up ']
20:33:08.318  INFO  manager.ListenerWD - Before Find Element By -->By.id: name
20:33:08.350  INFO  manager.ListenerWD - After Find Element By -->By.id: name
20:33:08.520  INFO  manager.ListenerWD - Before Find Element By -->By.id: lastName
20:33:08.551  INFO  manager.ListenerWD - After Find Element By -->By.id: lastName
20:33:08.817  INFO  manager.ListenerWD - Before Find Element By -->By.id: email
20:33:08.854  INFO  manager.ListenerWD - After Find Element By -->By.id: email
20:33:09.129  INFO  manager.ListenerWD - Before Find Element By -->By.id: password
20:33:09.159  INFO  manager.ListenerWD - After Find Element By -->By.id: password
20:33:09.373  INFO  TestBase - Tests start registrationSuccess with data----->User{name='Lisa', lastname='Snow', email='lis1988@gmail.com', password='Lis123@12', phone='null'}
20:33:09.374  INFO  manager.ListenerWD - Before Find Element By -->By.cssSelector: label[for='terms-of-use']
20:33:09.409  INFO  manager.ListenerWD - After Find Element By -->By.cssSelector: label[for='terms-of-use']
20:33:09.585  INFO  TestBase - Type ---> I agree to the terms of use and privacy policy and Button Yalla
20:33:09.586  INFO  manager.ListenerWD - Before Find Element By -->By.cssSelector: button[type='submit']
20:33:09.604  INFO  manager.ListenerWD - After Find Element By -->By.cssSelector: button[type='submit']
20:33:09.630  INFO  manager.ListenerWD - Before Find Element By -->By.cssSelector: button[type='submit']
20:33:09.649  INFO  manager.ListenerWD - After Find Element By -->By.cssSelector: button[type='submit']
20:33:11.710  INFO  manager.ListenerWD - Before Find Element By -->By.cssSelector: div.dialog-container
20:33:11.755  INFO  manager.ListenerWD - After Find Element By -->By.cssSelector: div.dialog-container
20:33:11.804  INFO  manager.ListenerWD - Before Find Element By -->By.cssSelector: div.dialog-container>h1
20:33:11.850  INFO  manager.ListenerWD - After Find Element By -->By.cssSelector: div.dialog-container>h1
20:33:11.896  INFO  TestBase - Assert ------> Registeredd
20:33:11.900  INFO  manager.ListenerWD - Before Find Elements By -->By.xpath: //button[text()='Ok']
20:33:11.946  INFO  manager.ListenerWD - After Find Elements By -->By.xpath: //button[text()='Ok']
20:33:11.947  INFO  manager.ListenerWD - List size is -->1
20:33:11.948  INFO  manager.ListenerWD - Before Find Element By -->By.xpath: //button[text()='Ok']
20:33:11.992  INFO  manager.ListenerWD - After Find Element By -->By.xpath: //button[text()='Ok']
20:33:12.097  INFO  manager.ListenerWD - Before Find Elements By -->By.xpath: //a[text()=' Logout ']
20:33:12.123  INFO  manager.ListenerWD - After Find Elements By -->By.xpath: //a[text()=' Logout ']
20:33:12.123  INFO  manager.ListenerWD - List size is -->1
20:33:12.124  INFO  manager.ListenerWD - Before Find Element By -->By.xpath: //a[text()=' Logout ']
20:33:12.156  INFO  manager.ListenerWD - After Find Element By -->By.xpath: //a[text()=' Logout ']
20:33:12.391  INFO  TestBase - RegistrationTests start preCondition - run with email: evnikel@gmail.com and password: Elena1234$@
20:33:12.393  INFO  manager.ListenerWD - Before Find Element By -->By.xpath: //a[text()=' Sign up ']
20:33:12.433  INFO  manager.ListenerWD - After Find Element By -->By.xpath: //a[text()=' Sign up ']
20:33:12.544  INFO  manager.ListenerWD - Before Find Element By -->By.id: name
20:33:12.576  INFO  manager.ListenerWD - After Find Element By -->By.id: name
20:33:12.803  INFO  manager.ListenerWD - Before Find Element By -->By.id: lastName
20:33:12.837  INFO  manager.ListenerWD - After Find Element By -->By.id: lastName
20:33:13.031  INFO  manager.ListenerWD - Before Find Element By -->By.id: email
20:33:13.055  INFO  manager.ListenerWD - After Find Element By -->By.id: email
20:33:13.288  INFO  manager.ListenerWD - Before Find Element By -->By.id: password
20:33:13.306  INFO  manager.ListenerWD - After Find Element By -->By.id: password
20:33:13.463  INFO  TestBase - Test registrationWrongPassword start- run withUser{name='Lisa', lastname='Snow', email='lis@gmail.com', password='Yis', phone='null'}
20:33:13.464  INFO  manager.ListenerWD - Before Find Element By -->By.cssSelector: label[for='terms-of-use']
20:33:13.488  INFO  manager.ListenerWD - After Find Element By -->By.cssSelector: label[for='terms-of-use']
20:33:13.696  INFO  manager.ListenerWD - Before Find Element By -->By.cssSelector: div.error div:last-child
20:33:13.781  INFO  manager.ListenerWD - After Find Element By -->By.cssSelector: div.error div:last-child
20:33:13.841  INFO  TestBase - Assert Error ---> Password must contain 1 uppercase letter, 1 lowercase letter and one number
20:33:13.842  INFO  manager.ListenerWD - Before Find Element By -->By.cssSelector: div.error div:first-child
20:33:13.893  INFO  manager.ListenerWD - After Find Element By -->By.cssSelector: div.error div:first-child
20:33:13.925  INFO  TestBase - Assert Error ---> Password must contain minimum 8 symbols
20:33:13.926  INFO  manager.ListenerWD - Before Find Elements By -->By.cssSelector: button[disabled]
20:33:13.964  INFO  manager.ListenerWD - After Find Elements By -->By.cssSelector: button[disabled]
20:33:13.966  INFO  manager.ListenerWD - List size is -->1
20:33:13.966  INFO  manager.ListenerWD - Before Find Element By -->By.cssSelector: [type='submit']
20:33:14.009  INFO  manager.ListenerWD - After Find Element By -->By.cssSelector: [type='submit']
20:33:14.028  INFO  TestBase - Assert  ---> isYallaButtonNotActive
20:33:14.030  INFO  manager.ListenerWD - Before Find Elements By -->By.xpath: //button[text()='Ok']
20:33:19.083  INFO  manager.ListenerWD - After Find Elements By -->By.xpath: //button[text()='Ok']
20:33:19.084  INFO  manager.ListenerWD - List size is -->0
20:33:19.104  INFO  TestBase - Start checking authorization
20:33:19.104  INFO  manager.ListenerWD - Before Find Elements By -->By.xpath: //a[text()=' Logout ']
20:33:24.153  INFO  manager.ListenerWD - After Find Elements By -->By.xpath: //a[text()=' Logout ']
20:33:24.153  INFO  manager.ListenerWD - List size is -->0
20:33:24.153  INFO  TestBase - Test was not needed in logout 
20:33:24.154  INFO  TestBase - Test LoginTests start with name ----->email: evnikel@gmail.compasswordElena1234$@
20:33:24.154  INFO  manager.ListenerWD - Before Find Element By -->By.cssSelector: a[href ^='/login']
20:33:24.176  INFO  manager.ListenerWD - After Find Element By -->By.cssSelector: a[href ^='/login']
20:33:24.267  INFO  manager.ListenerWD - Before Find Element By -->By.id: email
20:33:24.313  INFO  manager.ListenerWD - After Find Element By -->By.id: email
20:33:24.545  INFO  manager.ListenerWD - Before Find Element By -->By.id: password
20:33:24.598  INFO  manager.ListenerWD - After Find Element By -->By.id: password
20:33:24.771  INFO  TestBase - User login data: email: evnikel@gmail.com & password Elena1234$@
20:33:24.771  INFO  manager.ListenerWD - Before Find Element By -->By.cssSelector: button[type='submit']
20:33:24.788  INFO  manager.ListenerWD - After Find Element By -->By.cssSelector: button[type='submit']
20:33:24.839  INFO  manager.ListenerWD - Before Find Element By -->By.cssSelector: button[type='submit']
20:33:24.869  INFO  manager.ListenerWD - After Find Element By -->By.cssSelector: button[type='submit']
20:33:24.944  INFO  TestBase - Assert ---> Logged in success 
20:33:24.945  INFO  manager.ListenerWD - Before Find Element By -->By.cssSelector: div.dialog-container
20:33:25.480  INFO  manager.ListenerWD - After Find Element By -->By.cssSelector: div.dialog-container
20:33:25.517  INFO  manager.ListenerWD - Before Find Element By -->By.cssSelector: h2.message
20:33:25.553  INFO  manager.ListenerWD - After Find Element By -->By.cssSelector: h2.message
20:33:26.086  INFO  manager.ListenerWD - Before Find Elements By -->By.xpath: //button[text()='Ok']
20:33:26.130  INFO  manager.ListenerWD - After Find Elements By -->By.xpath: //button[text()='Ok']
20:33:26.130  INFO  manager.ListenerWD - List size is -->1
20:33:26.131  INFO  manager.ListenerWD - Before Find Element By -->By.xpath: //button[text()='Ok']
20:33:26.170  INFO  manager.ListenerWD - After Find Element By -->By.xpath: //button[text()='Ok']
20:33:26.293  INFO  TestBase - Start checking authorization
20:33:26.294  INFO  manager.ListenerWD - Before Find Elements By -->By.xpath: //a[text()=' Logout ']
20:33:26.353  INFO  manager.ListenerWD - After Find Elements By -->By.xpath: //a[text()=' Logout ']
20:33:26.354  INFO  manager.ListenerWD - List size is -->1
20:33:26.355  INFO  manager.ListenerWD - Before Find Element By -->By.xpath: //a[text()=' Logout ']
20:33:26.451  INFO  manager.ListenerWD - After Find Element By -->By.xpath: //a[text()=' Logout ']
20:33:26.603  INFO  TestBase - Test was needed in logout 
20:33:26.606  INFO  TestBase - Test LoginTests start with name ----->email: lis2161@gmail.compasswordLis123@12
20:33:26.606  INFO  manager.ListenerWD - Before Find Element By -->By.cssSelector: a[href ^='/login']
20:33:26.643  INFO  manager.ListenerWD - After Find Element By -->By.cssSelector: a[href ^='/login']
20:33:26.801  INFO  manager.ListenerWD - Before Find Element By -->By.id: email
20:33:26.827  INFO  manager.ListenerWD - After Find Element By -->By.id: email
20:33:27.038  INFO  manager.ListenerWD - Before Find Element By -->By.id: password
20:33:27.068  INFO  manager.ListenerWD - After Find Element By -->By.id: password
20:33:27.206  INFO  TestBase - User login data: email: evnikel@gmail.com & password Elena1234$@
20:33:27.209  INFO  manager.ListenerWD - Before Find Element By -->By.cssSelector: button[type='submit']
20:33:27.240  INFO  manager.ListenerWD - After Find Element By -->By.cssSelector: button[type='submit']
20:33:27.303  INFO  manager.ListenerWD - Before Find Element By -->By.cssSelector: button[type='submit']
20:33:27.330  INFO  manager.ListenerWD - After Find Element By -->By.cssSelector: button[type='submit']
20:33:27.421  INFO  TestBase - Assert ---> Logged in success 
20:33:27.421  INFO  manager.ListenerWD - Before Find Element By -->By.cssSelector: div.dialog-container
20:33:27.884  INFO  manager.ListenerWD - After Find Element By -->By.cssSelector: div.dialog-container
20:33:27.934  INFO  manager.ListenerWD - Before Find Element By -->By.cssSelector: h2.message
20:33:27.958  INFO  manager.ListenerWD - After Find Element By -->By.cssSelector: h2.message
20:33:28.499  INFO  manager.ListenerWD - Before Find Elements By -->By.xpath: //button[text()='Ok']
20:33:28.543  INFO  manager.ListenerWD - After Find Elements By -->By.xpath: //button[text()='Ok']
20:33:28.543  INFO  manager.ListenerWD - List size is -->1
20:33:28.544  INFO  manager.ListenerWD - Before Find Element By -->By.xpath: //button[text()='Ok']
20:33:28.586  INFO  manager.ListenerWD - After Find Element By -->By.xpath: //button[text()='Ok']
20:33:28.705  INFO  TestBase - Start checking authorization
20:33:28.706  INFO  manager.ListenerWD - Before Find Elements By -->By.xpath: //a[text()=' Logout ']
20:33:28.755  INFO  manager.ListenerWD - After Find Elements By -->By.xpath: //a[text()=' Logout ']
20:33:28.755  INFO  manager.ListenerWD - List size is -->1
20:33:28.756  INFO  manager.ListenerWD - Before Find Element By -->By.xpath: //a[text()=' Logout ']
20:33:28.881  INFO  manager.ListenerWD - After Find Element By -->By.xpath: //a[text()=' Logout ']
20:33:29.005  INFO  TestBase - Test was needed in logout 
20:33:29.005  INFO  TestBase - Test LoginTests start with name ----->email: lis2165@gmail.compasswordLis123@12
20:33:29.006  INFO  manager.ListenerWD - Before Find Element By -->By.cssSelector: a[href ^='/login']
20:33:29.036  INFO  manager.ListenerWD - After Find Element By -->By.cssSelector: a[href ^='/login']
20:33:29.142  INFO  manager.ListenerWD - Before Find Element By -->By.id: email
20:33:29.170  INFO  manager.ListenerWD - After Find Element By -->By.id: email
20:33:29.396  INFO  manager.ListenerWD - Before Find Element By -->By.id: password
20:33:29.420  INFO  manager.ListenerWD - After Find Element By -->By.id: password
20:33:29.582  INFO  TestBase - User login data: email: evnikel@gmail.com & password Elena1234$@
20:33:29.583  INFO  manager.ListenerWD - Before Find Element By -->By.cssSelector: button[type='submit']
20:33:29.605  INFO  manager.ListenerWD - After Find Element By -->By.cssSelector: button[type='submit']
20:33:29.641  INFO  manager.ListenerWD - Before Find Element By -->By.cssSelector: button[type='submit']
20:33:29.670  INFO  manager.ListenerWD - After Find Element By -->By.cssSelector: button[type='submit']
20:33:29.740  INFO  TestBase - Assert ---> Logged in success 
20:33:29.741  INFO  manager.ListenerWD - Before Find Element By -->By.cssSelector: div.dialog-container
20:33:30.189  INFO  manager.ListenerWD - After Find Element By -->By.cssSelector: div.dialog-container
20:33:30.239  INFO  manager.ListenerWD - Before Find Element By -->By.cssSelector: h2.message
20:33:30.279  INFO  manager.ListenerWD - After Find Element By -->By.cssSelector: h2.message
20:33:30.818  INFO  manager.ListenerWD - Before Find Elements By -->By.xpath: //button[text()='Ok']
20:33:30.832  INFO  manager.ListenerWD - After Find Elements By -->By.xpath: //button[text()='Ok']
20:33:30.832  INFO  manager.ListenerWD - List size is -->1
20:33:30.832  INFO  manager.ListenerWD - Before Find Element By -->By.xpath: //button[text()='Ok']
20:33:30.844  INFO  manager.ListenerWD - After Find Element By -->By.xpath: //button[text()='Ok']
20:33:30.884  INFO  TestBase - Start checking authorization
20:33:30.886  INFO  manager.ListenerWD - Before Find Elements By -->By.xpath: //a[text()=' Logout ']
20:33:30.906  INFO  manager.ListenerWD - After Find Elements By -->By.xpath: //a[text()=' Logout ']
20:33:30.907  INFO  manager.ListenerWD - List size is -->1
20:33:30.907  INFO  manager.ListenerWD - Before Find Element By -->By.xpath: //a[text()=' Logout ']
20:33:30.934  INFO  manager.ListenerWD - After Find Element By -->By.xpath: //a[text()=' Logout ']
20:33:31.120  INFO  TestBase - Test was needed in logout 
20:33:31.123  INFO  manager.ListenerWD - Before Find Element By -->By.xpath: //a[text()='Log in']
20:33:31.160  INFO  manager.ListenerWD - After Find Element By -->By.xpath: //a[text()='Log in']
20:33:31.685  INFO  manager.ListenerWD - Before Find Element By -->By.id: email
20:33:31.711  INFO  manager.ListenerWD - After Find Element By -->By.id: email
20:33:32.007  INFO  manager.ListenerWD - Before Find Element By -->By.id: password
20:33:32.029  INFO  manager.ListenerWD - After Find Element By -->By.id: password
20:33:32.220  INFO  TestBase - Test start loginSuccessModels - run with username and passwordUser{name='null', lastname='null', email='evnikel@gmail.com', password='Elena1234$@', phone='null'}
20:33:32.220  INFO  manager.ListenerWD - Before Find Element By -->By.cssSelector: button[type='submit']
20:33:32.239  INFO  manager.ListenerWD - After Find Element By -->By.cssSelector: button[type='submit']
20:33:32.284  INFO  manager.ListenerWD - Before Find Element By -->By.cssSelector: button[type='submit']
20:33:32.304  INFO  manager.ListenerWD - After Find Element By -->By.cssSelector: button[type='submit']
20:33:32.370  INFO  TestBase - Assert-----> Logged in success
20:33:32.371  INFO  manager.ListenerWD - Before Find Element By -->By.cssSelector: div.dialog-container
20:33:33.000  INFO  manager.ListenerWD - After Find Element By -->By.cssSelector: div.dialog-container
20:33:33.033  INFO  manager.ListenerWD - Before Find Element By -->By.cssSelector: h2.message
20:33:33.081  INFO  manager.ListenerWD - After Find Element By -->By.cssSelector: h2.message
20:33:33.118  INFO  manager.ListenerWD - Before Find Elements By -->By.xpath: //button[text()='Ok']
20:33:33.141  INFO  manager.ListenerWD - After Find Elements By -->By.xpath: //button[text()='Ok']
20:33:33.141  INFO  manager.ListenerWD - List size is -->1
20:33:33.142  INFO  manager.ListenerWD - Before Find Element By -->By.xpath: //button[text()='Ok']
20:33:33.170  INFO  manager.ListenerWD - After Find Element By -->By.xpath: //button[text()='Ok']
20:33:33.268  INFO  TestBase - Start checking authorization
20:33:33.268  INFO  manager.ListenerWD - Before Find Elements By -->By.xpath: //a[text()=' Logout ']
20:33:33.297  INFO  manager.ListenerWD - After Find Elements By -->By.xpath: //a[text()=' Logout ']
20:33:33.298  INFO  manager.ListenerWD - List size is -->1
20:33:33.298  INFO  manager.ListenerWD - Before Find Element By -->By.xpath: //a[text()=' Logout ']
20:33:33.327  INFO  manager.ListenerWD - After Find Element By -->By.xpath: //a[text()=' Logout ']
20:33:33.576  INFO  TestBase - Test was needed in logout 
20:33:33.578  INFO  TestBase - Login scenario success was used dataUser{name='null', lastname='null', email='evnikel@gmail.com', password='Elena1234$@', phone='null'}
20:33:33.579  INFO  manager.ListenerWD - Before Find Element By -->By.xpath: //a[text()='Log in']
20:33:33.598  INFO  manager.ListenerWD - After Find Element By -->By.xpath: //a[text()='Log in']
20:33:33.870  INFO  manager.ListenerWD - Before Find Element By -->By.id: email
20:33:33.910  INFO  manager.ListenerWD - After Find Element By -->By.id: email
20:33:34.116  INFO  manager.ListenerWD - Before Find Element By -->By.id: password
20:33:34.132  INFO  manager.ListenerWD - After Find Element By -->By.id: password
20:33:34.356  INFO  TestBase - Test start loginSuccessModels - run with username and passwordUser{name='null', lastname='null', email='evnikel@gmail.com', password='Elena1234$@', phone='null'}
20:33:34.357  INFO  manager.ListenerWD - Before Find Element By -->By.cssSelector: button[type='submit']
20:33:34.421  INFO  manager.ListenerWD - After Find Element By -->By.cssSelector: button[type='submit']
20:33:34.483  INFO  manager.ListenerWD - Before Find Element By -->By.cssSelector: button[type='submit']
20:33:34.529  INFO  manager.ListenerWD - After Find Element By -->By.cssSelector: button[type='submit']
20:33:34.592  INFO  TestBase - Assert-----> Logged in success
20:33:34.593  INFO  manager.ListenerWD - Before Find Element By -->By.cssSelector: div.dialog-container
20:33:35.120  INFO  manager.ListenerWD - After Find Element By -->By.cssSelector: div.dialog-container
20:33:35.188  INFO  manager.ListenerWD - Before Find Element By -->By.cssSelector: h2.message
20:33:35.228  INFO  manager.ListenerWD - After Find Element By -->By.cssSelector: h2.message
20:33:35.266  INFO  manager.ListenerWD - Before Find Elements By -->By.xpath: //button[text()='Ok']
20:33:35.297  INFO  manager.ListenerWD - After Find Elements By -->By.xpath: //button[text()='Ok']
20:33:35.297  INFO  manager.ListenerWD - List size is -->1
20:33:35.297  INFO  manager.ListenerWD - Before Find Element By -->By.xpath: //button[text()='Ok']
20:33:35.326  INFO  manager.ListenerWD - After Find Element By -->By.xpath: //button[text()='Ok']
20:33:35.429  INFO  TestBase - Start checking authorization
20:33:35.430  INFO  manager.ListenerWD - Before Find Elements By -->By.xpath: //a[text()=' Logout ']
20:33:35.461  INFO  manager.ListenerWD - After Find Elements By -->By.xpath: //a[text()=' Logout ']
20:33:35.461  INFO  manager.ListenerWD - List size is -->1
20:33:35.462  INFO  manager.ListenerWD - Before Find Element By -->By.xpath: //a[text()=' Logout ']
20:33:35.495  INFO  manager.ListenerWD - After Find Element By -->By.xpath: //a[text()=' Logout ']
20:33:35.765  INFO  TestBase - Test was needed in logout 
20:33:35.766  INFO  TestBase - Login scenario success was used dataUser{name='null', lastname='null', email='lis2161@gmail.com', password='Lis123@12', phone='null'}
20:33:35.766  INFO  manager.ListenerWD - Before Find Element By -->By.xpath: //a[text()='Log in']
20:33:35.788  INFO  manager.ListenerWD - After Find Element By -->By.xpath: //a[text()='Log in']
20:33:36.060  INFO  manager.ListenerWD - Before Find Element By -->By.id: email
20:33:36.088  INFO  manager.ListenerWD - After Find Element By -->By.id: email
20:33:36.298  INFO  manager.ListenerWD - Before Find Element By -->By.id: password
20:33:36.315  INFO  manager.ListenerWD - After Find Element By -->By.id: password
20:33:36.491  INFO  TestBase - Test start loginSuccessModels - run with username and passwordUser{name='null', lastname='null', email='lis2161@gmail.com', password='Lis123@12', phone='null'}
20:33:36.491  INFO  manager.ListenerWD - Before Find Element By -->By.cssSelector: button[type='submit']
20:33:36.516  INFO  manager.ListenerWD - After Find Element By -->By.cssSelector: button[type='submit']
20:33:36.579  INFO  manager.ListenerWD - Before Find Element By -->By.cssSelector: button[type='submit']
20:33:36.600  INFO  manager.ListenerWD - After Find Element By -->By.cssSelector: button[type='submit']
20:33:36.679  INFO  TestBase - Assert-----> Logged in success
20:33:36.679  INFO  manager.ListenerWD - Before Find Element By -->By.cssSelector: div.dialog-container
20:33:37.118  INFO  manager.ListenerWD - After Find Element By -->By.cssSelector: div.dialog-container
20:33:37.148  INFO  manager.ListenerWD - Before Find Element By -->By.cssSelector: h2.message
20:33:37.174  INFO  manager.ListenerWD - After Find Element By -->By.cssSelector: h2.message
20:33:37.201  INFO  manager.ListenerWD - Before Find Elements By -->By.xpath: //button[text()='Ok']
20:33:37.219  INFO  manager.ListenerWD - After Find Elements By -->By.xpath: //button[text()='Ok']
20:33:37.220  INFO  manager.ListenerWD - List size is -->1
20:33:37.220  INFO  manager.ListenerWD - Before Find Element By -->By.xpath: //button[text()='Ok']
20:33:37.250  INFO  manager.ListenerWD - After Find Element By -->By.xpath: //button[text()='Ok']
20:33:37.312  INFO  TestBase - Start checking authorization
20:33:37.312  INFO  manager.ListenerWD - Before Find Elements By -->By.xpath: //a[text()=' Logout ']
20:33:37.333  INFO  manager.ListenerWD - After Find Elements By -->By.xpath: //a[text()=' Logout ']
20:33:37.333  INFO  manager.ListenerWD - List size is -->1
20:33:37.333  INFO  manager.ListenerWD - Before Find Element By -->By.xpath: //a[text()=' Logout ']
20:33:37.352  INFO  manager.ListenerWD - After Find Element By -->By.xpath: //a[text()=' Logout ']
20:33:37.615  INFO  TestBase - Test was needed in logout 
20:33:37.616  INFO  TestBase - Login scenario success was used dataUser{name='null', lastname='null', email='lis2165@gmail.com', password='Lis123@12', phone='null'}
20:33:37.616  INFO  manager.ListenerWD - Before Find Element By -->By.xpath: //a[text()='Log in']
20:33:37.649  INFO  manager.ListenerWD - After Find Element By -->By.xpath: //a[text()='Log in']
20:33:37.934  INFO  manager.ListenerWD - Before Find Element By -->By.id: email
20:33:37.963  INFO  manager.ListenerWD - After Find Element By -->By.id: email
20:33:38.208  INFO  manager.ListenerWD - Before Find Element By -->By.id: password
20:33:38.253  INFO  manager.ListenerWD - After Find Element By -->By.id: password
20:33:38.506  INFO  TestBase - Test start loginSuccessModels - run with username and passwordUser{name='null', lastname='null', email='lis2165@gmail.com', password='Lis123@12', phone='null'}
20:33:38.506  INFO  manager.ListenerWD - Before Find Element By -->By.cssSelector: button[type='submit']
20:33:38.526  INFO  manager.ListenerWD - After Find Element By -->By.cssSelector: button[type='submit']
20:33:38.568  INFO  manager.ListenerWD - Before Find Element By -->By.cssSelector: button[type='submit']
20:33:38.586  INFO  manager.ListenerWD - After Find Element By -->By.cssSelector: button[type='submit']
20:33:38.651  INFO  TestBase - Assert-----> Logged in success
20:33:38.652  INFO  manager.ListenerWD - Before Find Element By -->By.cssSelector: div.dialog-container
20:33:39.096  INFO  manager.ListenerWD - After Find Element By -->By.cssSelector: div.dialog-container
20:33:39.140  INFO  manager.ListenerWD - Before Find Element By -->By.cssSelector: h2.message
20:33:39.169  INFO  manager.ListenerWD - After Find Element By -->By.cssSelector: h2.message
20:33:39.215  INFO  manager.ListenerWD - Before Find Elements By -->By.xpath: //button[text()='Ok']
20:33:39.245  INFO  manager.ListenerWD - After Find Elements By -->By.xpath: //button[text()='Ok']
20:33:39.246  INFO  manager.ListenerWD - List size is -->1
20:33:39.246  INFO  manager.ListenerWD - Before Find Element By -->By.xpath: //button[text()='Ok']
20:33:39.273  INFO  manager.ListenerWD - After Find Element By -->By.xpath: //button[text()='Ok']
20:33:39.368  INFO  TestBase - Start checking authorization
20:33:39.368  INFO  manager.ListenerWD - Before Find Elements By -->By.xpath: //a[text()=' Logout ']
20:33:39.400  INFO  manager.ListenerWD - After Find Elements By -->By.xpath: //a[text()=' Logout ']
20:33:39.401  INFO  manager.ListenerWD - List size is -->1
20:33:39.401  INFO  manager.ListenerWD - Before Find Element By -->By.xpath: //a[text()=' Logout ']
20:33:39.431  INFO  manager.ListenerWD - After Find Element By -->By.xpath: //a[text()=' Logout ']
20:33:39.725  INFO  TestBase - Test was needed in logout 
20:33:39.728  INFO  manager.ListenerWD - Before Find Element By -->By.cssSelector: a[href ^='/login']
20:33:39.754  INFO  manager.ListenerWD - After Find Element By -->By.cssSelector: a[href ^='/login']
20:33:39.832  INFO  manager.ListenerWD - Before Find Element By -->By.id: email
20:33:39.851  INFO  manager.ListenerWD - After Find Element By -->By.id: email
20:33:40.026  INFO  manager.ListenerWD - Before Find Element By -->By.id: password
20:33:40.047  INFO  manager.ListenerWD - After Find Element By -->By.id: password
20:33:40.184  INFO  manager.ListenerWD - Before Find Element By -->By.cssSelector: button[type='submit']
20:33:40.200  INFO  manager.ListenerWD - After Find Element By -->By.cssSelector: button[type='submit']
20:33:40.253  INFO  TestBase - Test start negativeWrongEmail - run with username and passwordUser{name='null', lastname='null', email='evnikelgmail.com', password='Elena1234$@', phone='null'}
20:33:40.253  INFO  manager.ListenerWD - Before Find Element By -->By.cssSelector: div.error>div
20:33:40.279  INFO  manager.ListenerWD - After Find Element By -->By.cssSelector: div.error>div
20:33:40.298  INFO  TestBase - Assert error Message-----> It'snot look like email
20:33:40.298  INFO  manager.ListenerWD - Before Find Elements By -->By.cssSelector: button[disabled]
20:33:40.339  INFO  manager.ListenerWD - After Find Elements By -->By.cssSelector: button[disabled]
20:33:40.340  INFO  manager.ListenerWD - List size is -->1
20:33:40.340  INFO  manager.ListenerWD - Before Find Element By -->By.cssSelector: [type='submit']
20:33:40.365  INFO  manager.ListenerWD - After Find Element By -->By.cssSelector: [type='submit']
20:33:40.382  INFO  TestBase - Assert ------> isYallaButtonNotActive
20:33:40.383  INFO  manager.ListenerWD - Before Find Elements By -->By.xpath: //button[text()='Ok']
20:33:45.390  INFO  manager.ListenerWD - After Find Elements By -->By.xpath: //button[text()='Ok']
20:33:45.391  INFO  manager.ListenerWD - List size is -->0
20:33:45.393  INFO  TestBase - Start checking authorization
20:33:45.394  INFO  manager.ListenerWD - Before Find Elements By -->By.xpath: //a[text()=' Logout ']
20:33:50.455  INFO  manager.ListenerWD - After Find Elements By -->By.xpath: //a[text()=' Logout ']
20:33:50.456  INFO  manager.ListenerWD - List size is -->0
20:33:50.456  INFO  TestBase - Test was not needed in logout 
20:33:50.458  INFO  manager.ListenerWD - Before Find Element By -->By.cssSelector: a[href ^='/login']
20:33:50.503  INFO  manager.ListenerWD - After Find Element By -->By.cssSelector: a[href ^='/login']
20:33:50.699  INFO  manager.ListenerWD - Before Find Element By -->By.id: email
20:33:50.743  INFO  manager.ListenerWD - After Find Element By -->By.id: email
20:33:50.994  INFO  manager.ListenerWD - Before Find Element By -->By.id: password
20:33:51.024  INFO  manager.ListenerWD - After Find Element By -->By.id: password
20:33:51.244  INFO  TestBase - Test start negativeWrongPassword - run with username and passwordUser{name='null', lastname='null', email='evnikel@gmail.com', password='Ylena1234$@', phone='null'}
20:33:51.245  INFO  manager.ListenerWD - Before Find Element By -->By.cssSelector: button[type='submit']
20:33:51.265  INFO  manager.ListenerWD - After Find Element By -->By.cssSelector: button[type='submit']
20:33:51.337  INFO  TestBase - Assert error Message-----> Wrong email or password
20:33:51.337  INFO  TestBase - Assert ------> Authorization error
20:33:51.338  INFO  manager.ListenerWD - Before Find Element By -->By.cssSelector: div.dialog-container
20:33:51.796  INFO  manager.ListenerWD - After Find Element By -->By.cssSelector: div.dialog-container
20:33:51.833  INFO  manager.ListenerWD - Before Find Element By -->By.cssSelector: h2.message
20:33:51.860  INFO  manager.ListenerWD - After Find Element By -->By.cssSelector: h2.message
20:33:51.888  INFO  manager.ListenerWD - Before Find Element By -->By.cssSelector: div.dialog-container
20:33:51.913  INFO  manager.ListenerWD - After Find Element By -->By.cssSelector: div.dialog-container
20:33:51.934  INFO  manager.ListenerWD - Before Find Element By -->By.cssSelector: div.dialog-container>h1
20:33:52.000  INFO  manager.ListenerWD - After Find Element By -->By.cssSelector: div.dialog-container>h1
20:33:52.032  INFO  manager.ListenerWD - Before Find Elements By -->By.xpath: //button[text()='Ok']
20:33:52.060  INFO  manager.ListenerWD - After Find Elements By -->By.xpath: //button[text()='Ok']
20:33:52.061  INFO  manager.ListenerWD - List size is -->1
20:33:52.061  INFO  manager.ListenerWD - Before Find Element By -->By.xpath: //button[text()='Ok']
20:33:52.083  INFO  manager.ListenerWD - After Find Element By -->By.xpath: //button[text()='Ok']
