23:51:05.343  INFO  manager.ApplicationManager - Chrome Driver was opened
23:51:07.939  INFO  manager.ApplicationManager - Current URL is -->https://ilcarro-1578153671498.web.app/search
23:51:08.006  INFO  manager.ListenerWD - Before Find Element By -->By.id: city
23:51:08.048  INFO  manager.ListenerWD - After Find Element By -->By.id: city
23:51:08.258  INFO  manager.ListenerWD - Before Find Element By -->By.cssSelector: div.pac-item
23:51:08.618  INFO  manager.ListenerWD - After Find Element By -->By.cssSelector: div.pac-item
23:51:08.674  INFO  manager.ListenerWD - Before Find Element By -->By.id: dates
23:51:08.705  INFO  manager.ListenerWD - After Find Element By -->By.id: dates
23:51:08.844  INFO  manager.ListenerWD - Before Find Element By -->By.id: dates
23:51:08.907  INFO  manager.ListenerWD - After Find Element By -->By.id: dates
23:51:09.334  INFO  manager.ListenerWD - Before Find Element By -->By.cssSelector: .cdk-overlay-container
23:51:09.387  INFO  manager.ListenerWD - After Find Element By -->By.cssSelector: .cdk-overlay-container
23:51:09.492  INFO  manager.ListenerWD - Before Find Element By -->By.cssSelector: button[type='submit']
23:51:09.533  INFO  manager.ListenerWD - After Find Element By -->By.cssSelector: button[type='submit']
23:51:09.589  INFO  manager.ListenerWD - Before Find Elements By -->By.cssSelector: button[disabled]
23:51:09.623  INFO  manager.ListenerWD - After Find Elements By -->By.cssSelector: button[disabled]
23:51:09.624  INFO  manager.ListenerWD - List size is -->1
23:51:09.624  INFO  manager.ListenerWD - Before Find Element By -->By.cssSelector: [type='submit']
23:51:09.654  INFO  manager.ListenerWD - After Find Element By -->By.cssSelector: [type='submit']
23:51:09.672  INFO  manager.HelperBase - Error: You can't pick date before today
23:51:09.673  INFO  manager.ListenerWD - Before Find Element By -->By.cssSelector: div.error div
23:51:09.702  INFO  manager.ListenerWD - After Find Element By -->By.cssSelector: div.error div
